
 *******************************************************************************

         NASA-GLENN CHEMICAL EQUILIBRIUM PROGRAM CEA2, MAY 21, 2004
                   BY  BONNIE MCBRIDE AND SANFORD GORDON
      REFS: NASA RP-1311, PART I, 1994 AND NASA RP-1311, PART II, 1996

 *******************************************************************************



 problem rocket eq
     p(psi) = 0.21755
     o/f = 4.3061, 4.4898, 4.6735, 4.8571, 5.0408, 5.2245
     pip = 102.0408
 reac
     fuel = C2H5OH(L) t(K) = 298.000 wt% = 100.000
     ox = H2O2(L) t(K) = 298.000 wt% = 100.000
 outp trans
 end

 OPTIONS: TP=F  HP=F  SP=F  TV=F  UV=F  SV=F  DETN=F  SHOCK=F  REFL=F  INCD=F
 RKT=T  FROZ=F  EQL=T  IONS=F  SIUNIT=T  DEBUGF=F  SHKDBG=F  DETDBG=F  TRNSPT=T

 TRACE= 0.00E+00  S/R= 0.000000E+00  H/R= 0.000000E+00  U/R= 0.000000E+00

 Pc,BAR =     0.014999

 Pc/P =   102.0408

 SUBSONIC AREA RATIOS =

 SUPERSONIC AREA RATIOS =

 NFZ=  1  Mdot/Ac= 0.000000E+00  Ac/At= 0.000000E+00

    REACTANT          WT.FRAC   (ENERGY/R),K   TEMP,K  DENSITY
        EXPLODED FORMULA
 F: C2H5OH(L)        1.000000  -0.333786E+05   298.00  0.0000
          C  2.00000  H  6.00000  O  1.00000
 O: H2O2(L)          1.000000  -0.225862E+05   298.00  0.0000
          H  2.00000  O  2.00000

  SPECIES BEING CONSIDERED IN THIS SYSTEM
 (CONDENSED PHASE MAY HAVE NAME LISTED SEVERAL TIMES)
  LAST thermo.inp UPDATE:    9/09/04

  g 7/97  *C               tpis79  *CH              g 4/02  CH2            
  g 4/02  CH3              g11/00  CH2OH            g 7/00  CH3O           
  g 8/99  CH4              g 7/00  CH3OH            srd 01  CH3OOH         
  tpis79  *CO              g 9/99  *CO2             tpis91  COOH           
  tpis91  *C2              g 6/01  C2H              g 1/91  C2H2,acetylene 
  g 5/01  C2H2,vinylidene  g 4/02  CH2CO,ketene     g 3/02  O(CH)2O        
  srd 01  HO(CO)2OH        g 7/01  C2H3,vinyl       g 6/96  CH3CO,acetyl   
  g 1/00  C2H4             g 8/88  C2H4O,ethylen-o  g 8/88  CH3CHO,ethanal 
  g 6/00  CH3COOH          srd 01  OHCH2COOH        g 7/00  C2H5           
  g 7/00  C2H6             g 8/88  C2H5OH           g 7/00  CH3OCH3        
  srd 01  CH3O2CH3         g 8/00  C2O              tpis79  *C3            
  n 4/98  C3H3,1-propynl   n 4/98  C3H3,2-propynl   g 2/00  C3H4,allene    
  g 1/00  C3H4,propyne     g 5/90  C3H4,cyclo-      g 3/01  C3H5,allyl     
  g 2/00  C3H6,propylene   g 1/00  C3H6,cyclo-      g 6/01  C3H6O,propylox 
  g 6/97  C3H6O,acetone    g 1/02  C3H6O,propanal   g 7/01  C3H7,n-propyl  
  g 9/85  C3H7,i-propyl    g 2/00  C3H8             g 2/00  C3H8O,1propanol
  g 2/00  C3H8O,2propanol  g 7/88  C3O2             g tpis  *C4            
  g 7/01  C4H2,butadiyne   g 8/00  C4H4,1,3-cyclo-  n10/92  C4H6,butadiene 
  n10/93  C4H6,1butyne     n10/93  C4H6,2butyne     g 8/00  C4H6,cyclo-    
  n 4/88  C4H8,1-butene    n 4/88  C4H8,cis2-buten  n 4/88  C4H8,tr2-butene
  n 4/88  C4H8,isobutene   g 8/00  C4H8,cyclo-      g10/00  (CH3COOH)2     
  n10/84  C4H9,n-butyl     n10/84  C4H9,i-butyl     g 1/93  C4H9,s-butyl   
  g 1/93  C4H9,t-butyl     g12/00  C4H10,n-butane   g 8/00  C4H10,isobutane
  g 8/00  *C5              g 5/90  C5H6,1,3cyclo-   g 1/93  C5H8,cyclo-    
  n 4/87  C5H10,1-pentene  g 2/01  C5H10,cyclo-     n10/84  C5H11,pentyl   
  g 1/93  C5H11,t-pentyl   n10/85  C5H12,n-pentane  n10/85  C5H12,i-pentane
  n10/85  CH3C(CH3)2CH3    g 2/93  C6H2             g11/00  C6H5,phenyl    
  g 8/00  C6H5O,phenoxy    g 8/00  C6H6             g 8/00  C6H5OH,phenol  
  g 1/93  C6H10,cyclo-     n 4/87  C6H12,1-hexene   g 6/90  C6H12,cyclo-   
  n10/83  C6H13,n-hexyl    g 6/01  C6H14,n-hexane   g 7/01  C7H7,benzyl    
  g 1/93  C7H8             g12/00  C7H8O,cresol-mx  n 4/87  C7H14,1-heptene
  n10/83  C7H15,n-heptyl   n10/85  C7H16,n-heptane  n10/85  C7H16,2-methylh
  n 4/89  C8H8,styrene     n10/86  C8H10,ethylbenz  n 4/87  C8H16,1-octene 
  n10/83  C8H17,n-octyl    n 4/85  C8H18,n-octane   n 4/85  C8H18,isooctane
  n10/83  C9H19,n-nonyl    g 3/01  C10H8,naphthale  n10/83  C10H21,n-decyl 
  g 8/00  C12H9,o-bipheny  g 8/00  C12H10,biphenyl  g 6/97  *H             
  g 1/01  HCO              g 6/01  HCCO             g 4/02  HO2            
  tpis78  *H2              g 5/01  HCHO,formaldehy  g 6/01  HCOOH          
  g 8/89  H2O              g 6/99  H2O2             g 6/01  (HCOOH)2       
  g 5/97  *O               g 4/02  *OH              tpis89  *O2            
  g 8/01  O3               n 4/83  C(gr)            n 4/83  C(gr)          
  n 4/83  C(gr)            g11/99  H2O(cr)          g 8/01  H2O(L)         
  g 8/01  H2O(L)         

 SPECIES WITH TRANSPORT PROPERTIES

        PURE SPECIES

  C                 CH4               CH3OH             CO              
  CO2               C2H2,acetylene  
  C2H4              C2H6              C2H5OH            H               
  H2                H2O             
  O                 OH                O2              

     BINARY INTERACTIONS

     C               O               
     CH4             O2              
     CO              CO2             
     CO              O2              
     CO2             H2              
     CO2             H2O             
     CO2             O2              
     H               H2              
     H               O               
     H2              H2O             
     H2              O2              
     H2O             O2              
     O               O2              


 O/F =   4.306100

                       EFFECTIVE FUEL     EFFECTIVE OXIDANT        MIXTURE
 ENTHALPY                  h(2)/R              h(1)/R               h0/R
 (KG-MOL)(K)/KG       -0.72454409E+03     -0.66401406E+03     -0.67542169E+03

 KG-FORM.WT./KG             bi(2)               bi(1)               b0i
  *C                   0.43413669E-01      0.00000000E+00      0.81818414E-02
  *H                   0.13024101E+00      0.58798142E-01      0.72262432E-01
  *O                   0.21706834E-01      0.58798142E-01      0.51807828E-01

 POINT ITN      T            C           H           O 
   1   28    2310.035     -22.689     -13.492     -18.344
 Pinf/Pt = 1.706311
   2    3    2233.392     -23.151     -13.753     -18.602
 Pinf/Pt = 1.705894
   2    2    2233.427     -23.151     -13.753     -18.602
   3    6    1636.899     -27.303     -16.020     -21.407





              THEORETICAL ROCKET PERFORMANCE ASSUMING EQUILIBRIUM

           COMPOSITION DURING EXPANSION FROM INFINITE AREA COMBUSTOR

 Pin =     0.2 PSIA
 CASE =                

             REACTANT                    WT FRACTION      ENERGY      TEMP
                                          (SEE NOTE)     KJ/KG-MOL      K  
 FUEL        C2H5OH(L)                    1.0000000   -277526.835    298.000
 OXIDANT     H2O2(L)                      1.0000000   -187793.400    298.000

 O/F=    4.30610  %FUEL= 18.846234  R,EQ.RATIO= 1.013262  PHI,EQ.RATIO= 1.028798

                 CHAMBER   THROAT     EXIT
 Pinf/P            1.0000   1.7059   102.04
 P, BAR           0.01500  0.00879  0.00015
 T, K             2310.04  2233.43  1636.90
 RHO, KG/CU M    1.6210-3 9.9443-4 2.4268-5
 H, KJ/KG        -5615.80 -6098.94 -9139.54
 U, KJ/KG        -6541.15 -6983.14 -9745.27
 G, KJ/KG        -40543.8 -39868.6 -33889.6
 S, KJ/(KG)(K)    15.1201  15.1201  15.1201

 M, (1/n)          20.756   21.002   22.469
 (dLV/dLP)t      -1.03211 -1.02788 -1.00251
 (dLV/dLT)p        1.8665   1.7800   1.0973
 Cp, KJ/(KG)(K)   11.8709  11.1183   3.6421
 GAMMAs            1.0934   1.0928   1.1361
 SON VEL,M/SEC     1005.9    983.0    829.6
 MACH NUMBER        0.000    1.000    3.200

 TRANSPORT PROPERTIES (GASES ONLY)
   CONDUCTIVITY IN UNITS OF MILLIWATTS/(CM)(K)

 VISC,MILLIPOISE  0.84742  0.82959  0.66986

  WITH EQUILIBRIUM REACTIONS

 Cp, KJ/(KG)(K)   11.8709  11.1183   3.6421
 CONDUCTIVITY     20.4542  18.4227   3.4181
 PRANDTL NUMBER    0.4918   0.5007   0.7138

  WITH FROZEN REACTIONS

 Cp, KJ/(KG)(K)    2.4195   2.4034   2.2297
 CONDUCTIVITY      2.7914   2.6881   1.8624
 PRANDTL NUMBER    0.7345   0.7417   0.8020

 PERFORMANCE PARAMETERS

 Ae/At                      1.0000   15.173
 CSTAR, M/SEC               1534.5   1534.5
 CF                         0.6406   1.7301
 Ivac, M/SEC                1882.5   2882.9
 Isp, M/SEC                  983.0   2654.7


 MOLE FRACTIONS

 *CO              0.05656  0.05081  0.00889
 *CO2             0.11327  0.12103  0.17495
 *H               0.02017  0.01668  0.00075
 *H2              0.05857  0.05298  0.01283
 H2O              0.66065  0.68000  0.79745
 *O               0.00868  0.00681  0.00010
 *OH              0.04129  0.03500  0.00234
 *O2              0.04081  0.03670  0.00270

  * THERMODYNAMIC PROPERTIES FITTED TO 20000.K

    PRODUCTS WHICH WERE CONSIDERED BUT WHOSE MOLE FRACTIONS
    WERE LESS THAN 5.000000E-06 FOR ALL ASSIGNED CONDITIONS

 *C              *CH             CH2             CH3             CH2OH          
 CH3O            CH4             CH3OH           CH3OOH          COOH           
 *C2             C2H             C2H2,acetylene  C2H2,vinylidene CH2CO,ketene   
 O(CH)2O         HO(CO)2OH       C2H3,vinyl      CH3CO,acetyl    C2H4           
 C2H4O,ethylen-o CH3CHO,ethanal  CH3COOH         OHCH2COOH       C2H5           
 C2H6            C2H5OH          CH3OCH3         CH3O2CH3        C2O            
 *C3             C3H3,1-propynl  C3H3,2-propynl  C3H4,allene     C3H4,propyne   
 C3H4,cyclo-     C3H5,allyl      C3H6,propylene  C3H6,cyclo-     C3H6O,propylox 
 C3H6O,acetone   C3H6O,propanal  C3H7,n-propyl   C3H7,i-propyl   C3H8           
 C3H8O,1propanol C3H8O,2propanol C3O2            *C4             C4H2,butadiyne 
 C4H4,1,3-cyclo- C4H6,butadiene  C4H6,1butyne    C4H6,2butyne    C4H6,cyclo-    
 C4H8,1-butene   C4H8,cis2-buten C4H8,tr2-butene C4H8,isobutene  C4H8,cyclo-    
 (CH3COOH)2      C4H9,n-butyl    C4H9,i-butyl    C4H9,s-butyl    C4H9,t-butyl   
 C4H10,n-butane  C4H10,isobutane *C5             C5H6,1,3cyclo-  C5H8,cyclo-    
 C5H10,1-pentene C5H10,cyclo-    C5H11,pentyl    C5H11,t-pentyl  C5H12,n-pentane
 C5H12,i-pentane CH3C(CH3)2CH3   C6H2            C6H5,phenyl     C6H5O,phenoxy  
 C6H6            C6H5OH,phenol   C6H10,cyclo-    C6H12,1-hexene  C6H12,cyclo-   
 C6H13,n-hexyl   C6H14,n-hexane  C7H7,benzyl     C7H8            C7H8O,cresol-mx
 C7H14,1-heptene C7H15,n-heptyl  C7H16,n-heptane C7H16,2-methylh C8H8,styrene   
 C8H10,ethylbenz C8H16,1-octene  C8H17,n-octyl   C8H18,n-octane  C8H18,isooctane
 C9H19,n-nonyl   C10H8,naphthale C10H21,n-decyl  C12H9,o-bipheny C12H10,biphenyl
 HCO             HCCO            HO2             HCHO,formaldehy HCOOH          
 H2O2            (HCOOH)2        O3              C(gr)           H2O(cr)        
 H2O(L)         

 NOTE. WEIGHT FRACTION OF FUEL IN TOTAL FUELS AND OF OXIDANT IN TOTAL OXIDANTS






 O/F =   4.489800

                       EFFECTIVE FUEL     EFFECTIVE OXIDANT        MIXTURE
 ENTHALPY                  h(2)/R              h(1)/R               h0/R
 (KG-MOL)(K)/KG       -0.72454409E+03     -0.66401406E+03     -0.67503997E+03

 KG-FORM.WT./KG             bi(2)               bi(1)               b0i
  *C                   0.43413669E-01      0.00000000E+00      0.79080602E-02
  *H                   0.13024101E+00      0.58798142E-01      0.71811889E-01
  *O                   0.21706834E-01      0.58798142E-01      0.52041738E-01

 POINT ITN      T            C           H           O 
   1    3    2306.180     -22.843     -13.527     -18.279
 Pinf/Pt = 1.706349
   2    3    2229.445     -23.324     -13.794     -18.530
 Pinf/Pt = 1.705961
   2    1    2229.478     -23.324     -13.794     -18.530
   3    5    1633.261     -28.540     -16.327     -20.818





              THEORETICAL ROCKET PERFORMANCE ASSUMING EQUILIBRIUM

           COMPOSITION DURING EXPANSION FROM INFINITE AREA COMBUSTOR

 Pin =     0.2 PSIA
 CASE =                

             REACTANT                    WT FRACTION      ENERGY      TEMP
                                          (SEE NOTE)     KJ/KG-MOL      K  
 FUEL        C2H5OH(L)                    1.0000000   -277526.835    298.000
 OXIDANT     H2O2(L)                      1.0000000   -187793.400    298.000

 O/F=    4.48980  %FUEL= 18.215600  R,EQ.RATIO= 0.993857  PHI,EQ.RATIO= 0.986705

                 CHAMBER   THROAT     EXIT
 Pinf/P            1.0000   1.7060   102.04
 P, BAR           0.01500  0.00879  0.00015
 T, K             2306.18  2229.48  1633.26
 RHO, KG/CU M    1.6324-3 1.0014-3 2.4443-5
 H, KJ/KG        -5612.63 -6092.41 -9110.50
 U, KJ/KG        -6531.49 -6970.38 -9711.89
 G, KJ/KG        -40331.4 -39656.4 -33698.7
 S, KJ/(KG)(K)    15.0547  15.0547  15.0547

 M, (1/n)          20.868   21.113   22.581
 (dLV/dLP)t      -1.03155 -1.02736 -1.00276
 (dLV/dLT)p        1.8538   1.7675   1.1075
 Cp, KJ/(KG)(K)   11.6973  10.9470   3.7722
 GAMMAs            1.0935   1.0929   1.1324
 SON VEL,M/SEC     1002.4    979.6    825.3
 MACH NUMBER        0.000    1.000    3.205

 TRANSPORT PROPERTIES (GASES ONLY)
   CONDUCTIVITY IN UNITS OF MILLIWATTS/(CM)(K)

 VISC,MILLIPOISE  0.84735  0.82941  0.66907

  WITH EQUILIBRIUM REACTIONS

 Cp, KJ/(KG)(K)   11.6973  10.9470   3.7722
 CONDUCTIVITY     20.3638  18.3667   4.0050
 PRANDTL NUMBER    0.4867   0.4943   0.6302

  WITH FROZEN REACTIONS

 Cp, KJ/(KG)(K)    2.4101   2.3939   2.2199
 CONDUCTIVITY      2.7716   2.6687   1.8441
 PRANDTL NUMBER    0.7368   0.7440   0.8054

 PERFORMANCE PARAMETERS

 Ae/At                      1.0000   15.174
 CSTAR, M/SEC               1529.0   1529.0
 CF                         0.6406   1.7298
 Ivac, M/SEC                1875.9   2872.3
 Isp, M/SEC                  979.6   2644.9


 MOLE FRACTIONS

 *CO              0.05189  0.04612  0.00470
 *CO2             0.11314  0.12085  0.17387
 *H               0.01903  0.01563  0.00053
 *H2              0.05422  0.04856  0.00690
 H2O              0.66449  0.68384  0.80208
 *O               0.00902  0.00712  0.00016
 *OH              0.04210  0.03578  0.00307
 *O2              0.04611  0.04212  0.00869

  * THERMODYNAMIC PROPERTIES FITTED TO 20000.K

    PRODUCTS WHICH WERE CONSIDERED BUT WHOSE MOLE FRACTIONS
    WERE LESS THAN 5.000000E-06 FOR ALL ASSIGNED CONDITIONS

 *C              *CH             CH2             CH3             CH2OH          
 CH3O            CH4             CH3OH           CH3OOH          COOH           
 *C2             C2H             C2H2,acetylene  C2H2,vinylidene CH2CO,ketene   
 O(CH)2O         HO(CO)2OH       C2H3,vinyl      CH3CO,acetyl    C2H4           
 C2H4O,ethylen-o CH3CHO,ethanal  CH3COOH         OHCH2COOH       C2H5           
 C2H6            C2H5OH          CH3OCH3         CH3O2CH3        C2O            
 *C3             C3H3,1-propynl  C3H3,2-propynl  C3H4,allene     C3H4,propyne   
 C3H4,cyclo-     C3H5,allyl      C3H6,propylene  C3H6,cyclo-     C3H6O,propylox 
 C3H6O,acetone   C3H6O,propanal  C3H7,n-propyl   C3H7,i-propyl   C3H8           
 C3H8O,1propanol C3H8O,2propanol C3O2            *C4             C4H2,butadiyne 
 C4H4,1,3-cyclo- C4H6,butadiene  C4H6,1butyne    C4H6,2butyne    C4H6,cyclo-    
 C4H8,1-butene   C4H8,cis2-buten C4H8,tr2-butene C4H8,isobutene  C4H8,cyclo-    
 (CH3COOH)2      C4H9,n-butyl    C4H9,i-butyl    C4H9,s-butyl    C4H9,t-butyl   
 C4H10,n-butane  C4H10,isobutane *C5             C5H6,1,3cyclo-  C5H8,cyclo-    
 C5H10,1-pentene C5H10,cyclo-    C5H11,pentyl    C5H11,t-pentyl  C5H12,n-pentane
 C5H12,i-pentane CH3C(CH3)2CH3   C6H2            C6H5,phenyl     C6H5O,phenoxy  
 C6H6            C6H5OH,phenol   C6H10,cyclo-    C6H12,1-hexene  C6H12,cyclo-   
 C6H13,n-hexyl   C6H14,n-hexane  C7H7,benzyl     C7H8            C7H8O,cresol-mx
 C7H14,1-heptene C7H15,n-heptyl  C7H16,n-heptane C7H16,2-methylh C8H8,styrene   
 C8H10,ethylbenz C8H16,1-octene  C8H17,n-octyl   C8H18,n-octane  C8H18,isooctane
 C9H19,n-nonyl   C10H8,naphthale C10H21,n-decyl  C12H9,o-bipheny C12H10,biphenyl
 HCO             HCCO            HO2             HCHO,formaldehy HCOOH          
 H2O2            (HCOOH)2        O3              C(gr)           H2O(cr)        
 H2O(L)         

 NOTE. WEIGHT FRACTION OF FUEL IN TOTAL FUELS AND OF OXIDANT IN TOTAL OXIDANTS






 O/F =   4.673500

                       EFFECTIVE FUEL     EFFECTIVE OXIDANT        MIXTURE
 ENTHALPY                  h(2)/R              h(1)/R               h0/R
 (KG-MOL)(K)/KG       -0.72454409E+03     -0.66401406E+03     -0.67468296E+03

 KG-FORM.WT./KG             bi(2)               bi(1)               b0i
  *C                   0.43413669E-01      0.00000000E+00      0.76520083E-02
  *H                   0.13024101E+00      0.58798142E-01      0.71390522E-01
  *O                   0.21706834E-01      0.58798142E-01      0.52260501E-01

 POINT ITN      T            C           H           O 
   1    3    2301.678     -22.990     -13.561     -18.222
 Pinf/Pt = 1.706464
   2    3    2224.674     -23.490     -13.833     -18.465
 Pinf/Pt = 1.706140
   2    1    2224.701     -23.490     -13.833     -18.465
   3    6    1611.777     -29.575     -16.593     -20.469





              THEORETICAL ROCKET PERFORMANCE ASSUMING EQUILIBRIUM

           COMPOSITION DURING EXPANSION FROM INFINITE AREA COMBUSTOR

 Pin =     0.2 PSIA
 CASE =                

             REACTANT                    WT FRACTION      ENERGY      TEMP
                                          (SEE NOTE)     KJ/KG-MOL      K  
 FUEL        C2H5OH(L)                    1.0000000   -277526.835    298.000
 OXIDANT     H2O2(L)                      1.0000000   -187793.400    298.000

 O/F=    4.67350  %FUEL= 17.625804  R,EQ.RATIO= 0.975867  PHI,EQ.RATIO= 0.947920

                 CHAMBER   THROAT     EXIT
 Pinf/P            1.0000   1.7061   102.04
 P, BAR           0.01500  0.00879  0.00015
 T, K             2301.68  2224.70  1611.78
 RHO, KG/CU M    1.6437-3 1.0084-3 2.4834-5
 H, KJ/KG        -5609.66 -6086.21 -9077.61
 U, KJ/KG        -6522.21 -6958.04 -9669.52
 G, KJ/KG        -40118.5 -39441.0 -33242.8
 S, KJ/(KG)(K)    14.9929  14.9929  14.9929

 M, (1/n)          20.971   21.216   22.641
 (dLV/dLP)t      -1.03079 -1.02659 -1.00190
 (dLV/dLT)p        1.8355   1.7482   1.0754
 Cp, KJ/(KG)(K)   11.4699  10.7081   3.3106
 GAMMAs            1.0937   1.0932   1.1447
 SON VEL,M/SEC      999.0    976.3    823.1
 MACH NUMBER        0.000    1.000    3.200

 TRANSPORT PROPERTIES (GASES ONLY)
   CONDUCTIVITY IN UNITS OF MILLIWATTS/(CM)(K)

 VISC,MILLIPOISE  0.84691  0.82880  0.66155

  WITH EQUILIBRIUM REACTIONS

 Cp, KJ/(KG)(K)   11.4699  10.7081   3.3106
 CONDUCTIVITY     20.1568  18.1690   3.5610
 PRANDTL NUMBER    0.4819   0.4885   0.6150

  WITH FROZEN REACTIONS

 Cp, KJ/(KG)(K)    2.4011   2.3847   2.2038
 CONDUCTIVITY      2.7521   2.6492   1.8042
 PRANDTL NUMBER    0.7389   0.7461   0.8081

 PERFORMANCE PARAMETERS

 Ae/At                      1.0000   15.052
 CSTAR, M/SEC               1523.6   1523.6
 CF                         0.6407   1.7285
 Ivac, M/SEC                1869.3   2858.4
 Isp, M/SEC                  976.3   2633.6


 MOLE FRACTIONS

 *CO              0.04765  0.04190  0.00253
 *CO2             0.11282  0.12044  0.17072
 *H               0.01791  0.01459  0.00032
 *H2              0.05033  0.04461  0.00389
 H2O              0.66796  0.68727  0.80257
 *O               0.00928  0.00734  0.00018
 *OH              0.04266  0.03629  0.00309
 *O2              0.05139  0.04754  0.01671

  * THERMODYNAMIC PROPERTIES FITTED TO 20000.K

    PRODUCTS WHICH WERE CONSIDERED BUT WHOSE MOLE FRACTIONS
    WERE LESS THAN 5.000000E-06 FOR ALL ASSIGNED CONDITIONS

 *C              *CH             CH2             CH3             CH2OH          
 CH3O            CH4             CH3OH           CH3OOH          COOH           
 *C2             C2H             C2H2,acetylene  C2H2,vinylidene CH2CO,ketene   
 O(CH)2O         HO(CO)2OH       C2H3,vinyl      CH3CO,acetyl    C2H4           
 C2H4O,ethylen-o CH3CHO,ethanal  CH3COOH         OHCH2COOH       C2H5           
 C2H6            C2H5OH          CH3OCH3         CH3O2CH3        C2O            
 *C3             C3H3,1-propynl  C3H3,2-propynl  C3H4,allene     C3H4,propyne   
 C3H4,cyclo-     C3H5,allyl      C3H6,propylene  C3H6,cyclo-     C3H6O,propylox 
 C3H6O,acetone   C3H6O,propanal  C3H7,n-propyl   C3H7,i-propyl   C3H8           
 C3H8O,1propanol C3H8O,2propanol C3O2            *C4             C4H2,butadiyne 
 C4H4,1,3-cyclo- C4H6,butadiene  C4H6,1butyne    C4H6,2butyne    C4H6,cyclo-    
 C4H8,1-butene   C4H8,cis2-buten C4H8,tr2-butene C4H8,isobutene  C4H8,cyclo-    
 (CH3COOH)2      C4H9,n-butyl    C4H9,i-butyl    C4H9,s-butyl    C4H9,t-butyl   
 C4H10,n-butane  C4H10,isobutane *C5             C5H6,1,3cyclo-  C5H8,cyclo-    
 C5H10,1-pentene C5H10,cyclo-    C5H11,pentyl    C5H11,t-pentyl  C5H12,n-pentane
 C5H12,i-pentane CH3C(CH3)2CH3   C6H2            C6H5,phenyl     C6H5O,phenoxy  
 C6H6            C6H5OH,phenol   C6H10,cyclo-    C6H12,1-hexene  C6H12,cyclo-   
 C6H13,n-hexyl   C6H14,n-hexane  C7H7,benzyl     C7H8            C7H8O,cresol-mx
 C7H14,1-heptene C7H15,n-heptyl  C7H16,n-heptane C7H16,2-methylh C8H8,styrene   
 C8H10,ethylbenz C8H16,1-octene  C8H17,n-octyl   C8H18,n-octane  C8H18,isooctane
 C9H19,n-nonyl   C10H8,naphthale C10H21,n-decyl  C12H9,o-bipheny C12H10,biphenyl
 HCO             HCCO            HO2             HCHO,formaldehy HCOOH          
 H2O2            (HCOOH)2        O3              C(gr)           H2O(cr)        
 H2O(L)         

 NOTE. WEIGHT FRACTION OF FUEL IN TOTAL FUELS AND OF OXIDANT IN TOTAL OXIDANTS






 O/F =   4.857100

                       EFFECTIVE FUEL     EFFECTIVE OXIDANT        MIXTURE
 ENTHALPY                  h(2)/R              h(1)/R               h0/R
 (KG-MOL)(K)/KG       -0.72454409E+03     -0.66401406E+03     -0.67434853E+03

 KG-FORM.WT./KG             bi(2)               bi(1)               b0i
  *C                   0.43413669E-01      0.00000000E+00      0.74121440E-02
  *H                   0.13024101E+00      0.58798142E-01      0.70995794E-01
  *O                   0.21706834E-01      0.58798142E-01      0.52465434E-01

 POINT ITN      T            C           H           O 
   1    3    2296.668     -23.132     -13.594     -18.169
 Pinf/Pt = 1.706642
   2    3    2219.252     -23.649     -13.870     -18.407
 Pinf/Pt = 1.706410
   2    1    2219.272     -23.649     -13.870     -18.407
   3    6    1583.138     -30.517     -16.841     -20.230





              THEORETICAL ROCKET PERFORMANCE ASSUMING EQUILIBRIUM

           COMPOSITION DURING EXPANSION FROM INFINITE AREA COMBUSTOR

 Pin =     0.2 PSIA
 CASE =                

             REACTANT                    WT FRACTION      ENERGY      TEMP
                                          (SEE NOTE)     KJ/KG-MOL      K  
 FUEL        C2H5OH(L)                    1.0000000   -277526.835    298.000
 OXIDANT     H2O2(L)                      1.0000000   -187793.400    298.000

 O/F=    4.85710  %FUEL= 17.073296  R,EQ.RATIO= 0.959149  PHI,EQ.RATIO= 0.912089

                 CHAMBER   THROAT     EXIT
 Pinf/P            1.0000   1.7064   102.04
 P, BAR           0.01500  0.00879  0.00015
 T, K             2296.67  2219.27  1583.14
 RHO, KG/CU M    1.6548-3 1.0152-3 2.5322-5
 H, KJ/KG        -5606.88 -6080.32 -9042.81
 U, KJ/KG        -6513.28 -6946.14 -9623.32
 G, KJ/KG        -39906.6 -39224.2 -32686.3
 S, KJ/(KG)(K)    14.9346  14.9346  14.9346

 M, (1/n)          21.067   21.312   22.675
 (dLV/dLP)t      -1.02987 -1.02565 -1.00119
 (dLV/dLT)p        1.8131   1.7242   1.0485
 Cp, KJ/(KG)(K)   11.2058  10.4241   2.9169
 GAMMAs            1.0940   1.0936   1.1588
 SON VEL,M/SEC      995.8    973.1    820.2
 MACH NUMBER        0.000    1.000    3.196

 TRANSPORT PROPERTIES (GASES ONLY)
   CONDUCTIVITY IN UNITS OF MILLIWATTS/(CM)(K)

 VISC,MILLIPOISE  0.84616  0.82783  0.65128

  WITH EQUILIBRIUM REACTIONS

 Cp, KJ/(KG)(K)   11.2058  10.4241   2.9169
 CONDUCTIVITY     19.8567  17.8587   2.9468
 PRANDTL NUMBER    0.4775   0.4832   0.6447

  WITH FROZEN REACTIONS

 Cp, KJ/(KG)(K)    2.3924   2.3759   2.1853
 CONDUCTIVITY      2.7328   2.6297   1.7563
 PRANDTL NUMBER    0.7407   0.7479   0.8104

 PERFORMANCE PARAMETERS

 Ae/At                      1.0000   14.883
 CSTAR, M/SEC               1518.3   1518.3
 CF                         0.6409   1.7265
 Ivac, M/SEC                1862.9   2842.9
 Isp, M/SEC                  973.1   2621.4


 MOLE FRACTIONS

 *CO              0.04381  0.03810  0.00137
 *CO2             0.11235  0.11986  0.16670
 *H               0.01683  0.01359  0.00018
 *H2              0.04681  0.04108  0.00225
 H2O              0.67111  0.69035  0.80120
 *O               0.00946  0.00749  0.00016
 *OH              0.04302  0.03658  0.00276
 *O2              0.05661  0.05294  0.02539

  * THERMODYNAMIC PROPERTIES FITTED TO 20000.K

    PRODUCTS WHICH WERE CONSIDERED BUT WHOSE MOLE FRACTIONS
    WERE LESS THAN 5.000000E-06 FOR ALL ASSIGNED CONDITIONS

 *C              *CH             CH2             CH3             CH2OH          
 CH3O            CH4             CH3OH           CH3OOH          COOH           
 *C2             C2H             C2H2,acetylene  C2H2,vinylidene CH2CO,ketene   
 O(CH)2O         HO(CO)2OH       C2H3,vinyl      CH3CO,acetyl    C2H4           
 C2H4O,ethylen-o CH3CHO,ethanal  CH3COOH         OHCH2COOH       C2H5           
 C2H6            C2H5OH          CH3OCH3         CH3O2CH3        C2O            
 *C3             C3H3,1-propynl  C3H3,2-propynl  C3H4,allene     C3H4,propyne   
 C3H4,cyclo-     C3H5,allyl      C3H6,propylene  C3H6,cyclo-     C3H6O,propylox 
 C3H6O,acetone   C3H6O,propanal  C3H7,n-propyl   C3H7,i-propyl   C3H8           
 C3H8O,1propanol C3H8O,2propanol C3O2            *C4             C4H2,butadiyne 
 C4H4,1,3-cyclo- C4H6,butadiene  C4H6,1butyne    C4H6,2butyne    C4H6,cyclo-    
 C4H8,1-butene   C4H8,cis2-buten C4H8,tr2-butene C4H8,isobutene  C4H8,cyclo-    
 (CH3COOH)2      C4H9,n-butyl    C4H9,i-butyl    C4H9,s-butyl    C4H9,t-butyl   
 C4H10,n-butane  C4H10,isobutane *C5             C5H6,1,3cyclo-  C5H8,cyclo-    
 C5H10,1-pentene C5H10,cyclo-    C5H11,pentyl    C5H11,t-pentyl  C5H12,n-pentane
 C5H12,i-pentane CH3C(CH3)2CH3   C6H2            C6H5,phenyl     C6H5O,phenoxy  
 C6H6            C6H5OH,phenol   C6H10,cyclo-    C6H12,1-hexene  C6H12,cyclo-   
 C6H13,n-hexyl   C6H14,n-hexane  C7H7,benzyl     C7H8            C7H8O,cresol-mx
 C7H14,1-heptene C7H15,n-heptyl  C7H16,n-heptane C7H16,2-methylh C8H8,styrene   
 C8H10,ethylbenz C8H16,1-octene  C8H17,n-octyl   C8H18,n-octane  C8H18,isooctane
 C9H19,n-nonyl   C10H8,naphthale C10H21,n-decyl  C12H9,o-bipheny C12H10,biphenyl
 HCO             HCCO            HO2             HCHO,formaldehy HCOOH          
 H2O2            (HCOOH)2        O3              C(gr)           H2O(cr)        
 H2O(L)         

 NOTE. WEIGHT FRACTION OF FUEL IN TOTAL FUELS AND OF OXIDANT IN TOTAL OXIDANTS






 O/F =   5.040800

                       EFFECTIVE FUEL     EFFECTIVE OXIDANT        MIXTURE
 ENTHALPY                  h(2)/R              h(1)/R               h0/R
 (KG-MOL)(K)/KG       -0.72454409E+03     -0.66401406E+03     -0.67403426E+03

 KG-FORM.WT./KG             bi(2)               bi(1)               b0i
  *C                   0.43413669E-01      0.00000000E+00      0.71867416E-02
  *H                   0.13024101E+00      0.58798142E-01      0.70624865E-01
  *O                   0.21706834E-01      0.58798142E-01      0.52658011E-01

 POINT ITN      T            C           H           O 
   1    3    2291.247     -23.268     -13.625     -18.121
 Pinf/Pt = 1.706872
   2    3    2213.303     -23.803     -13.906     -18.354
 Pinf/Pt = 1.706755
   2    1    2213.313     -23.803     -13.906     -18.354
   3    6    1551.677     -31.411     -17.080     -20.049





              THEORETICAL ROCKET PERFORMANCE ASSUMING EQUILIBRIUM

           COMPOSITION DURING EXPANSION FROM INFINITE AREA COMBUSTOR

 Pin =     0.2 PSIA
 CASE =                

             REACTANT                    WT FRACTION      ENERGY      TEMP
                                          (SEE NOTE)     KJ/KG-MOL      K  
 FUEL        C2H5OH(L)                    1.0000000   -277526.835    298.000
 OXIDANT     H2O2(L)                      1.0000000   -187793.400    298.000

 O/F=    5.04080  %FUEL= 16.554099  R,EQ.RATIO= 0.943559  PHI,EQ.RATIO= 0.878850

                 CHAMBER   THROAT     EXIT
 Pinf/P            1.0000   1.7068   102.04
 P, BAR           0.01500  0.00879  0.00015
 T, K             2291.25  2213.31  1551.68
 RHO, KG/CU M    1.6658-3 1.0220-3 2.5858-5
 H, KJ/KG        -5604.26 -6074.72 -9007.03
 U, KJ/KG        -6504.70 -6934.64 -9575.49
 G, KJ/KG        -39696.4 -39007.3 -32094.9
 S, KJ/(KG)(K)    14.8793  14.8793  14.8793

 M, (1/n)          21.157   21.400   22.695
 (dLV/dLP)t      -1.02885 -1.02460 -1.00074
 (dLV/dLT)p        1.7880   1.6970   1.0310
 Cp, KJ/(KG)(K)   10.9178  10.1115   2.6487
 GAMMAs            1.0944   1.0942   1.1714
 SON VEL,M/SEC      992.7    970.0    816.0
 MACH NUMBER        0.000    1.000    3.197

 TRANSPORT PROPERTIES (GASES ONLY)
   CONDUCTIVITY IN UNITS OF MILLIWATTS/(CM)(K)

 VISC,MILLIPOISE  0.84517  0.82657  0.63992

  WITH EQUILIBRIUM REACTIONS

 Cp, KJ/(KG)(K)   10.9178  10.1115   2.6487
 CONDUCTIVITY     19.4835  17.4607   2.4751
 PRANDTL NUMBER    0.4736   0.4787   0.6848

  WITH FROZEN REACTIONS

 Cp, KJ/(KG)(K)    2.3840   2.3674   2.1659
 CONDUCTIVITY      2.7139   2.6104   1.7059
 PRANDTL NUMBER    0.7424   0.7496   0.8125

 PERFORMANCE PARAMETERS

 Ae/At                      1.0000   14.696
 CSTAR, M/SEC               1513.1   1513.1
 CF                         0.6411   1.7241
 Ivac, M/SEC                1856.5   2826.6
 Isp, M/SEC                  970.0   2608.7


 MOLE FRACTIONS

 *CO              0.04031  0.03467  0.00075
 *CO2             0.11174  0.11913  0.16236
 *H               0.01580  0.01263  0.00010
 *H2              0.04362  0.03790  0.00131
 H2O              0.67399  0.69314  0.79891
 *O               0.00957  0.00757  0.00012
 *OH              0.04319  0.03668  0.00231
 *O2              0.06177  0.05828  0.03414

  * THERMODYNAMIC PROPERTIES FITTED TO 20000.K

    PRODUCTS WHICH WERE CONSIDERED BUT WHOSE MOLE FRACTIONS
    WERE LESS THAN 5.000000E-06 FOR ALL ASSIGNED CONDITIONS

 *C              *CH             CH2             CH3             CH2OH          
 CH3O            CH4             CH3OH           CH3OOH          COOH           
 *C2             C2H             C2H2,acetylene  C2H2,vinylidene CH2CO,ketene   
 O(CH)2O         HO(CO)2OH       C2H3,vinyl      CH3CO,acetyl    C2H4           
 C2H4O,ethylen-o CH3CHO,ethanal  CH3COOH         OHCH2COOH       C2H5           
 C2H6            C2H5OH          CH3OCH3         CH3O2CH3        C2O            
 *C3             C3H3,1-propynl  C3H3,2-propynl  C3H4,allene     C3H4,propyne   
 C3H4,cyclo-     C3H5,allyl      C3H6,propylene  C3H6,cyclo-     C3H6O,propylox 
 C3H6O,acetone   C3H6O,propanal  C3H7,n-propyl   C3H7,i-propyl   C3H8           
 C3H8O,1propanol C3H8O,2propanol C3O2            *C4             C4H2,butadiyne 
 C4H4,1,3-cyclo- C4H6,butadiene  C4H6,1butyne    C4H6,2butyne    C4H6,cyclo-    
 C4H8,1-butene   C4H8,cis2-buten C4H8,tr2-butene C4H8,isobutene  C4H8,cyclo-    
 (CH3COOH)2      C4H9,n-butyl    C4H9,i-butyl    C4H9,s-butyl    C4H9,t-butyl   
 C4H10,n-butane  C4H10,isobutane *C5             C5H6,1,3cyclo-  C5H8,cyclo-    
 C5H10,1-pentene C5H10,cyclo-    C5H11,pentyl    C5H11,t-pentyl  C5H12,n-pentane
 C5H12,i-pentane CH3C(CH3)2CH3   C6H2            C6H5,phenyl     C6H5O,phenoxy  
 C6H6            C6H5OH,phenol   C6H10,cyclo-    C6H12,1-hexene  C6H12,cyclo-   
 C6H13,n-hexyl   C6H14,n-hexane  C7H7,benzyl     C7H8            C7H8O,cresol-mx
 C7H14,1-heptene C7H15,n-heptyl  C7H16,n-heptane C7H16,2-methylh C8H8,styrene   
 C8H10,ethylbenz C8H16,1-octene  C8H17,n-octyl   C8H18,n-octane  C8H18,isooctane
 C9H19,n-nonyl   C10H8,naphthale C10H21,n-decyl  C12H9,o-bipheny C12H10,biphenyl
 HCO             HCCO            HO2             HCHO,formaldehy HCOOH          
 H2O2            (HCOOH)2        O3              C(gr)           H2O(cr)        
 H2O(L)         

 NOTE. WEIGHT FRACTION OF FUEL IN TOTAL FUELS AND OF OXIDANT IN TOTAL OXIDANTS






 O/F =   5.224500

                       EFFECTIVE FUEL     EFFECTIVE OXIDANT        MIXTURE
 ENTHALPY                  h(2)/R              h(1)/R               h0/R
 (KG-MOL)(K)/KG       -0.72454409E+03     -0.66401406E+03     -0.67373854E+03

 KG-FORM.WT./KG             bi(2)               bi(1)               b0i
  *C                   0.43413669E-01      0.00000000E+00      0.69746436E-02
  *H                   0.13024101E+00      0.58798142E-01      0.70275830E-01
  *O                   0.21706834E-01      0.58798142E-01      0.52839221E-01

 POINT ITN      T            C           H           O 
   1    3    2285.498     -23.401     -13.656     -18.077
 Pinf/Pt = 1.707147
   2    3    2206.928     -23.953     -13.941     -18.306
   3    6    1519.523     -32.272     -17.312     -19.903





              THEORETICAL ROCKET PERFORMANCE ASSUMING EQUILIBRIUM

           COMPOSITION DURING EXPANSION FROM INFINITE AREA COMBUSTOR

 Pin =     0.2 PSIA
 CASE =                

             REACTANT                    WT FRACTION      ENERGY      TEMP
                                          (SEE NOTE)     KJ/KG-MOL      K  
 FUEL        C2H5OH(L)                    1.0000000   -277526.835    298.000
 OXIDANT     H2O2(L)                      1.0000000   -187793.400    298.000

 O/F=    5.22450  %FUEL= 16.065547  R,EQ.RATIO= 0.928992  PHI,EQ.RATIO= 0.847948

                 CHAMBER   THROAT     EXIT
 Pinf/P            1.0000   1.7071   102.04
 P, BAR           0.01500  0.00879  0.00015
 T, K             2285.50  2206.93  1519.52
 RHO, KG/CU M    1.6766-3 1.0286-3 2.6419-5
 H, KJ/KG        -5601.81 -6069.37 -8970.84
 U, KJ/KG        -6496.44 -6923.54 -9527.24
 G, KJ/KG        -39488.7 -38791.3 -31500.7
 S, KJ/(KG)(K)    14.8269  14.8269  14.8269

 M, (1/n)          21.241   21.482   22.707
 (dLV/dLP)t      -1.02777 -1.02348 -1.00046
 (dLV/dLT)p        1.7611   1.6680   1.0201
 Cp, KJ/(KG)(K)   10.6155   9.7827   2.4705
 GAMMAs            1.0948   1.0948   1.1817
 SON VEL,M/SEC      989.7    967.0    810.9
 MACH NUMBER        0.000    1.000    3.201

 TRANSPORT PROPERTIES (GASES ONLY)
   CONDUCTIVITY IN UNITS OF MILLIWATTS/(CM)(K)

 VISC,MILLIPOISE  0.84396  0.82507  0.62827

  WITH EQUILIBRIUM REACTIONS

 Cp, KJ/(KG)(K)   10.6155   9.7827   2.4705
 CONDUCTIVITY     19.0544  16.9970   2.1511
 PRANDTL NUMBER    0.4702   0.4749   0.7216

  WITH FROZEN REACTIONS

 Cp, KJ/(KG)(K)    2.3760   2.3591   2.1465
 CONDUCTIVITY      2.6952   2.5912   1.6557
 PRANDTL NUMBER    0.7440   0.7512   0.8145

 PERFORMANCE PARAMETERS

 Ae/At                      1.0000   14.505
 CSTAR, M/SEC               1507.9   1507.9
 CF                         0.6413   1.7214
 Ivac, M/SEC                1850.3   2810.1
 Isp, M/SEC                  967.0   2595.8


 MOLE FRACTIONS

 *CO              0.03712  0.03156  0.00041
 *CO2             0.11103  0.11828  0.15796
 *H               0.01481  0.01171  0.00005
 *H2              0.04072  0.03501  0.00078
 H2O              0.67662  0.69567  0.79614
 *O               0.00963  0.00760  0.00009
 *OH              0.04322  0.03662  0.00188
 *O2              0.06685  0.06356  0.04269

  * THERMODYNAMIC PROPERTIES FITTED TO 20000.K

    PRODUCTS WHICH WERE CONSIDERED BUT WHOSE MOLE FRACTIONS
    WERE LESS THAN 5.000000E-06 FOR ALL ASSIGNED CONDITIONS

 *C              *CH             CH2             CH3             CH2OH          
 CH3O            CH4             CH3OH           CH3OOH          COOH           
 *C2             C2H             C2H2,acetylene  C2H2,vinylidene CH2CO,ketene   
 O(CH)2O         HO(CO)2OH       C2H3,vinyl      CH3CO,acetyl    C2H4           
 C2H4O,ethylen-o CH3CHO,ethanal  CH3COOH         OHCH2COOH       C2H5           
 C2H6            C2H5OH          CH3OCH3         CH3O2CH3        C2O            
 *C3             C3H3,1-propynl  C3H3,2-propynl  C3H4,allene     C3H4,propyne   
 C3H4,cyclo-     C3H5,allyl      C3H6,propylene  C3H6,cyclo-     C3H6O,propylox 
 C3H6O,acetone   C3H6O,propanal  C3H7,n-propyl   C3H7,i-propyl   C3H8           
 C3H8O,1propanol C3H8O,2propanol C3O2            *C4             C4H2,butadiyne 
 C4H4,1,3-cyclo- C4H6,butadiene  C4H6,1butyne    C4H6,2butyne    C4H6,cyclo-    
 C4H8,1-butene   C4H8,cis2-buten C4H8,tr2-butene C4H8,isobutene  C4H8,cyclo-    
 (CH3COOH)2      C4H9,n-butyl    C4H9,i-butyl    C4H9,s-butyl    C4H9,t-butyl   
 C4H10,n-butane  C4H10,isobutane *C5             C5H6,1,3cyclo-  C5H8,cyclo-    
 C5H10,1-pentene C5H10,cyclo-    C5H11,pentyl    C5H11,t-pentyl  C5H12,n-pentane
 C5H12,i-pentane CH3C(CH3)2CH3   C6H2            C6H5,phenyl     C6H5O,phenoxy  
 C6H6            C6H5OH,phenol   C6H10,cyclo-    C6H12,1-hexene  C6H12,cyclo-   
 C6H13,n-hexyl   C6H14,n-hexane  C7H7,benzyl     C7H8            C7H8O,cresol-mx
 C7H14,1-heptene C7H15,n-heptyl  C7H16,n-heptane C7H16,2-methylh C8H8,styrene   
 C8H10,ethylbenz C8H16,1-octene  C8H17,n-octyl   C8H18,n-octane  C8H18,isooctane
 C9H19,n-nonyl   C10H8,naphthale C10H21,n-decyl  C12H9,o-bipheny C12H10,biphenyl
 HCO             HCCO            HO2             HCHO,formaldehy HCOOH          
 H2O2            (HCOOH)2        O3              C(gr)           H2O(cr)        
 H2O(L)         

 NOTE. WEIGHT FRACTION OF FUEL IN TOTAL FUELS AND OF OXIDANT IN TOTAL OXIDANTS



