
 *******************************************************************************

         NASA-GLENN CHEMICAL EQUILIBRIUM PROGRAM CEA2, MAY 21, 2004
                   BY  BONNIE MCBRIDE AND SANFORD GORDON
      REFS: NASA RP-1311, PART I, 1994 AND NASA RP-1311, PART II, 1996

 *******************************************************************************



 problem rocket eq
     p(psi) = 0.21755
     o/f = 3.2041, 3.3878, 3.5714, 3.7551, 3.9388, 4.1224
     pip = 102.0408
 reac
     fuel = C2H5OH(L) t(K) = 298.000 wt% = 100.000
     ox = H2O2(L) t(K) = 298.000 wt% = 100.000
 outp trans
 end

 OPTIONS: TP=F  HP=F  SP=F  TV=F  UV=F  SV=F  DETN=F  SHOCK=F  REFL=F  INCD=F
 RKT=T  FROZ=F  EQL=T  IONS=F  SIUNIT=T  DEBUGF=F  SHKDBG=F  DETDBG=F  TRNSPT=T

 TRACE= 0.00E+00  S/R= 0.000000E+00  H/R= 0.000000E+00  U/R= 0.000000E+00

 Pc,BAR =     0.014999

 Pc/P =   102.0408

 SUBSONIC AREA RATIOS =

 SUPERSONIC AREA RATIOS =

 NFZ=  1  Mdot/Ac= 0.000000E+00  Ac/At= 0.000000E+00

    REACTANT          WT.FRAC   (ENERGY/R),K   TEMP,K  DENSITY
        EXPLODED FORMULA
 F: C2H5OH(L)        1.000000  -0.333786E+05   298.00  0.0000
          C  2.00000  H  6.00000  O  1.00000
 O: H2O2(L)          1.000000  -0.225862E+05   298.00  0.0000
          H  2.00000  O  2.00000

  SPECIES BEING CONSIDERED IN THIS SYSTEM
 (CONDENSED PHASE MAY HAVE NAME LISTED SEVERAL TIMES)
  LAST thermo.inp UPDATE:    9/09/04

  g 7/97  *C               tpis79  *CH              g 4/02  CH2            
  g 4/02  CH3              g11/00  CH2OH            g 7/00  CH3O           
  g 8/99  CH4              g 7/00  CH3OH            srd 01  CH3OOH         
  tpis79  *CO              g 9/99  *CO2             tpis91  COOH           
  tpis91  *C2              g 6/01  C2H              g 1/91  C2H2,acetylene 
  g 5/01  C2H2,vinylidene  g 4/02  CH2CO,ketene     g 3/02  O(CH)2O        
  srd 01  HO(CO)2OH        g 7/01  C2H3,vinyl       g 6/96  CH3CO,acetyl   
  g 1/00  C2H4             g 8/88  C2H4O,ethylen-o  g 8/88  CH3CHO,ethanal 
  g 6/00  CH3COOH          srd 01  OHCH2COOH        g 7/00  C2H5           
  g 7/00  C2H6             g 8/88  C2H5OH           g 7/00  CH3OCH3        
  srd 01  CH3O2CH3         g 8/00  C2O              tpis79  *C3            
  n 4/98  C3H3,1-propynl   n 4/98  C3H3,2-propynl   g 2/00  C3H4,allene    
  g 1/00  C3H4,propyne     g 5/90  C3H4,cyclo-      g 3/01  C3H5,allyl     
  g 2/00  C3H6,propylene   g 1/00  C3H6,cyclo-      g 6/01  C3H6O,propylox 
  g 6/97  C3H6O,acetone    g 1/02  C3H6O,propanal   g 7/01  C3H7,n-propyl  
  g 9/85  C3H7,i-propyl    g 2/00  C3H8             g 2/00  C3H8O,1propanol
  g 2/00  C3H8O,2propanol  g 7/88  C3O2             g tpis  *C4            
  g 7/01  C4H2,butadiyne   g 8/00  C4H4,1,3-cyclo-  n10/92  C4H6,butadiene 
  n10/93  C4H6,1butyne     n10/93  C4H6,2butyne     g 8/00  C4H6,cyclo-    
  n 4/88  C4H8,1-butene    n 4/88  C4H8,cis2-buten  n 4/88  C4H8,tr2-butene
  n 4/88  C4H8,isobutene   g 8/00  C4H8,cyclo-      g10/00  (CH3COOH)2     
  n10/84  C4H9,n-butyl     n10/84  C4H9,i-butyl     g 1/93  C4H9,s-butyl   
  g 1/93  C4H9,t-butyl     g12/00  C4H10,n-butane   g 8/00  C4H10,isobutane
  g 8/00  *C5              g 5/90  C5H6,1,3cyclo-   g 1/93  C5H8,cyclo-    
  n 4/87  C5H10,1-pentene  g 2/01  C5H10,cyclo-     n10/84  C5H11,pentyl   
  g 1/93  C5H11,t-pentyl   n10/85  C5H12,n-pentane  n10/85  C5H12,i-pentane
  n10/85  CH3C(CH3)2CH3    g 2/93  C6H2             g11/00  C6H5,phenyl    
  g 8/00  C6H5O,phenoxy    g 8/00  C6H6             g 8/00  C6H5OH,phenol  
  g 1/93  C6H10,cyclo-     n 4/87  C6H12,1-hexene   g 6/90  C6H12,cyclo-   
  n10/83  C6H13,n-hexyl    g 6/01  C6H14,n-hexane   g 7/01  C7H7,benzyl    
  g 1/93  C7H8             g12/00  C7H8O,cresol-mx  n 4/87  C7H14,1-heptene
  n10/83  C7H15,n-heptyl   n10/85  C7H16,n-heptane  n10/85  C7H16,2-methylh
  n 4/89  C8H8,styrene     n10/86  C8H10,ethylbenz  n 4/87  C8H16,1-octene 
  n10/83  C8H17,n-octyl    n 4/85  C8H18,n-octane   n 4/85  C8H18,isooctane
  n10/83  C9H19,n-nonyl    g 3/01  C10H8,naphthale  n10/83  C10H21,n-decyl 
  g 8/00  C12H9,o-bipheny  g 8/00  C12H10,biphenyl  g 6/97  *H             
  g 1/01  HCO              g 6/01  HCCO             g 4/02  HO2            
  tpis78  *H2              g 5/01  HCHO,formaldehy  g 6/01  HCOOH          
  g 8/89  H2O              g 6/99  H2O2             g 6/01  (HCOOH)2       
  g 5/97  *O               g 4/02  *OH              tpis89  *O2            
  g 8/01  O3               n 4/83  C(gr)            n 4/83  C(gr)          
  n 4/83  C(gr)            g11/99  H2O(cr)          g 8/01  H2O(L)         
  g 8/01  H2O(L)         

 SPECIES WITH TRANSPORT PROPERTIES

        PURE SPECIES

  C                 CH4               CH3OH             CO              
  CO2               C2H2,acetylene  
  C2H4              C2H6              C2H5OH            H               
  H2                H2O             
  O                 OH                O2              

     BINARY INTERACTIONS

     C               O               
     CH4             O2              
     CO              CO2             
     CO              O2              
     CO2             H2              
     CO2             H2O             
     CO2             O2              
     H               H2              
     H               O               
     H2              H2O             
     H2              O2              
     H2O             O2              
     O               O2              


 O/F =   3.204100

                       EFFECTIVE FUEL     EFFECTIVE OXIDANT        MIXTURE
 ENTHALPY                  h(2)/R              h(1)/R               h0/R
 (KG-MOL)(K)/KG       -0.72454409E+03     -0.66401406E+03     -0.67841191E+03

 KG-FORM.WT./KG             bi(2)               bi(1)               b0i
  *C                   0.43413669E-01      0.00000000E+00      0.10326507E-01
  *H                   0.13024101E+00      0.58798142E-01      0.75791759E-01
  *O                   0.21706834E-01      0.58798142E-01      0.49975491E-01

 POINT ITN      T            C           H           O 
   1   28    2303.208     -21.515     -13.214     -18.979
 Pinf/Pt = 1.709990
   2    4    2217.590     -21.807     -13.435     -19.359
 Pinf/Pt = 1.711731
   2    2    2217.426     -21.807     -13.435     -19.360
   3    5    1312.062     -20.181     -14.568     -28.050





              THEORETICAL ROCKET PERFORMANCE ASSUMING EQUILIBRIUM

           COMPOSITION DURING EXPANSION FROM INFINITE AREA COMBUSTOR

 Pin =     0.2 PSIA
 CASE =                

             REACTANT                    WT FRACTION      ENERGY      TEMP
                                          (SEE NOTE)     KJ/KG-MOL      K  
 FUEL        C2H5OH(L)                    1.0000000   -277526.835    298.000
 OXIDANT     H2O2(L)                      1.0000000   -187793.400    298.000

 O/F=    3.20410  %FUEL= 23.786304  R,EQ.RATIO= 1.171552  PHI,EQ.RATIO= 1.382637

                 CHAMBER   THROAT     EXIT
 Pinf/P            1.0000   1.7117   102.04
 P, BAR           0.01500  0.00876  0.00015
 T, K             2303.21  2217.43  1312.06
 RHO, KG/CU M    1.5549-3 9.5407-4 2.7942-5
 H, KJ/KG        -5640.66 -6146.70 -9127.82
 U, KJ/KG        -6605.33 -7065.17 -9653.89
 G, KJ/KG        -41597.0 -40763.9 -29611.0
 S, KJ/(KG)(K)    15.6114  15.6114  15.6114

 M, (1/n)          19.851   20.074   20.737
 (dLV/dLP)t      -1.02525 -1.01933 -1.00001
 (dLV/dLT)p        1.6779   1.5391   1.0004
 Cp, KJ/(KG)(K)   10.1927   8.7735   2.2698
 GAMMAs            1.0994   1.1019   1.2148
 SON VEL,M/SEC     1029.8   1006.0    799.4
 MACH NUMBER        0.000    1.000    3.304

 TRANSPORT PROPERTIES (GASES ONLY)
   CONDUCTIVITY IN UNITS OF MILLIWATTS/(CM)(K)

 VISC,MILLIPOISE  0.83325  0.81269  0.54950

  WITH EQUILIBRIUM REACTIONS

 Cp, KJ/(KG)(K)   10.1927   8.7735   2.2698
 CONDUCTIVITY     16.9832  14.0907   1.6951
 PRANDTL NUMBER    0.5001   0.5060   0.7358

  WITH FROZEN REACTIONS

 Cp, KJ/(KG)(K)    2.4838   2.4649   2.1632
 CONDUCTIVITY      2.9021   2.7837   1.6004
 PRANDTL NUMBER    0.7131   0.7196   0.7427

 PERFORMANCE PARAMETERS

 Ae/At                      1.0000   13.007
 CSTAR, M/SEC               1562.7   1562.7
 CF                         0.6438   1.6899
 Ivac, M/SEC                1919.0   2840.1
 Isp, M/SEC                 1006.0   2640.9


 MOLE FRACTIONS

 *CO              0.09758  0.09312  0.05414
 *CO2             0.10741  0.11417  0.16000
 *H               0.02559  0.02081  0.00004
 *H2              0.10107  0.09804  0.12363
 H2O              0.62422  0.64138  0.66219
 *O               0.00439  0.00286  0.00000
 *OH              0.02841  0.02175  0.00000
 *O2              0.01132  0.00787  0.00000

  * THERMODYNAMIC PROPERTIES FITTED TO 20000.K

    PRODUCTS WHICH WERE CONSIDERED BUT WHOSE MOLE FRACTIONS
    WERE LESS THAN 5.000000E-06 FOR ALL ASSIGNED CONDITIONS

 *C              *CH             CH2             CH3             CH2OH          
 CH3O            CH4             CH3OH           CH3OOH          COOH           
 *C2             C2H             C2H2,acetylene  C2H2,vinylidene CH2CO,ketene   
 O(CH)2O         HO(CO)2OH       C2H3,vinyl      CH3CO,acetyl    C2H4           
 C2H4O,ethylen-o CH3CHO,ethanal  CH3COOH         OHCH2COOH       C2H5           
 C2H6            C2H5OH          CH3OCH3         CH3O2CH3        C2O            
 *C3             C3H3,1-propynl  C3H3,2-propynl  C3H4,allene     C3H4,propyne   
 C3H4,cyclo-     C3H5,allyl      C3H6,propylene  C3H6,cyclo-     C3H6O,propylox 
 C3H6O,acetone   C3H6O,propanal  C3H7,n-propyl   C3H7,i-propyl   C3H8           
 C3H8O,1propanol C3H8O,2propanol C3O2            *C4             C4H2,butadiyne 
 C4H4,1,3-cyclo- C4H6,butadiene  C4H6,1butyne    C4H6,2butyne    C4H6,cyclo-    
 C4H8,1-butene   C4H8,cis2-buten C4H8,tr2-butene C4H8,isobutene  C4H8,cyclo-    
 (CH3COOH)2      C4H9,n-butyl    C4H9,i-butyl    C4H9,s-butyl    C4H9,t-butyl   
 C4H10,n-butane  C4H10,isobutane *C5             C5H6,1,3cyclo-  C5H8,cyclo-    
 C5H10,1-pentene C5H10,cyclo-    C5H11,pentyl    C5H11,t-pentyl  C5H12,n-pentane
 C5H12,i-pentane CH3C(CH3)2CH3   C6H2            C6H5,phenyl     C6H5O,phenoxy  
 C6H6            C6H5OH,phenol   C6H10,cyclo-    C6H12,1-hexene  C6H12,cyclo-   
 C6H13,n-hexyl   C6H14,n-hexane  C7H7,benzyl     C7H8            C7H8O,cresol-mx
 C7H14,1-heptene C7H15,n-heptyl  C7H16,n-heptane C7H16,2-methylh C8H8,styrene   
 C8H10,ethylbenz C8H16,1-octene  C8H17,n-octyl   C8H18,n-octane  C8H18,isooctane
 C9H19,n-nonyl   C10H8,naphthale C10H21,n-decyl  C12H9,o-bipheny C12H10,biphenyl
 HCO             HCCO            HO2             HCHO,formaldehy HCOOH          
 H2O2            (HCOOH)2        O3              C(gr)           H2O(cr)        
 H2O(L)         

 NOTE. WEIGHT FRACTION OF FUEL IN TOTAL FUELS AND OF OXIDANT IN TOTAL OXIDANTS






 O/F =   3.387800

                       EFFECTIVE FUEL     EFFECTIVE OXIDANT        MIXTURE
 ENTHALPY                  h(2)/R              h(1)/R               h0/R
 (KG-MOL)(K)/KG       -0.72454409E+03     -0.66401406E+03     -0.67780913E+03

 KG-FORM.WT./KG             bi(2)               bi(1)               b0i
  *C                   0.43413669E-01      0.00000000E+00      0.98941768E-02
  *H                   0.13024101E+00      0.58798142E-01      0.75080303E-01
  *O                   0.21706834E-01      0.58798142E-01      0.50344861E-01

 POINT ITN      T            C           H           O 
   1    3    2310.498     -21.756     -13.271     -18.825
 Pinf/Pt = 1.708498
   2    4    2228.545     -22.089     -13.502     -19.168
 Pinf/Pt = 1.709279
   2    2    2228.475     -22.090     -13.502     -19.169
   3    6    1374.234     -21.211     -14.741     -26.826





              THEORETICAL ROCKET PERFORMANCE ASSUMING EQUILIBRIUM

           COMPOSITION DURING EXPANSION FROM INFINITE AREA COMBUSTOR

 Pin =     0.2 PSIA
 CASE =                

             REACTANT                    WT FRACTION      ENERGY      TEMP
                                          (SEE NOTE)     KJ/KG-MOL      K  
 FUEL        C2H5OH(L)                    1.0000000   -277526.835    298.000
 OXIDANT     H2O2(L)                      1.0000000   -187793.400    298.000

 O/F=    3.38780  %FUEL= 22.790464  R,EQ.RATIO= 1.138716  PHI,EQ.RATIO= 1.307665

                 CHAMBER   THROAT     EXIT
 Pinf/P            1.0000   1.7093   102.04
 P, BAR           0.01500  0.00878  0.00015
 T, K             2310.50  2228.48  1374.23
 RHO, KG/CU M    1.5646-3 9.5999-4 2.7120-5
 H, KJ/KG        -5635.65 -6137.55 -9153.44
 U, KJ/KG        -6594.32 -7051.66 -9695.46
 G, KJ/KG        -41484.3 -40713.5 -30475.4
 S, KJ/(KG)(K)    15.5155  15.5155  15.5155

 M, (1/n)          20.039   20.270   21.081
 (dLV/dLP)t      -1.02816 -1.02266 -1.00003
 (dLV/dLT)p        1.7554   1.6308   1.0010
 Cp, KJ/(KG)(K)   10.9663   9.7396   2.2687
 GAMMAs            1.0970   1.0981   1.2109
 SON VEL,M/SEC     1025.5   1001.9    810.1
 MACH NUMBER        0.000    1.000    3.274

 TRANSPORT PROPERTIES (GASES ONLY)
   CONDUCTIVITY IN UNITS OF MILLIWATTS/(CM)(K)

 VISC,MILLIPOISE  0.83834  0.81898  0.57205

  WITH EQUILIBRIUM REACTIONS

 Cp, KJ/(KG)(K)   10.9663   9.7396   2.2687
 CONDUCTIVITY     18.1696  15.4688   1.7458
 PRANDTL NUMBER    0.5060   0.5156   0.7434

  WITH FROZEN REACTIONS

 Cp, KJ/(KG)(K)    2.4724   2.4546   2.1761
 CONDUCTIVITY      2.8867   2.7737   1.6424
 PRANDTL NUMBER    0.7180   0.7248   0.7579

 PERFORMANCE PARAMETERS

 Ae/At                      1.0000   13.370
 CSTAR, M/SEC               1559.5   1559.5
 CF                         0.6424   1.7008
 Ivac, M/SEC                1914.3   2856.8
 Isp, M/SEC                 1001.9   2652.5


 MOLE FRACTIONS

 *CO              0.08876  0.08388  0.04774
 *CO2             0.10951  0.11667  0.16083
 *H               0.02521  0.02084  0.00009
 *H2              0.09103  0.08710  0.09944
 H2O              0.63272  0.65077  0.69188
 *O               0.00538  0.00374  0.00000
 *OH              0.03181  0.02527  0.00001
 *O2              0.01558  0.01173  0.00000

  * THERMODYNAMIC PROPERTIES FITTED TO 20000.K

    PRODUCTS WHICH WERE CONSIDERED BUT WHOSE MOLE FRACTIONS
    WERE LESS THAN 5.000000E-06 FOR ALL ASSIGNED CONDITIONS

 *C              *CH             CH2             CH3             CH2OH          
 CH3O            CH4             CH3OH           CH3OOH          COOH           
 *C2             C2H             C2H2,acetylene  C2H2,vinylidene CH2CO,ketene   
 O(CH)2O         HO(CO)2OH       C2H3,vinyl      CH3CO,acetyl    C2H4           
 C2H4O,ethylen-o CH3CHO,ethanal  CH3COOH         OHCH2COOH       C2H5           
 C2H6            C2H5OH          CH3OCH3         CH3O2CH3        C2O            
 *C3             C3H3,1-propynl  C3H3,2-propynl  C3H4,allene     C3H4,propyne   
 C3H4,cyclo-     C3H5,allyl      C3H6,propylene  C3H6,cyclo-     C3H6O,propylox 
 C3H6O,acetone   C3H6O,propanal  C3H7,n-propyl   C3H7,i-propyl   C3H8           
 C3H8O,1propanol C3H8O,2propanol C3O2            *C4             C4H2,butadiyne 
 C4H4,1,3-cyclo- C4H6,butadiene  C4H6,1butyne    C4H6,2butyne    C4H6,cyclo-    
 C4H8,1-butene   C4H8,cis2-buten C4H8,tr2-butene C4H8,isobutene  C4H8,cyclo-    
 (CH3COOH)2      C4H9,n-butyl    C4H9,i-butyl    C4H9,s-butyl    C4H9,t-butyl   
 C4H10,n-butane  C4H10,isobutane *C5             C5H6,1,3cyclo-  C5H8,cyclo-    
 C5H10,1-pentene C5H10,cyclo-    C5H11,pentyl    C5H11,t-pentyl  C5H12,n-pentane
 C5H12,i-pentane CH3C(CH3)2CH3   C6H2            C6H5,phenyl     C6H5O,phenoxy  
 C6H6            C6H5OH,phenol   C6H10,cyclo-    C6H12,1-hexene  C6H12,cyclo-   
 C6H13,n-hexyl   C6H14,n-hexane  C7H7,benzyl     C7H8            C7H8O,cresol-mx
 C7H14,1-heptene C7H15,n-heptyl  C7H16,n-heptane C7H16,2-methylh C8H8,styrene   
 C8H10,ethylbenz C8H16,1-octene  C8H17,n-octyl   C8H18,n-octane  C8H18,isooctane
 C9H19,n-nonyl   C10H8,naphthale C10H21,n-decyl  C12H9,o-bipheny C12H10,biphenyl
 HCO             HCCO            HO2             HCHO,formaldehy HCOOH          
 H2O2            (HCOOH)2        O3              C(gr)           H2O(cr)        
 H2O(L)         

 NOTE. WEIGHT FRACTION OF FUEL IN TOTAL FUELS AND OF OXIDANT IN TOTAL OXIDANTS






 O/F =   3.571400

                       EFFECTIVE FUEL     EFFECTIVE OXIDANT        MIXTURE
 ENTHALPY                  h(2)/R              h(1)/R               h0/R
 (KG-MOL)(K)/KG       -0.72454409E+03     -0.66401406E+03     -0.67725508E+03

 KG-FORM.WT./KG             bi(2)               bi(1)               b0i
  *C                   0.43413669E-01      0.00000000E+00      0.94967994E-02
  *H                   0.13024101E+00      0.58798142E-01      0.74426367E-01
  *O                   0.21706834E-01      0.58798142E-01      0.50684368E-01

 POINT ITN      T            C           H           O 
   1    3    2314.308     -21.973     -13.323     -18.698
 Pinf/Pt = 1.707535
   2    4    2234.717     -22.340     -13.561     -19.014
 Pinf/Pt = 1.707738
   2    1    2234.699     -22.340     -13.561     -19.014
   3    6    1435.309     -22.242     -14.928     -25.676





              THEORETICAL ROCKET PERFORMANCE ASSUMING EQUILIBRIUM

           COMPOSITION DURING EXPANSION FROM INFINITE AREA COMBUSTOR

 Pin =     0.2 PSIA
 CASE =                

             REACTANT                    WT FRACTION      ENERGY      TEMP
                                          (SEE NOTE)     KJ/KG-MOL      K  
 FUEL        C2H5OH(L)                    1.0000000   -277526.835    298.000
 OXIDANT     H2O2(L)                      1.0000000   -187793.400    298.000

 O/F=    3.57140  %FUEL= 21.875137  R,EQ.RATIO= 1.108957  PHI,EQ.RATIO= 1.240440

                 CHAMBER   THROAT     EXIT
 Pinf/P            1.0000   1.7077   102.04
 P, BAR           0.01500  0.00878  0.00015
 T, K             2314.31  2234.70  1435.31
 RHO, KG/CU M    1.5753-3 9.6648-4 2.6367-5
 H, KJ/KG        -5631.04 -6128.93 -9169.28
 U, KJ/KG        -6583.23 -7037.71 -9726.78
 G, KJ/KG        -41331.4 -40601.3 -31310.3
 S, KJ/(KG)(K)    15.4259  15.4259  15.4259

 M, (1/n)          20.209   20.445   21.406
 (dLV/dLP)t      -1.03024 -1.02517 -1.00006
 (dLV/dLT)p        1.8111   1.7001   1.0022
 Cp, KJ/(KG)(K)   11.4993  10.4474   2.2809
 GAMMAs            1.0954   1.0957   1.2063
 SON VEL,M/SEC     1021.3    997.9    820.0
 MACH NUMBER        0.000    1.000    3.244

 TRANSPORT PROPERTIES (GASES ONLY)
   CONDUCTIVITY IN UNITS OF MILLIWATTS/(CM)(K)

 VISC,MILLIPOISE  0.84197  0.82337  0.59437

  WITH EQUILIBRIUM REACTIONS

 Cp, KJ/(KG)(K)   11.4993  10.4474   2.2809
 CONDUCTIVITY     19.0867  16.5795   1.8212
 PRANDTL NUMBER    0.5073   0.5188   0.7444

  WITH FROZEN REACTIONS

 Cp, KJ/(KG)(K)    2.4611   2.4441   2.1893
 CONDUCTIVITY      2.8692   2.7599   1.6883
 PRANDTL NUMBER    0.7222   0.7291   0.7707

 PERFORMANCE PARAMETERS

 Ae/At                     1.00000   13.750
 CSTAR, M/SEC               1555.3   1555.3
 CF                         0.6416   1.7104
 Ivac, M/SEC                1908.6   2869.7
 Isp, M/SEC                  997.9   2660.2


 MOLE FRACTIONS

 *CO              0.08087  0.07567  0.04064
 *CO2             0.11105  0.11850  0.16265
 *H               0.02448  0.02040  0.00018
 *H2              0.08254  0.07799  0.07750
 H2O              0.63993  0.65855  0.71898
 *O               0.00626  0.00455  0.00000
 *OH              0.03463  0.02820  0.00004
 *O2              0.02024  0.01615  0.00000

  * THERMODYNAMIC PROPERTIES FITTED TO 20000.K

    PRODUCTS WHICH WERE CONSIDERED BUT WHOSE MOLE FRACTIONS
    WERE LESS THAN 5.000000E-06 FOR ALL ASSIGNED CONDITIONS

 *C              *CH             CH2             CH3             CH2OH          
 CH3O            CH4             CH3OH           CH3OOH          COOH           
 *C2             C2H             C2H2,acetylene  C2H2,vinylidene CH2CO,ketene   
 O(CH)2O         HO(CO)2OH       C2H3,vinyl      CH3CO,acetyl    C2H4           
 C2H4O,ethylen-o CH3CHO,ethanal  CH3COOH         OHCH2COOH       C2H5           
 C2H6            C2H5OH          CH3OCH3         CH3O2CH3        C2O            
 *C3             C3H3,1-propynl  C3H3,2-propynl  C3H4,allene     C3H4,propyne   
 C3H4,cyclo-     C3H5,allyl      C3H6,propylene  C3H6,cyclo-     C3H6O,propylox 
 C3H6O,acetone   C3H6O,propanal  C3H7,n-propyl   C3H7,i-propyl   C3H8           
 C3H8O,1propanol C3H8O,2propanol C3O2            *C4             C4H2,butadiyne 
 C4H4,1,3-cyclo- C4H6,butadiene  C4H6,1butyne    C4H6,2butyne    C4H6,cyclo-    
 C4H8,1-butene   C4H8,cis2-buten C4H8,tr2-butene C4H8,isobutene  C4H8,cyclo-    
 (CH3COOH)2      C4H9,n-butyl    C4H9,i-butyl    C4H9,s-butyl    C4H9,t-butyl   
 C4H10,n-butane  C4H10,isobutane *C5             C5H6,1,3cyclo-  C5H8,cyclo-    
 C5H10,1-pentene C5H10,cyclo-    C5H11,pentyl    C5H11,t-pentyl  C5H12,n-pentane
 C5H12,i-pentane CH3C(CH3)2CH3   C6H2            C6H5,phenyl     C6H5O,phenoxy  
 C6H6            C6H5OH,phenol   C6H10,cyclo-    C6H12,1-hexene  C6H12,cyclo-   
 C6H13,n-hexyl   C6H14,n-hexane  C7H7,benzyl     C7H8            C7H8O,cresol-mx
 C7H14,1-heptene C7H15,n-heptyl  C7H16,n-heptane C7H16,2-methylh C8H8,styrene   
 C8H10,ethylbenz C8H16,1-octene  C8H17,n-octyl   C8H18,n-octane  C8H18,isooctane
 C9H19,n-nonyl   C10H8,naphthale C10H21,n-decyl  C12H9,o-bipheny C12H10,biphenyl
 HCO             HCCO            HO2             HCHO,formaldehy HCOOH          
 H2O2            (HCOOH)2        O3              C(gr)           H2O(cr)        
 H2O(L)         

 NOTE. WEIGHT FRACTION OF FUEL IN TOTAL FUELS AND OF OXIDANT IN TOTAL OXIDANTS






 O/F =   3.755100

                       EFFECTIVE FUEL     EFFECTIVE OXIDANT        MIXTURE
 ENTHALPY                  h(2)/R              h(1)/R               h0/R
 (KG-MOL)(K)/KG       -0.72454409E+03     -0.66401406E+03     -0.67674355E+03

 KG-FORM.WT./KG             bi(2)               bi(1)               b0i
  *C                   0.43413669E-01      0.00000000E+00      0.91299171E-02
  *H                   0.13024101E+00      0.58798142E-01      0.73822614E-01
  *O                   0.21706834E-01      0.58798142E-01      0.50997821E-01

 POINT ITN      T            C           H           O 
   1    3    2315.600     -22.172     -13.370     -18.590
 Pinf/Pt = 1.706925
   2    3    2237.490     -22.566     -13.615     -18.885
 Pinf/Pt = 1.706793
   2    1    2237.501     -22.566     -13.615     -18.885
   3    6    1495.272     -23.312     -15.135     -24.572





              THEORETICAL ROCKET PERFORMANCE ASSUMING EQUILIBRIUM

           COMPOSITION DURING EXPANSION FROM INFINITE AREA COMBUSTOR

 Pin =     0.2 PSIA
 CASE =                

             REACTANT                    WT FRACTION      ENERGY      TEMP
                                          (SEE NOTE)     KJ/KG-MOL      K  
 FUEL        C2H5OH(L)                    1.0000000   -277526.835    298.000
 OXIDANT     H2O2(L)                      1.0000000   -187793.400    298.000

 O/F=    3.75510  %FUEL= 21.030052  R,EQ.RATIO= 1.081833  PHI,EQ.RATIO= 1.179757

                 CHAMBER   THROAT     EXIT
 Pinf/P            1.0000   1.7068   102.04
 P, BAR           0.01500  0.00879  0.00015
 T, K             2315.60  2237.50  1495.27
 RHO, KG/CU M    1.5865-3 9.7331-4 2.5674-5
 H, KJ/KG        -5626.79 -6120.79 -9175.87
 U, KJ/KG        -6572.26 -7023.70 -9748.41
 G, KJ/KG        -41152.8 -40448.6 -32116.4
 S, KJ/(KG)(K)    15.3420  15.3420  15.3420

 M, (1/n)          20.364   20.604   21.714
 (dLV/dLP)t      -1.03155 -1.02683 -1.00012
 (dLV/dLT)p        1.8470   1.7468   1.0047
 Cp, KJ/(KG)(K)   11.8190  10.9013   2.3157
 GAMMAs            1.0944   1.0942   1.2002
 SON VEL,M/SEC     1017.2    994.0    829.0
 MACH NUMBER        0.000    1.000    3.214

 TRANSPORT PROPERTIES (GASES ONLY)
   CONDUCTIVITY IN UNITS OF MILLIWATTS/(CM)(K)

 VISC,MILLIPOISE  0.84448  0.82633  0.61646

  WITH EQUILIBRIUM REACTIONS

 Cp, KJ/(KG)(K)   11.8190  10.9013   2.3157
 CONDUCTIVITY     19.7478  17.4124   1.9334
 PRANDTL NUMBER    0.5054   0.5173   0.7384

  WITH FROZEN REACTIONS

 Cp, KJ/(KG)(K)    2.4502   2.4336   2.2026
 CONDUCTIVITY      2.8504   2.7437   1.7377
 PRANDTL NUMBER    0.7259   0.7329   0.7814

 PERFORMANCE PARAMETERS

 Ae/At                      1.0000   14.144
 CSTAR, M/SEC               1550.4   1550.4
 CF                         0.6411   1.7184
 Ivac, M/SEC                1902.4   2879.1
 Isp, M/SEC                  994.0   2664.2


 MOLE FRACTIONS

 *CO              0.07379  0.06836  0.03291
 *CO2             0.11212  0.11976  0.16534
 *H               0.02353  0.01966  0.00033
 *H2              0.07527  0.07029  0.05763
 H2O              0.64614  0.66512  0.74365
 *O               0.00704  0.00528  0.00000
 *OH              0.03692  0.03058  0.00014
 *O2              0.02518  0.02096  0.00000

  * THERMODYNAMIC PROPERTIES FITTED TO 20000.K

    PRODUCTS WHICH WERE CONSIDERED BUT WHOSE MOLE FRACTIONS
    WERE LESS THAN 5.000000E-06 FOR ALL ASSIGNED CONDITIONS

 *C              *CH             CH2             CH3             CH2OH          
 CH3O            CH4             CH3OH           CH3OOH          COOH           
 *C2             C2H             C2H2,acetylene  C2H2,vinylidene CH2CO,ketene   
 O(CH)2O         HO(CO)2OH       C2H3,vinyl      CH3CO,acetyl    C2H4           
 C2H4O,ethylen-o CH3CHO,ethanal  CH3COOH         OHCH2COOH       C2H5           
 C2H6            C2H5OH          CH3OCH3         CH3O2CH3        C2O            
 *C3             C3H3,1-propynl  C3H3,2-propynl  C3H4,allene     C3H4,propyne   
 C3H4,cyclo-     C3H5,allyl      C3H6,propylene  C3H6,cyclo-     C3H6O,propylox 
 C3H6O,acetone   C3H6O,propanal  C3H7,n-propyl   C3H7,i-propyl   C3H8           
 C3H8O,1propanol C3H8O,2propanol C3O2            *C4             C4H2,butadiyne 
 C4H4,1,3-cyclo- C4H6,butadiene  C4H6,1butyne    C4H6,2butyne    C4H6,cyclo-    
 C4H8,1-butene   C4H8,cis2-buten C4H8,tr2-butene C4H8,isobutene  C4H8,cyclo-    
 (CH3COOH)2      C4H9,n-butyl    C4H9,i-butyl    C4H9,s-butyl    C4H9,t-butyl   
 C4H10,n-butane  C4H10,isobutane *C5             C5H6,1,3cyclo-  C5H8,cyclo-    
 C5H10,1-pentene C5H10,cyclo-    C5H11,pentyl    C5H11,t-pentyl  C5H12,n-pentane
 C5H12,i-pentane CH3C(CH3)2CH3   C6H2            C6H5,phenyl     C6H5O,phenoxy  
 C6H6            C6H5OH,phenol   C6H10,cyclo-    C6H12,1-hexene  C6H12,cyclo-   
 C6H13,n-hexyl   C6H14,n-hexane  C7H7,benzyl     C7H8            C7H8O,cresol-mx
 C7H14,1-heptene C7H15,n-heptyl  C7H16,n-heptane C7H16,2-methylh C8H8,styrene   
 C8H10,ethylbenz C8H16,1-octene  C8H17,n-octyl   C8H18,n-octane  C8H18,isooctane
 C9H19,n-nonyl   C10H8,naphthale C10H21,n-decyl  C12H9,o-bipheny C12H10,biphenyl
 HCO             HCCO            HO2             HCHO,formaldehy HCOOH          
 H2O2            (HCOOH)2        O3              C(gr)           H2O(cr)        
 H2O(L)         

 NOTE. WEIGHT FRACTION OF FUEL IN TOTAL FUELS AND OF OXIDANT IN TOTAL OXIDANTS






 O/F =   3.938800

                       EFFECTIVE FUEL     EFFECTIVE OXIDANT        MIXTURE
 ENTHALPY                  h(2)/R              h(1)/R               h0/R
 (KG-MOL)(K)/KG       -0.72454409E+03     -0.66401406E+03     -0.67627008E+03

 KG-FORM.WT./KG             bi(2)               bi(1)               b0i
  *C                   0.43413669E-01      0.00000000E+00      0.87903274E-02
  *H                   0.13024101E+00      0.58798142E-01      0.73263775E-01
  *O                   0.21706834E-01      0.58798142E-01      0.51287956E-01

 POINT ITN      T            C           H           O 
   1    3    2315.031     -22.355     -13.413     -18.497
 Pinf/Pt = 1.706561
   2    3    2237.797     -22.775     -13.664     -18.777
 Pinf/Pt = 1.706246
   2    1    2237.823     -22.775     -13.664     -18.777
   3    6    1553.512     -24.482     -15.377     -23.479





              THEORETICAL ROCKET PERFORMANCE ASSUMING EQUILIBRIUM

           COMPOSITION DURING EXPANSION FROM INFINITE AREA COMBUSTOR

 Pin =     0.2 PSIA
 CASE =                

             REACTANT                    WT FRACTION      ENERGY      TEMP
                                          (SEE NOTE)     KJ/KG-MOL      K  
 FUEL        C2H5OH(L)                    1.0000000   -277526.835    298.000
 OXIDANT     H2O2(L)                      1.0000000   -187793.400    298.000

 O/F=    3.93880  %FUEL= 20.247833  R,EQ.RATIO= 1.057023  PHI,EQ.RATIO= 1.124735

                 CHAMBER   THROAT     EXIT
 Pinf/P            1.0000   1.7062   102.04
 P, BAR           0.01500  0.00879  0.00015
 T, K             2315.03  2237.82  1553.51
 RHO, KG/CU M    1.5979-3 9.8031-4 2.5041-5
 H, KJ/KG        -5622.85 -6113.10 -9173.32
 U, KJ/KG        -6561.55 -7009.85 -9760.33
 G, KJ/KG        -40958.1 -40269.9 -32885.2
 S, KJ/(KG)(K)    15.2634  15.2634  15.2634

 M, (1/n)          20.505   20.749   22.004
 (dLV/dLP)t      -1.03222 -1.02775 -1.00028
 (dLV/dLT)p        1.8659   1.7732   1.0109
 Cp, KJ/(KG)(K)   11.9626  11.1350   2.4065
 GAMMAs            1.0938   1.0934   1.1907
 SON VEL,M/SEC     1013.3    990.2    836.0
 MACH NUMBER        0.000    1.000    3.187

 TRANSPORT PROPERTIES (GASES ONLY)
   CONDUCTIVITY IN UNITS OF MILLIWATTS/(CM)(K)

 VISC,MILLIPOISE  0.84611  0.82821  0.63812

  WITH EQUILIBRIUM REACTIONS

 Cp, KJ/(KG)(K)   11.9626  11.1350   2.4065
 CONDUCTIVITY     20.1762  17.9788   2.1094
 PRANDTL NUMBER    0.5017   0.5129   0.7280

  WITH FROZEN REACTIONS

 Cp, KJ/(KG)(K)    2.4396   2.4233   2.2157
 CONDUCTIVITY      2.8310   2.7260   1.7895
 PRANDTL NUMBER    0.7291   0.7362   0.7901

 PERFORMANCE PARAMETERS

 Ae/At                      1.0000   14.547
 CSTAR, M/SEC               1545.2   1545.2
 CF                         0.6408   1.7245
 Ivac, M/SEC                1895.8   2885.0
 Isp, M/SEC                  990.2   2664.8


 MOLE FRACTIONS

 *CO              0.06744  0.06184  0.02463
 *CO2             0.11281  0.12054  0.16880
 *H               0.02246  0.01874  0.00054
 *H2              0.06897  0.06370  0.03974
 H2O              0.65157  0.67076  0.76584
 *O               0.00769  0.00589  0.00000
 *OH              0.03875  0.03246  0.00041
 *O2              0.03030  0.02606  0.00004

  * THERMODYNAMIC PROPERTIES FITTED TO 20000.K

    PRODUCTS WHICH WERE CONSIDERED BUT WHOSE MOLE FRACTIONS
    WERE LESS THAN 5.000000E-06 FOR ALL ASSIGNED CONDITIONS

 *C              *CH             CH2             CH3             CH2OH          
 CH3O            CH4             CH3OH           CH3OOH          COOH           
 *C2             C2H             C2H2,acetylene  C2H2,vinylidene CH2CO,ketene   
 O(CH)2O         HO(CO)2OH       C2H3,vinyl      CH3CO,acetyl    C2H4           
 C2H4O,ethylen-o CH3CHO,ethanal  CH3COOH         OHCH2COOH       C2H5           
 C2H6            C2H5OH          CH3OCH3         CH3O2CH3        C2O            
 *C3             C3H3,1-propynl  C3H3,2-propynl  C3H4,allene     C3H4,propyne   
 C3H4,cyclo-     C3H5,allyl      C3H6,propylene  C3H6,cyclo-     C3H6O,propylox 
 C3H6O,acetone   C3H6O,propanal  C3H7,n-propyl   C3H7,i-propyl   C3H8           
 C3H8O,1propanol C3H8O,2propanol C3O2            *C4             C4H2,butadiyne 
 C4H4,1,3-cyclo- C4H6,butadiene  C4H6,1butyne    C4H6,2butyne    C4H6,cyclo-    
 C4H8,1-butene   C4H8,cis2-buten C4H8,tr2-butene C4H8,isobutene  C4H8,cyclo-    
 (CH3COOH)2      C4H9,n-butyl    C4H9,i-butyl    C4H9,s-butyl    C4H9,t-butyl   
 C4H10,n-butane  C4H10,isobutane *C5             C5H6,1,3cyclo-  C5H8,cyclo-    
 C5H10,1-pentene C5H10,cyclo-    C5H11,pentyl    C5H11,t-pentyl  C5H12,n-pentane
 C5H12,i-pentane CH3C(CH3)2CH3   C6H2            C6H5,phenyl     C6H5O,phenoxy  
 C6H6            C6H5OH,phenol   C6H10,cyclo-    C6H12,1-hexene  C6H12,cyclo-   
 C6H13,n-hexyl   C6H14,n-hexane  C7H7,benzyl     C7H8            C7H8O,cresol-mx
 C7H14,1-heptene C7H15,n-heptyl  C7H16,n-heptane C7H16,2-methylh C8H8,styrene   
 C8H10,ethylbenz C8H16,1-octene  C8H17,n-octyl   C8H18,n-octane  C8H18,isooctane
 C9H19,n-nonyl   C10H8,naphthale C10H21,n-decyl  C12H9,o-bipheny C12H10,biphenyl
 HCO             HCCO            HO2             HCHO,formaldehy HCOOH          
 H2O2            (HCOOH)2        O3              C(gr)           H2O(cr)        
 H2O(L)         

 NOTE. WEIGHT FRACTION OF FUEL IN TOTAL FUELS AND OF OXIDANT IN TOTAL OXIDANTS






 O/F =   4.122400

                       EFFECTIVE FUEL     EFFECTIVE OXIDANT        MIXTURE
 ENTHALPY                  h(2)/R              h(1)/R               h0/R
 (KG-MOL)(K)/KG       -0.72454409E+03     -0.66401406E+03     -0.67583079E+03

 KG-FORM.WT./KG             bi(2)               bi(1)               b0i
  *C                   0.43413669E-01      0.00000000E+00      0.84752594E-02
  *H                   0.13024101E+00      0.58798142E-01      0.72745289E-01
  *O                   0.21706834E-01      0.58798142E-01      0.51557141E-01

 POINT ITN      T            C           H           O 
   1    3    2313.067     -22.527     -13.454     -18.415
 Pinf/Pt = 1.706372
   2    3    2236.282     -22.968     -13.710     -18.683
 Pinf/Pt = 1.705972
   2    2    2236.315     -22.968     -13.710     -18.683
   3    6    1606.367     -25.835     -15.675     -22.374





              THEORETICAL ROCKET PERFORMANCE ASSUMING EQUILIBRIUM

           COMPOSITION DURING EXPANSION FROM INFINITE AREA COMBUSTOR

 Pin =     0.2 PSIA
 CASE =                

             REACTANT                    WT FRACTION      ENERGY      TEMP
                                          (SEE NOTE)     KJ/KG-MOL      K  
 FUEL        C2H5OH(L)                    1.0000000   -277526.835    298.000
 OXIDANT     H2O2(L)                      1.0000000   -187793.400    298.000

 O/F=    4.12240  %FUEL= 19.522099  R,EQ.RATIO= 1.034254  PHI,EQ.RATIO= 1.074642

                 CHAMBER   THROAT     EXIT
 Pinf/P            1.0000   1.7060   102.04
 P, BAR           0.01500  0.00879  0.00015
 T, K             2313.07  2236.32  1606.37
 RHO, KG/CU M    1.6094-3 9.8737-4 2.4508-5
 H, KJ/KG        -5619.20 -6105.83 -9161.29
 U, KJ/KG        -6551.17 -6996.31 -9761.08
 G, KJ/KG        -40753.7 -40074.5 -33561.3
 S, KJ/(KG)(K)    15.1896  15.1896  15.1896

 M, (1/n)          20.636   20.881   22.268
 (dLV/dLP)t      -1.03236 -1.02806 -1.00084
 (dLV/dLT)p        1.8714   1.7830   1.0330
 Cp, KJ/(KG)(K)   11.9686  11.1931   2.7313
 GAMMAs            1.0935   1.0929   1.1696
 SON VEL,M/SEC     1009.5    986.5    837.6
 MACH NUMBER        0.000    1.000    3.178

 TRANSPORT PROPERTIES (GASES ONLY)
   CONDUCTIVITY IN UNITS OF MILLIWATTS/(CM)(K)

 VISC,MILLIPOISE  0.84704  0.82923  0.65801

  WITH EQUILIBRIUM REACTIONS

 Cp, KJ/(KG)(K)   11.9686  11.1931   2.7313
 CONDUCTIVITY     20.4014  18.3046   2.4738
 PRANDTL NUMBER    0.4969   0.5071   0.7265

  WITH FROZEN REACTIONS

 Cp, KJ/(KG)(K)    2.4294   2.4132   2.2268
 CONDUCTIVITY      2.8112   2.7073   1.8386
 PRANDTL NUMBER    0.7320   0.7391   0.7969

 PERFORMANCE PARAMETERS

 Ae/At                      1.0000   14.933
 CSTAR, M/SEC               1539.9   1539.9
 CF                         0.6407   1.7285
 Ivac, M/SEC                1889.2   2887.0
 Isp, M/SEC                  986.5   2661.6


 MOLE FRACTIONS

 *CO              0.06172  0.05602  0.01611
 *CO2             0.11317  0.12094  0.17262
 *H               0.02133  0.01773  0.00075
 *H2              0.06345  0.05799  0.02416
 H2O              0.65637  0.67567  0.78485
 *O               0.00824  0.00640  0.00002
 *OH              0.04019  0.03391  0.00113
 *O2              0.03553  0.03132  0.00037

  * THERMODYNAMIC PROPERTIES FITTED TO 20000.K

    PRODUCTS WHICH WERE CONSIDERED BUT WHOSE MOLE FRACTIONS
    WERE LESS THAN 5.000000E-06 FOR ALL ASSIGNED CONDITIONS

 *C              *CH             CH2             CH3             CH2OH          
 CH3O            CH4             CH3OH           CH3OOH          COOH           
 *C2             C2H             C2H2,acetylene  C2H2,vinylidene CH2CO,ketene   
 O(CH)2O         HO(CO)2OH       C2H3,vinyl      CH3CO,acetyl    C2H4           
 C2H4O,ethylen-o CH3CHO,ethanal  CH3COOH         OHCH2COOH       C2H5           
 C2H6            C2H5OH          CH3OCH3         CH3O2CH3        C2O            
 *C3             C3H3,1-propynl  C3H3,2-propynl  C3H4,allene     C3H4,propyne   
 C3H4,cyclo-     C3H5,allyl      C3H6,propylene  C3H6,cyclo-     C3H6O,propylox 
 C3H6O,acetone   C3H6O,propanal  C3H7,n-propyl   C3H7,i-propyl   C3H8           
 C3H8O,1propanol C3H8O,2propanol C3O2            *C4             C4H2,butadiyne 
 C4H4,1,3-cyclo- C4H6,butadiene  C4H6,1butyne    C4H6,2butyne    C4H6,cyclo-    
 C4H8,1-butene   C4H8,cis2-buten C4H8,tr2-butene C4H8,isobutene  C4H8,cyclo-    
 (CH3COOH)2      C4H9,n-butyl    C4H9,i-butyl    C4H9,s-butyl    C4H9,t-butyl   
 C4H10,n-butane  C4H10,isobutane *C5             C5H6,1,3cyclo-  C5H8,cyclo-    
 C5H10,1-pentene C5H10,cyclo-    C5H11,pentyl    C5H11,t-pentyl  C5H12,n-pentane
 C5H12,i-pentane CH3C(CH3)2CH3   C6H2            C6H5,phenyl     C6H5O,phenoxy  
 C6H6            C6H5OH,phenol   C6H10,cyclo-    C6H12,1-hexene  C6H12,cyclo-   
 C6H13,n-hexyl   C6H14,n-hexane  C7H7,benzyl     C7H8            C7H8O,cresol-mx
 C7H14,1-heptene C7H15,n-heptyl  C7H16,n-heptane C7H16,2-methylh C8H8,styrene   
 C8H10,ethylbenz C8H16,1-octene  C8H17,n-octyl   C8H18,n-octane  C8H18,isooctane
 C9H19,n-nonyl   C10H8,naphthale C10H21,n-decyl  C12H9,o-bipheny C12H10,biphenyl
 HCO             HCCO            HO2             HCHO,formaldehy HCOOH          
 H2O2            (HCOOH)2        O3              C(gr)           H2O(cr)        
 H2O(L)         

 NOTE. WEIGHT FRACTION OF FUEL IN TOTAL FUELS AND OF OXIDANT IN TOTAL OXIDANTS



