
 *******************************************************************************

         NASA-GLENN CHEMICAL EQUILIBRIUM PROGRAM CEA2, MAY 21, 2004
                   BY  BONNIE MCBRIDE AND SANFORD GORDON
      REFS: NASA RP-1311, PART I, 1994 AND NASA RP-1311, PART II, 1996

 *******************************************************************************



 problem rocket eq
     p(psi) = 0.21755
     o/f = 8.7143, 8.898, 9.0816, 9.2653, 9.449, 9.6327
     pip = 102.0408
 reac
     fuel = C2H5OH(L) t(K) = 298.000 wt% = 100.000
     ox = H2O2(L) t(K) = 298.000 wt% = 100.000
 outp trans
 end

 OPTIONS: TP=F  HP=F  SP=F  TV=F  UV=F  SV=F  DETN=F  SHOCK=F  REFL=F  INCD=F
 RKT=T  FROZ=F  EQL=T  IONS=F  SIUNIT=T  DEBUGF=F  SHKDBG=F  DETDBG=F  TRNSPT=T

 TRACE= 0.00E+00  S/R= 0.000000E+00  H/R= 0.000000E+00  U/R= 0.000000E+00

 Pc,BAR =     0.014999

 Pc/P =   102.0408

 SUBSONIC AREA RATIOS =

 SUPERSONIC AREA RATIOS =

 NFZ=  1  Mdot/Ac= 0.000000E+00  Ac/At= 0.000000E+00

    REACTANT          WT.FRAC   (ENERGY/R),K   TEMP,K  DENSITY
        EXPLODED FORMULA
 F: C2H5OH(L)        1.000000  -0.333786E+05   298.00  0.0000
          C  2.00000  H  6.00000  O  1.00000
 O: H2O2(L)          1.000000  -0.225862E+05   298.00  0.0000
          H  2.00000  O  2.00000

  SPECIES BEING CONSIDERED IN THIS SYSTEM
 (CONDENSED PHASE MAY HAVE NAME LISTED SEVERAL TIMES)
  LAST thermo.inp UPDATE:    9/09/04

  g 7/97  *C               tpis79  *CH              g 4/02  CH2            
  g 4/02  CH3              g11/00  CH2OH            g 7/00  CH3O           
  g 8/99  CH4              g 7/00  CH3OH            srd 01  CH3OOH         
  tpis79  *CO              g 9/99  *CO2             tpis91  COOH           
  tpis91  *C2              g 6/01  C2H              g 1/91  C2H2,acetylene 
  g 5/01  C2H2,vinylidene  g 4/02  CH2CO,ketene     g 3/02  O(CH)2O        
  srd 01  HO(CO)2OH        g 7/01  C2H3,vinyl       g 6/96  CH3CO,acetyl   
  g 1/00  C2H4             g 8/88  C2H4O,ethylen-o  g 8/88  CH3CHO,ethanal 
  g 6/00  CH3COOH          srd 01  OHCH2COOH        g 7/00  C2H5           
  g 7/00  C2H6             g 8/88  C2H5OH           g 7/00  CH3OCH3        
  srd 01  CH3O2CH3         g 8/00  C2O              tpis79  *C3            
  n 4/98  C3H3,1-propynl   n 4/98  C3H3,2-propynl   g 2/00  C3H4,allene    
  g 1/00  C3H4,propyne     g 5/90  C3H4,cyclo-      g 3/01  C3H5,allyl     
  g 2/00  C3H6,propylene   g 1/00  C3H6,cyclo-      g 6/01  C3H6O,propylox 
  g 6/97  C3H6O,acetone    g 1/02  C3H6O,propanal   g 7/01  C3H7,n-propyl  
  g 9/85  C3H7,i-propyl    g 2/00  C3H8             g 2/00  C3H8O,1propanol
  g 2/00  C3H8O,2propanol  g 7/88  C3O2             g tpis  *C4            
  g 7/01  C4H2,butadiyne   g 8/00  C4H4,1,3-cyclo-  n10/92  C4H6,butadiene 
  n10/93  C4H6,1butyne     n10/93  C4H6,2butyne     g 8/00  C4H6,cyclo-    
  n 4/88  C4H8,1-butene    n 4/88  C4H8,cis2-buten  n 4/88  C4H8,tr2-butene
  n 4/88  C4H8,isobutene   g 8/00  C4H8,cyclo-      g10/00  (CH3COOH)2     
  n10/84  C4H9,n-butyl     n10/84  C4H9,i-butyl     g 1/93  C4H9,s-butyl   
  g 1/93  C4H9,t-butyl     g12/00  C4H10,n-butane   g 8/00  C4H10,isobutane
  g 8/00  *C5              g 5/90  C5H6,1,3cyclo-   g 1/93  C5H8,cyclo-    
  n 4/87  C5H10,1-pentene  g 2/01  C5H10,cyclo-     n10/84  C5H11,pentyl   
  g 1/93  C5H11,t-pentyl   n10/85  C5H12,n-pentane  n10/85  C5H12,i-pentane
  n10/85  CH3C(CH3)2CH3    g 2/93  C6H2             g11/00  C6H5,phenyl    
  g 8/00  C6H5O,phenoxy    g 8/00  C6H6             g 8/00  C6H5OH,phenol  
  g 1/93  C6H10,cyclo-     n 4/87  C6H12,1-hexene   g 6/90  C6H12,cyclo-   
  n10/83  C6H13,n-hexyl    g 6/01  C6H14,n-hexane   g 7/01  C7H7,benzyl    
  g 1/93  C7H8             g12/00  C7H8O,cresol-mx  n 4/87  C7H14,1-heptene
  n10/83  C7H15,n-heptyl   n10/85  C7H16,n-heptane  n10/85  C7H16,2-methylh
  n 4/89  C8H8,styrene     n10/86  C8H10,ethylbenz  n 4/87  C8H16,1-octene 
  n10/83  C8H17,n-octyl    n 4/85  C8H18,n-octane   n 4/85  C8H18,isooctane
  n10/83  C9H19,n-nonyl    g 3/01  C10H8,naphthale  n10/83  C10H21,n-decyl 
  g 8/00  C12H9,o-bipheny  g 8/00  C12H10,biphenyl  g 6/97  *H             
  g 1/01  HCO              g 6/01  HCCO             g 4/02  HO2            
  tpis78  *H2              g 5/01  HCHO,formaldehy  g 6/01  HCOOH          
  g 8/89  H2O              g 6/99  H2O2             g 6/01  (HCOOH)2       
  g 5/97  *O               g 4/02  *OH              tpis89  *O2            
  g 8/01  O3               n 4/83  C(gr)            n 4/83  C(gr)          
  n 4/83  C(gr)            g11/99  H2O(cr)          g 8/01  H2O(L)         
  g 8/01  H2O(L)         

 SPECIES WITH TRANSPORT PROPERTIES

        PURE SPECIES

  C                 CH4               CH3OH             CO              
  CO2               C2H2,acetylene  
  C2H4              C2H6              C2H5OH            H               
  H2                H2O             
  O                 OH                O2              

     BINARY INTERACTIONS

     C               O               
     CH4             O2              
     CO              CO2             
     CO              O2              
     CO2             H2              
     CO2             H2O             
     CO2             O2              
     H               H2              
     H               O               
     H2              H2O             
     H2              O2              
     H2O             O2              
     O               O2              


 O/F =   8.714300

                       EFFECTIVE FUEL     EFFECTIVE OXIDANT        MIXTURE
 ENTHALPY                  h(2)/R              h(1)/R               h0/R
 (KG-MOL)(K)/KG       -0.72454409E+03     -0.66401406E+03     -0.67024508E+03

 KG-FORM.WT./KG             bi(2)               bi(1)               b0i
  *C                   0.43413669E-01      0.00000000E+00      0.44690476E-02
  *H                   0.13024101E+00      0.58798142E-01      0.66152544E-01
  *O                   0.21706834E-01      0.58798142E-01      0.54979925E-01

 POINT ITN      T            C           H           O 
   1   30    2156.076     -25.500     -14.131     -17.586
 Pinf/Pt = 1.717313
   2    4    2056.015     -26.434     -14.521     -17.770
 Pinf/Pt = 1.722598
   2    2    2055.431     -26.440     -14.523     -17.771
 Pinf/Pt = 1.722636
   2    1    2055.427     -26.440     -14.523     -17.771
   3    5    1111.176     -44.912     -20.844     -18.801





              THEORETICAL ROCKET PERFORMANCE ASSUMING EQUILIBRIUM

           COMPOSITION DURING EXPANSION FROM INFINITE AREA COMBUSTOR

 Pin =     0.2 PSIA
 CASE =                

             REACTANT                    WT FRACTION      ENERGY      TEMP
                                          (SEE NOTE)     KJ/KG-MOL      K  
 FUEL        C2H5OH(L)                    1.0000000   -277526.835    298.000
 OXIDANT     H2O2(L)                      1.0000000   -187793.400    298.000

 O/F=    8.71430  %FUEL= 10.294103  R,EQ.RATIO= 0.764177  PHI,EQ.RATIO= 0.508372

                 CHAMBER   THROAT     EXIT
 Pinf/P            1.0000   1.7226   102.04
 P, BAR           0.01500  0.00871  0.00015
 T, K             2156.08  2055.43  1111.18
 RHO, KG/CU M    1.8529-3 1.1376-3 3.6137-5
 H, KJ/KG        -5572.76 -6001.04 -8393.50
 U, KJ/KG        -6382.29 -6766.45 -8800.27
 G, KJ/KG        -36134.5 -35136.1 -24144.1
 S, KJ/(KG)(K)    14.1747  14.1747  14.1747

 M, (1/n)          22.145   22.328   22.713
 (dLV/dLP)t      -1.01096 -1.00729 -1.00000
 (dLV/dLT)p        1.3253   1.2287   1.0001
 Cp, KJ/(KG)(K)    5.9326   4.9443   1.8931
 GAMMAs            1.1114   1.1191   1.2398
 SON VEL,M/SEC      948.5    925.5    710.1
 MACH NUMBER        0.000    1.000    3.345

 TRANSPORT PROPERTIES (GASES ONLY)
   CONDUCTIVITY IN UNITS OF MILLIWATTS/(CM)(K)

 VISC,MILLIPOISE  0.80562  0.77837  0.47889

  WITH EQUILIBRIUM REACTIONS

 Cp, KJ/(KG)(K)    5.9326   4.9443   1.8931
 CONDUCTIVITY      9.9809   7.6211   1.0748
 PRANDTL NUMBER    0.4789   0.5050   0.8435

  WITH FROZEN REACTIONS

 Cp, KJ/(KG)(K)    2.2649   2.2404   1.8904
 CONDUCTIVITY      2.4021   2.2744   1.0727
 PRANDTL NUMBER    0.7596   0.7667   0.8439

 PERFORMANCE PARAMETERS

 Ae/At                      1.0000   12.266
 CSTAR, M/SEC               1424.7   1424.7
 CF                         0.6496   1.6672
 Ivac, M/SEC                1752.5   2546.4
 Isp, M/SEC                  925.5   2375.2


 MOLE FRACTIONS

 *CO              0.00858  0.00551  0.00000
 *CO2             0.09038  0.09428  0.10150
 *H               0.00407  0.00236  0.00000
 *H2              0.01298  0.00875  0.00000
 H2O              0.70138  0.71659  0.75124
 *O               0.00630  0.00412  0.00000
 *OH              0.03211  0.02399  0.00002
 *O2              0.14418  0.14440  0.14724

  * THERMODYNAMIC PROPERTIES FITTED TO 20000.K

    PRODUCTS WHICH WERE CONSIDERED BUT WHOSE MOLE FRACTIONS
    WERE LESS THAN 5.000000E-06 FOR ALL ASSIGNED CONDITIONS

 *C              *CH             CH2             CH3             CH2OH          
 CH3O            CH4             CH3OH           CH3OOH          COOH           
 *C2             C2H             C2H2,acetylene  C2H2,vinylidene CH2CO,ketene   
 O(CH)2O         HO(CO)2OH       C2H3,vinyl      CH3CO,acetyl    C2H4           
 C2H4O,ethylen-o CH3CHO,ethanal  CH3COOH         OHCH2COOH       C2H5           
 C2H6            C2H5OH          CH3OCH3         CH3O2CH3        C2O            
 *C3             C3H3,1-propynl  C3H3,2-propynl  C3H4,allene     C3H4,propyne   
 C3H4,cyclo-     C3H5,allyl      C3H6,propylene  C3H6,cyclo-     C3H6O,propylox 
 C3H6O,acetone   C3H6O,propanal  C3H7,n-propyl   C3H7,i-propyl   C3H8           
 C3H8O,1propanol C3H8O,2propanol C3O2            *C4             C4H2,butadiyne 
 C4H4,1,3-cyclo- C4H6,butadiene  C4H6,1butyne    C4H6,2butyne    C4H6,cyclo-    
 C4H8,1-butene   C4H8,cis2-buten C4H8,tr2-butene C4H8,isobutene  C4H8,cyclo-    
 (CH3COOH)2      C4H9,n-butyl    C4H9,i-butyl    C4H9,s-butyl    C4H9,t-butyl   
 C4H10,n-butane  C4H10,isobutane *C5             C5H6,1,3cyclo-  C5H8,cyclo-    
 C5H10,1-pentene C5H10,cyclo-    C5H11,pentyl    C5H11,t-pentyl  C5H12,n-pentane
 C5H12,i-pentane CH3C(CH3)2CH3   C6H2            C6H5,phenyl     C6H5O,phenoxy  
 C6H6            C6H5OH,phenol   C6H10,cyclo-    C6H12,1-hexene  C6H12,cyclo-   
 C6H13,n-hexyl   C6H14,n-hexane  C7H7,benzyl     C7H8            C7H8O,cresol-mx
 C7H14,1-heptene C7H15,n-heptyl  C7H16,n-heptane C7H16,2-methylh C8H8,styrene   
 C8H10,ethylbenz C8H16,1-octene  C8H17,n-octyl   C8H18,n-octane  C8H18,isooctane
 C9H19,n-nonyl   C10H8,naphthale C10H21,n-decyl  C12H9,o-bipheny C12H10,biphenyl
 HCO             HCCO            HO2             HCHO,formaldehy HCOOH          
 H2O2            (HCOOH)2        O3              C(gr)           H2O(cr)        
 H2O(L)         

 NOTE. WEIGHT FRACTION OF FUEL IN TOTAL FUELS AND OF OXIDANT IN TOTAL OXIDANTS






 O/F =   8.898000

                       EFFECTIVE FUEL     EFFECTIVE OXIDANT        MIXTURE
 ENTHALPY                  h(2)/R              h(1)/R               h0/R
 (KG-MOL)(K)/KG       -0.72454409E+03     -0.66401406E+03     -0.67012944E+03

 KG-FORM.WT./KG             bi(2)               bi(1)               b0i
  *C                   0.43413669E-01      0.00000000E+00      0.43861052E-02
  *H                   0.13024101E+00      0.58798142E-01      0.66016052E-01
  *O                   0.21706834E-01      0.58798142E-01      0.55050789E-01

 POINT ITN      T            C           H           O 
   1    3    2149.109     -25.599     -14.154     -17.570
 Pinf/Pt = 1.718024
   2    4    2047.653     -26.556     -14.550     -17.752
 Pinf/Pt = 1.723688
   2    2    2047.018     -26.563     -14.552     -17.753
 Pinf/Pt = 1.723731
   2    1    2047.013     -26.563     -14.552     -17.753
   3    5    1098.102     -45.445     -20.996     -18.773





              THEORETICAL ROCKET PERFORMANCE ASSUMING EQUILIBRIUM

           COMPOSITION DURING EXPANSION FROM INFINITE AREA COMBUSTOR

 Pin =     0.2 PSIA
 CASE =                

             REACTANT                    WT FRACTION      ENERGY      TEMP
                                          (SEE NOTE)     KJ/KG-MOL      K  
 FUEL        C2H5OH(L)                    1.0000000   -277526.835    298.000
 OXIDANT     H2O2(L)                      1.0000000   -187793.400    298.000

 O/F=    8.89800  %FUEL= 10.103051  R,EQ.RATIO= 0.758940  PHI,EQ.RATIO= 0.497877

                 CHAMBER   THROAT     EXIT
 Pinf/P            1.0000   1.7237   102.04
 P, BAR           0.01500  0.00870  0.00015
 T, K             2149.11  2047.01  1098.10
 RHO, KG/CU M    1.8610-3 1.1427-3 3.6566-5
 H, KJ/KG        -5571.80 -5998.56 -8370.35
 U, KJ/KG        -6377.79 -6760.10 -8772.34
 G, KJ/KG        -35985.6 -34967.6 -23910.5
 S, KJ/(KG)(K)    14.1518  14.1518  14.1518

 M, (1/n)          22.170   22.349   22.712
 (dLV/dLP)t      -1.01042 -1.00683 -1.00000
 (dLV/dLT)p        1.3106   1.2154   1.0001
 Cp, KJ/(KG)(K)    5.7742   4.7951   1.8841
 GAMMAs            1.1125   1.1208   1.2412
 SON VEL,M/SEC      946.9    923.9    706.4
 MACH NUMBER        0.000    1.000    3.349

 TRANSPORT PROPERTIES (GASES ONLY)
   CONDUCTIVITY IN UNITS OF MILLIWATTS/(CM)(K)

 VISC,MILLIPOISE  0.80338  0.77563  0.47404

  WITH EQUILIBRIUM REACTIONS

 Cp, KJ/(KG)(K)    5.7742   4.7951   1.8841
 CONDUCTIVITY      9.6279   7.2932   1.0573
 PRANDTL NUMBER    0.4818   0.5100   0.8447

  WITH FROZEN REACTIONS

 Cp, KJ/(KG)(K)    2.2605   2.2355   1.8819
 CONDUCTIVITY      2.3893   2.2600   1.0557
 PRANDTL NUMBER    0.7601   0.7672   0.8450

 PERFORMANCE PARAMETERS

 Ae/At                      1.0000   12.203
 CSTAR, M/SEC               1420.9   1420.9
 CF                         0.6502   1.6651
 Ivac, M/SEC                1748.2   2535.7
 Isp, M/SEC                  923.9   2365.8


 MOLE FRACTIONS

 *CO              0.00798  0.00503  0.00000
 *CO2             0.08926  0.09300  0.09962
 *H               0.00380  0.00216  0.00000
 *H2              0.01228  0.00815  0.00000
 H2O              0.70191  0.71686  0.74967
 *O               0.00608  0.00392  0.00000
 *OH              0.03137  0.02322  0.00002
 *O2              0.14730  0.14766  0.15070

  * THERMODYNAMIC PROPERTIES FITTED TO 20000.K

    PRODUCTS WHICH WERE CONSIDERED BUT WHOSE MOLE FRACTIONS
    WERE LESS THAN 5.000000E-06 FOR ALL ASSIGNED CONDITIONS

 *C              *CH             CH2             CH3             CH2OH          
 CH3O            CH4             CH3OH           CH3OOH          COOH           
 *C2             C2H             C2H2,acetylene  C2H2,vinylidene CH2CO,ketene   
 O(CH)2O         HO(CO)2OH       C2H3,vinyl      CH3CO,acetyl    C2H4           
 C2H4O,ethylen-o CH3CHO,ethanal  CH3COOH         OHCH2COOH       C2H5           
 C2H6            C2H5OH          CH3OCH3         CH3O2CH3        C2O            
 *C3             C3H3,1-propynl  C3H3,2-propynl  C3H4,allene     C3H4,propyne   
 C3H4,cyclo-     C3H5,allyl      C3H6,propylene  C3H6,cyclo-     C3H6O,propylox 
 C3H6O,acetone   C3H6O,propanal  C3H7,n-propyl   C3H7,i-propyl   C3H8           
 C3H8O,1propanol C3H8O,2propanol C3O2            *C4             C4H2,butadiyne 
 C4H4,1,3-cyclo- C4H6,butadiene  C4H6,1butyne    C4H6,2butyne    C4H6,cyclo-    
 C4H8,1-butene   C4H8,cis2-buten C4H8,tr2-butene C4H8,isobutene  C4H8,cyclo-    
 (CH3COOH)2      C4H9,n-butyl    C4H9,i-butyl    C4H9,s-butyl    C4H9,t-butyl   
 C4H10,n-butane  C4H10,isobutane *C5             C5H6,1,3cyclo-  C5H8,cyclo-    
 C5H10,1-pentene C5H10,cyclo-    C5H11,pentyl    C5H11,t-pentyl  C5H12,n-pentane
 C5H12,i-pentane CH3C(CH3)2CH3   C6H2            C6H5,phenyl     C6H5O,phenoxy  
 C6H6            C6H5OH,phenol   C6H10,cyclo-    C6H12,1-hexene  C6H12,cyclo-   
 C6H13,n-hexyl   C6H14,n-hexane  C7H7,benzyl     C7H8            C7H8O,cresol-mx
 C7H14,1-heptene C7H15,n-heptyl  C7H16,n-heptane C7H16,2-methylh C8H8,styrene   
 C8H10,ethylbenz C8H16,1-octene  C8H17,n-octyl   C8H18,n-octane  C8H18,isooctane
 C9H19,n-nonyl   C10H8,naphthale C10H21,n-decyl  C12H9,o-bipheny C12H10,biphenyl
 HCO             HCCO            HO2             HCHO,formaldehy HCOOH          
 H2O2            (HCOOH)2        O3              C(gr)           H2O(cr)        
 H2O(L)         

 NOTE. WEIGHT FRACTION OF FUEL IN TOTAL FUELS AND OF OXIDANT IN TOTAL OXIDANTS






 O/F =   9.081600

                       EFFECTIVE FUEL     EFFECTIVE OXIDANT        MIXTURE
 ENTHALPY                  h(2)/R              h(1)/R               h0/R
 (KG-MOL)(K)/KG       -0.72454409E+03     -0.66401406E+03     -0.67001807E+03

 KG-FORM.WT./KG             bi(2)               bi(1)               b0i
  *C                   0.43413669E-01      0.00000000E+00      0.43062281E-02
  *H                   0.13024101E+00      0.58798142E-01      0.65884603E-01
  *O                   0.21706834E-01      0.58798142E-01      0.55119033E-01

 POINT ITN      T            C           H           O 
   1    3    2142.171     -25.697     -14.176     -17.553
 Pinf/Pt = 1.718747
   2    4    2039.312     -26.678     -14.579     -17.734
 Pinf/Pt = 1.724792
   2    2    2038.624     -26.685     -14.582     -17.735
 Pinf/Pt = 1.724841
   2    1    2038.619     -26.685     -14.582     -17.735
   3    5    1085.553     -45.968     -21.145     -18.745





              THEORETICAL ROCKET PERFORMANCE ASSUMING EQUILIBRIUM

           COMPOSITION DURING EXPANSION FROM INFINITE AREA COMBUSTOR

 Pin =     0.2 PSIA
 CASE =                

             REACTANT                    WT FRACTION      ENERGY      TEMP
                                          (SEE NOTE)     KJ/KG-MOL      K  
 FUEL        C2H5OH(L)                    1.0000000   -277526.835    298.000
 OXIDANT     H2O2(L)                      1.0000000   -187793.400    298.000

 O/F=    9.08160  %FUEL=  9.919060  R,EQ.RATIO= 0.753909  PHI,EQ.RATIO= 0.487811

                 CHAMBER   THROAT     EXIT
 Pinf/P            1.0000   1.7248   102.04
 P, BAR           0.01500  0.00870  0.00015
 T, K             2142.17  2038.62  1085.55
 RHO, KG/CU M    1.8691-3 1.1477-3 3.6988-5
 H, KJ/KG        -5570.87 -5996.16 -8347.83
 U, KJ/KG        -6373.39 -6753.89 -8745.25
 G, KJ/KG        -35839.1 -34801.3 -23686.4
 S, KJ/(KG)(K)    14.1297  14.1297  14.1297

 M, (1/n)          22.194   22.370   22.711
 (dLV/dLP)t      -1.00990 -1.00640 -1.00000
 (dLV/dLT)p        1.2965   1.2029   1.0001
 Cp, KJ/(KG)(K)    5.6232   4.6541   1.8755
 GAMMAs            1.1137   1.1225   1.2426
 SON VEL,M/SEC      945.4    922.3    702.7
 MACH NUMBER        0.000    1.000    3.354

 TRANSPORT PROPERTIES (GASES ONLY)
   CONDUCTIVITY IN UNITS OF MILLIWATTS/(CM)(K)

 VISC,MILLIPOISE  0.80114  0.77290  0.46938

  WITH EQUILIBRIUM REACTIONS

 Cp, KJ/(KG)(K)    5.6232   4.6541   1.8755
 CONDUCTIVITY      9.2901   6.9834   1.0408
 PRANDTL NUMBER    0.4849   0.5151   0.8458

  WITH FROZEN REACTIONS

 Cp, KJ/(KG)(K)    2.2562   2.2307   1.8736
 CONDUCTIVITY      2.3768   2.2459   1.0394
 PRANDTL NUMBER    0.7605   0.7677   0.8461

 PERFORMANCE PARAMETERS

 Ae/At                      1.0000   12.143
 CSTAR, M/SEC               1417.1   1417.1
 CF                         0.6508   1.6630
 Ivac, M/SEC                1743.9   2525.3
 Isp, M/SEC                  922.3   2356.7


 MOLE FRACTIONS

 *CO              0.00742  0.00459  0.00000
 *CO2             0.08816  0.09174  0.09780
 *H               0.00355  0.00197  0.00000
 *H2              0.01163  0.00760  0.00000
 H2O              0.70240  0.71709  0.74816
 *O               0.00587  0.00373  0.00000
 *OH              0.03064  0.02246  0.00002
 *O2              0.15034  0.15082  0.15403

  * THERMODYNAMIC PROPERTIES FITTED TO 20000.K

    PRODUCTS WHICH WERE CONSIDERED BUT WHOSE MOLE FRACTIONS
    WERE LESS THAN 5.000000E-06 FOR ALL ASSIGNED CONDITIONS

 *C              *CH             CH2             CH3             CH2OH          
 CH3O            CH4             CH3OH           CH3OOH          COOH           
 *C2             C2H             C2H2,acetylene  C2H2,vinylidene CH2CO,ketene   
 O(CH)2O         HO(CO)2OH       C2H3,vinyl      CH3CO,acetyl    C2H4           
 C2H4O,ethylen-o CH3CHO,ethanal  CH3COOH         OHCH2COOH       C2H5           
 C2H6            C2H5OH          CH3OCH3         CH3O2CH3        C2O            
 *C3             C3H3,1-propynl  C3H3,2-propynl  C3H4,allene     C3H4,propyne   
 C3H4,cyclo-     C3H5,allyl      C3H6,propylene  C3H6,cyclo-     C3H6O,propylox 
 C3H6O,acetone   C3H6O,propanal  C3H7,n-propyl   C3H7,i-propyl   C3H8           
 C3H8O,1propanol C3H8O,2propanol C3O2            *C4             C4H2,butadiyne 
 C4H4,1,3-cyclo- C4H6,butadiene  C4H6,1butyne    C4H6,2butyne    C4H6,cyclo-    
 C4H8,1-butene   C4H8,cis2-buten C4H8,tr2-butene C4H8,isobutene  C4H8,cyclo-    
 (CH3COOH)2      C4H9,n-butyl    C4H9,i-butyl    C4H9,s-butyl    C4H9,t-butyl   
 C4H10,n-butane  C4H10,isobutane *C5             C5H6,1,3cyclo-  C5H8,cyclo-    
 C5H10,1-pentene C5H10,cyclo-    C5H11,pentyl    C5H11,t-pentyl  C5H12,n-pentane
 C5H12,i-pentane CH3C(CH3)2CH3   C6H2            C6H5,phenyl     C6H5O,phenoxy  
 C6H6            C6H5OH,phenol   C6H10,cyclo-    C6H12,1-hexene  C6H12,cyclo-   
 C6H13,n-hexyl   C6H14,n-hexane  C7H7,benzyl     C7H8            C7H8O,cresol-mx
 C7H14,1-heptene C7H15,n-heptyl  C7H16,n-heptane C7H16,2-methylh C8H8,styrene   
 C8H10,ethylbenz C8H16,1-octene  C8H17,n-octyl   C8H18,n-octane  C8H18,isooctane
 C9H19,n-nonyl   C10H8,naphthale C10H21,n-decyl  C12H9,o-bipheny C12H10,biphenyl
 HCO             HCCO            HO2             HCHO,formaldehy HCOOH          
 H2O2            (HCOOH)2        O3              C(gr)           H2O(cr)        
 H2O(L)         

 NOTE. WEIGHT FRACTION OF FUEL IN TOTAL FUELS AND OF OXIDANT IN TOTAL OXIDANTS






 O/F =   9.265300

                       EFFECTIVE FUEL     EFFECTIVE OXIDANT        MIXTURE
 ENTHALPY                  h(2)/R              h(1)/R               h0/R
 (KG-MOL)(K)/KG       -0.72454409E+03     -0.66401406E+03     -0.66991063E+03

 KG-FORM.WT./KG             bi(2)               bi(1)               b0i
  *C                   0.43413669E-01      0.00000000E+00      0.42291671E-02
  *H                   0.13024101E+00      0.58798142E-01      0.65757789E-01
  *O                   0.21706834E-01      0.58798142E-01      0.55184872E-01

 POINT ITN      T            C           H           O 
   1    3    2135.256     -25.794     -14.198     -17.538
 Pinf/Pt = 1.719481
   2    4    2030.988     -26.799     -14.608     -17.717
 Pinf/Pt = 1.725910
   2    2    2030.247     -26.806     -14.611     -17.718
 Pinf/Pt = 1.725965
   2    1    2030.240     -26.806     -14.611     -17.718
   3    5    1073.484     -46.481     -21.291     -18.719





              THEORETICAL ROCKET PERFORMANCE ASSUMING EQUILIBRIUM

           COMPOSITION DURING EXPANSION FROM INFINITE AREA COMBUSTOR

 Pin =     0.2 PSIA
 CASE =                

             REACTANT                    WT FRACTION      ENERGY      TEMP
                                          (SEE NOTE)     KJ/KG-MOL      K  
 FUEL        C2H5OH(L)                    1.0000000   -277526.835    298.000
 OXIDANT     H2O2(L)                      1.0000000   -187793.400    298.000

 O/F=    9.26530  %FUEL=  9.741557  R,EQ.RATIO= 0.749068  PHI,EQ.RATIO= 0.478140

                 CHAMBER   THROAT     EXIT
 Pinf/P            1.0000   1.7260   102.04
 P, BAR           0.01500  0.00869  0.00015
 T, K             2135.26  2030.24  1073.48
 RHO, KG/CU M    1.8770-3 1.1526-3 3.7403-5
 H, KJ/KG        -5569.98 -5993.83 -8325.92
 U, KJ/KG        -6369.08 -6747.80 -8718.92
 G, KJ/KG        -35694.8 -34637.0 -23470.9
 S, KJ/(KG)(K)    14.1083  14.1083  14.1083

 M, (1/n)          22.217   22.389   22.711
 (dLV/dLP)t      -1.00942 -1.00599 -1.00000
 (dLV/dLT)p        1.2832   1.1912   1.0001
 Cp, KJ/(KG)(K)    5.4791   4.5208   1.8673
 GAMMAs            1.1149   1.1243   1.2439
 SON VEL,M/SEC      943.9    920.7    699.2
 MACH NUMBER        0.000    1.000    3.358

 TRANSPORT PROPERTIES (GASES ONLY)
   CONDUCTIVITY IN UNITS OF MILLIWATTS/(CM)(K)

 VISC,MILLIPOISE  0.79891  0.77017  0.46489

  WITH EQUILIBRIUM REACTIONS

 Cp, KJ/(KG)(K)    5.4791   4.5208   1.8673
 CONDUCTIVITY      8.9667   6.6906   1.0250
 PRANDTL NUMBER    0.4882   0.5204   0.8469

  WITH FROZEN REACTIONS

 Cp, KJ/(KG)(K)    2.2520   2.2260   1.8657
 CONDUCTIVITY      2.3644   2.2319   1.0238
 PRANDTL NUMBER    0.7609   0.7681   0.8472

 PERFORMANCE PARAMETERS

 Ae/At                      1.0000   12.085
 CSTAR, M/SEC               1413.4   1413.4
 CF                         0.6514   1.6611
 Ivac, M/SEC                1739.6   2515.1
 Isp, M/SEC                  920.7   2347.7


 MOLE FRACTIONS

 *CO              0.00690  0.00419  0.00000
 *CO2             0.08706  0.09050  0.09605
 *H               0.00331  0.00180  0.00000
 *H2              0.01100  0.00708  0.00000
 H2O              0.70285  0.71728  0.74670
 *O               0.00566  0.00354  0.00000
 *OH              0.02991  0.02171  0.00001
 *O2              0.15330  0.15390  0.15724

  * THERMODYNAMIC PROPERTIES FITTED TO 20000.K

    PRODUCTS WHICH WERE CONSIDERED BUT WHOSE MOLE FRACTIONS
    WERE LESS THAN 5.000000E-06 FOR ALL ASSIGNED CONDITIONS

 *C              *CH             CH2             CH3             CH2OH          
 CH3O            CH4             CH3OH           CH3OOH          COOH           
 *C2             C2H             C2H2,acetylene  C2H2,vinylidene CH2CO,ketene   
 O(CH)2O         HO(CO)2OH       C2H3,vinyl      CH3CO,acetyl    C2H4           
 C2H4O,ethylen-o CH3CHO,ethanal  CH3COOH         OHCH2COOH       C2H5           
 C2H6            C2H5OH          CH3OCH3         CH3O2CH3        C2O            
 *C3             C3H3,1-propynl  C3H3,2-propynl  C3H4,allene     C3H4,propyne   
 C3H4,cyclo-     C3H5,allyl      C3H6,propylene  C3H6,cyclo-     C3H6O,propylox 
 C3H6O,acetone   C3H6O,propanal  C3H7,n-propyl   C3H7,i-propyl   C3H8           
 C3H8O,1propanol C3H8O,2propanol C3O2            *C4             C4H2,butadiyne 
 C4H4,1,3-cyclo- C4H6,butadiene  C4H6,1butyne    C4H6,2butyne    C4H6,cyclo-    
 C4H8,1-butene   C4H8,cis2-buten C4H8,tr2-butene C4H8,isobutene  C4H8,cyclo-    
 (CH3COOH)2      C4H9,n-butyl    C4H9,i-butyl    C4H9,s-butyl    C4H9,t-butyl   
 C4H10,n-butane  C4H10,isobutane *C5             C5H6,1,3cyclo-  C5H8,cyclo-    
 C5H10,1-pentene C5H10,cyclo-    C5H11,pentyl    C5H11,t-pentyl  C5H12,n-pentane
 C5H12,i-pentane CH3C(CH3)2CH3   C6H2            C6H5,phenyl     C6H5O,phenoxy  
 C6H6            C6H5OH,phenol   C6H10,cyclo-    C6H12,1-hexene  C6H12,cyclo-   
 C6H13,n-hexyl   C6H14,n-hexane  C7H7,benzyl     C7H8            C7H8O,cresol-mx
 C7H14,1-heptene C7H15,n-heptyl  C7H16,n-heptane C7H16,2-methylh C8H8,styrene   
 C8H10,ethylbenz C8H16,1-octene  C8H17,n-octyl   C8H18,n-octane  C8H18,isooctane
 C9H19,n-nonyl   C10H8,naphthale C10H21,n-decyl  C12H9,o-bipheny C12H10,biphenyl
 HCO             HCCO            HO2             HCHO,formaldehy HCOOH          
 H2O2            (HCOOH)2        O3              C(gr)           H2O(cr)        
 H2O(L)         

 NOTE. WEIGHT FRACTION OF FUEL IN TOTAL FUELS AND OF OXIDANT IN TOTAL OXIDANTS






 O/F =   9.449000

                       EFFECTIVE FUEL     EFFECTIVE OXIDANT        MIXTURE
 ENTHALPY                  h(2)/R              h(1)/R               h0/R
 (KG-MOL)(K)/KG       -0.72454409E+03     -0.66401406E+03     -0.66980696E+03

 KG-FORM.WT./KG             bi(2)               bi(1)               b0i
  *C                   0.43413669E-01      0.00000000E+00      0.41548157E-02
  *H                   0.13024101E+00      0.58798142E-01      0.65635434E-01
  *O                   0.21706834E-01      0.58798142E-01      0.55248395E-01

 POINT ITN      T            C           H           O 
   1    3    2128.371     -25.890     -14.220     -17.523
 Pinf/Pt = 1.720225
   2    4    2022.691     -26.919     -14.636     -17.700
 Pinf/Pt = 1.727040
   2    2    2021.895     -26.927     -14.640     -17.701
 Pinf/Pt = 1.727101
   2    1    2021.888     -26.928     -14.640     -17.701
   3    5    1061.875     -46.986     -21.435     -18.694





              THEORETICAL ROCKET PERFORMANCE ASSUMING EQUILIBRIUM

           COMPOSITION DURING EXPANSION FROM INFINITE AREA COMBUSTOR

 Pin =     0.2 PSIA
 CASE =                

             REACTANT                    WT FRACTION      ENERGY      TEMP
                                          (SEE NOTE)     KJ/KG-MOL      K  
 FUEL        C2H5OH(L)                    1.0000000   -277526.835    298.000
 OXIDANT     H2O2(L)                      1.0000000   -187793.400    298.000

 O/F=    9.44900  %FUEL=  9.570294  R,EQ.RATIO= 0.744408  PHI,EQ.RATIO= 0.468844

                 CHAMBER   THROAT     EXIT
 Pinf/P            1.0000   1.7271   102.04
 P, BAR           0.01500  0.00868  0.00015
 T, K             2128.37  2021.89  1061.87
 RHO, KG/CU M    1.8850-3 1.1576-3 3.7811-5
 H, KJ/KG        -5569.12 -5991.55 -8304.59
 U, KJ/KG        -6364.86 -6741.82 -8693.36
 G, KJ/KG        -35552.6 -34474.9 -23263.8
 S, KJ/(KG)(K)    14.0875  14.0875  14.0875

 M, (1/n)          22.239   22.407   22.710
 (dLV/dLP)t      -1.00895 -1.00561 -1.00000
 (dLV/dLT)p        1.2705   1.1801   1.0000
 Cp, KJ/(KG)(K)    5.3416   4.3950   1.8594
 GAMMAs            1.1161   1.1261   1.2452
 SON VEL,M/SEC      942.4    919.2    695.8
 MACH NUMBER        0.000    1.000    3.362

 TRANSPORT PROPERTIES (GASES ONLY)
   CONDUCTIVITY IN UNITS OF MILLIWATTS/(CM)(K)

 VISC,MILLIPOISE  0.79668  0.76744  0.46057

  WITH EQUILIBRIUM REACTIONS

 Cp, KJ/(KG)(K)    5.3416   4.3950   1.8594
 CONDUCTIVITY      8.6576   6.4141   1.0099
 PRANDTL NUMBER    0.4915   0.5259   0.8480

  WITH FROZEN REACTIONS

 Cp, KJ/(KG)(K)    2.2479   2.2213   1.8581
 CONDUCTIVITY      2.3522   2.2181   1.0090
 PRANDTL NUMBER    0.7613   0.7685   0.8482

 PERFORMANCE PARAMETERS

 Ae/At                      1.0000   12.031
 CSTAR, M/SEC               1409.7   1409.7
 CF                         0.6520   1.6592
 Ivac, M/SEC                1735.4   2505.2
 Isp, M/SEC                  919.2   2339.0


 MOLE FRACTIONS

 *CO              0.00642  0.00382  0.00000
 *CO2             0.08598  0.08927  0.09436
 *H               0.00309  0.00165  0.00000
 *H2              0.01042  0.00660  0.00000
 H2O              0.70326  0.71742  0.74529
 *O               0.00545  0.00336  0.00000
 *OH              0.02920  0.02098  0.00001
 *O2              0.15618  0.15690  0.16034

  * THERMODYNAMIC PROPERTIES FITTED TO 20000.K

    PRODUCTS WHICH WERE CONSIDERED BUT WHOSE MOLE FRACTIONS
    WERE LESS THAN 5.000000E-06 FOR ALL ASSIGNED CONDITIONS

 *C              *CH             CH2             CH3             CH2OH          
 CH3O            CH4             CH3OH           CH3OOH          COOH           
 *C2             C2H             C2H2,acetylene  C2H2,vinylidene CH2CO,ketene   
 O(CH)2O         HO(CO)2OH       C2H3,vinyl      CH3CO,acetyl    C2H4           
 C2H4O,ethylen-o CH3CHO,ethanal  CH3COOH         OHCH2COOH       C2H5           
 C2H6            C2H5OH          CH3OCH3         CH3O2CH3        C2O            
 *C3             C3H3,1-propynl  C3H3,2-propynl  C3H4,allene     C3H4,propyne   
 C3H4,cyclo-     C3H5,allyl      C3H6,propylene  C3H6,cyclo-     C3H6O,propylox 
 C3H6O,acetone   C3H6O,propanal  C3H7,n-propyl   C3H7,i-propyl   C3H8           
 C3H8O,1propanol C3H8O,2propanol C3O2            *C4             C4H2,butadiyne 
 C4H4,1,3-cyclo- C4H6,butadiene  C4H6,1butyne    C4H6,2butyne    C4H6,cyclo-    
 C4H8,1-butene   C4H8,cis2-buten C4H8,tr2-butene C4H8,isobutene  C4H8,cyclo-    
 (CH3COOH)2      C4H9,n-butyl    C4H9,i-butyl    C4H9,s-butyl    C4H9,t-butyl   
 C4H10,n-butane  C4H10,isobutane *C5             C5H6,1,3cyclo-  C5H8,cyclo-    
 C5H10,1-pentene C5H10,cyclo-    C5H11,pentyl    C5H11,t-pentyl  C5H12,n-pentane
 C5H12,i-pentane CH3C(CH3)2CH3   C6H2            C6H5,phenyl     C6H5O,phenoxy  
 C6H6            C6H5OH,phenol   C6H10,cyclo-    C6H12,1-hexene  C6H12,cyclo-   
 C6H13,n-hexyl   C6H14,n-hexane  C7H7,benzyl     C7H8            C7H8O,cresol-mx
 C7H14,1-heptene C7H15,n-heptyl  C7H16,n-heptane C7H16,2-methylh C8H8,styrene   
 C8H10,ethylbenz C8H16,1-octene  C8H17,n-octyl   C8H18,n-octane  C8H18,isooctane
 C9H19,n-nonyl   C10H8,naphthale C10H21,n-decyl  C12H9,o-bipheny C12H10,biphenyl
 HCO             HCCO            HO2             HCHO,formaldehy HCOOH          
 H2O2            (HCOOH)2        O3              C(gr)           H2O(cr)        
 H2O(L)         

 NOTE. WEIGHT FRACTION OF FUEL IN TOTAL FUELS AND OF OXIDANT IN TOTAL OXIDANTS






 O/F =   9.632700

                       EFFECTIVE FUEL     EFFECTIVE OXIDANT        MIXTURE
 ENTHALPY                  h(2)/R              h(1)/R               h0/R
 (KG-MOL)(K)/KG       -0.72454409E+03     -0.66401406E+03     -0.66970688E+03

 KG-FORM.WT./KG             bi(2)               bi(1)               b0i
  *C                   0.43413669E-01      0.00000000E+00      0.40830334E-02
  *H                   0.13024101E+00      0.58798142E-01      0.65517307E-01
  *O                   0.21706834E-01      0.58798142E-01      0.55309724E-01

 POINT ITN      T            C           H           O 
   1    3    2121.519     -25.986     -14.242     -17.508
 Pinf/Pt = 1.720979
   2    4    2014.427     -27.039     -14.665     -17.684
 Pinf/Pt = 1.728179
   2    2    2013.574     -27.048     -14.669     -17.685
 Pinf/Pt = 1.728247
   2    1    2013.566     -27.048     -14.669     -17.685
   3    5    1050.699     -47.482     -21.577     -18.670





              THEORETICAL ROCKET PERFORMANCE ASSUMING EQUILIBRIUM

           COMPOSITION DURING EXPANSION FROM INFINITE AREA COMBUSTOR

 Pin =     0.2 PSIA
 CASE =                

             REACTANT                    WT FRACTION      ENERGY      TEMP
                                          (SEE NOTE)     KJ/KG-MOL      K  
 FUEL        C2H5OH(L)                    1.0000000   -277526.835    298.000
 OXIDANT     H2O2(L)                      1.0000000   -187793.400    298.000

 O/F=    9.63270  %FUEL=  9.404949  R,EQ.RATIO= 0.739919  PHI,EQ.RATIO= 0.459903

                 CHAMBER   THROAT     EXIT
 Pinf/P            1.0000   1.7282   102.04
 P, BAR           0.01500  0.00868  0.00015
 T, K             2121.52  2013.57  1050.70
 RHO, KG/CU M    1.8928-3 1.1624-3 3.8212-5
 H, KJ/KG        -5568.28 -5989.34 -8283.83
 U, KJ/KG        -6360.74 -6735.96 -8668.52
 G, KJ/KG        -35412.5 -34314.9 -23064.4
 S, KJ/(KG)(K)    14.0674  14.0674  14.0674

 M, (1/n)          22.259   22.423   22.710
 (dLV/dLP)t      -1.00851 -1.00526 -1.00000
 (dLV/dLT)p        1.2584   1.1698   1.0000
 Cp, KJ/(KG)(K)    5.2104   4.2762   1.8518
 GAMMAs            1.1173   1.1279   1.2465
 SON VEL,M/SEC      941.0    917.7    692.5
 MACH NUMBER        0.000    1.000    3.366

 TRANSPORT PROPERTIES (GASES ONLY)
   CONDUCTIVITY IN UNITS OF MILLIWATTS/(CM)(K)

 VISC,MILLIPOISE  0.79447  0.76473  0.45641

  WITH EQUILIBRIUM REACTIONS

 Cp, KJ/(KG)(K)    5.2104   4.2762   1.8518
 CONDUCTIVITY      8.3621   6.1534   0.9955
 PRANDTL NUMBER    0.4950   0.5314   0.8490

  WITH FROZEN REACTIONS

 Cp, KJ/(KG)(K)    2.2438   2.2168   1.8507
 CONDUCTIVITY      2.3403   2.2046   0.9947
 PRANDTL NUMBER    0.7617   0.7690   0.8491

 PERFORMANCE PARAMETERS

 Ae/At                      1.0000   11.979
 CSTAR, M/SEC               1406.1   1406.1
 CF                         0.6526   1.6574
 Ivac, M/SEC                1731.3   2495.5
 Isp, M/SEC                  917.7   2330.5


 MOLE FRACTIONS

 *CO              0.00597  0.00349  0.00000
 *CO2             0.08491  0.08806  0.09272
 *H               0.00289  0.00150  0.00000
 *H2              0.00987  0.00615  0.00000
 H2O              0.70362  0.71753  0.74393
 *O               0.00525  0.00318  0.00000
 *OH              0.02849  0.02027  0.00001
 *O2              0.15899  0.15982  0.16334

  * THERMODYNAMIC PROPERTIES FITTED TO 20000.K

    PRODUCTS WHICH WERE CONSIDERED BUT WHOSE MOLE FRACTIONS
    WERE LESS THAN 5.000000E-06 FOR ALL ASSIGNED CONDITIONS

 *C              *CH             CH2             CH3             CH2OH          
 CH3O            CH4             CH3OH           CH3OOH          COOH           
 *C2             C2H             C2H2,acetylene  C2H2,vinylidene CH2CO,ketene   
 O(CH)2O         HO(CO)2OH       C2H3,vinyl      CH3CO,acetyl    C2H4           
 C2H4O,ethylen-o CH3CHO,ethanal  CH3COOH         OHCH2COOH       C2H5           
 C2H6            C2H5OH          CH3OCH3         CH3O2CH3        C2O            
 *C3             C3H3,1-propynl  C3H3,2-propynl  C3H4,allene     C3H4,propyne   
 C3H4,cyclo-     C3H5,allyl      C3H6,propylene  C3H6,cyclo-     C3H6O,propylox 
 C3H6O,acetone   C3H6O,propanal  C3H7,n-propyl   C3H7,i-propyl   C3H8           
 C3H8O,1propanol C3H8O,2propanol C3O2            *C4             C4H2,butadiyne 
 C4H4,1,3-cyclo- C4H6,butadiene  C4H6,1butyne    C4H6,2butyne    C4H6,cyclo-    
 C4H8,1-butene   C4H8,cis2-buten C4H8,tr2-butene C4H8,isobutene  C4H8,cyclo-    
 (CH3COOH)2      C4H9,n-butyl    C4H9,i-butyl    C4H9,s-butyl    C4H9,t-butyl   
 C4H10,n-butane  C4H10,isobutane *C5             C5H6,1,3cyclo-  C5H8,cyclo-    
 C5H10,1-pentene C5H10,cyclo-    C5H11,pentyl    C5H11,t-pentyl  C5H12,n-pentane
 C5H12,i-pentane CH3C(CH3)2CH3   C6H2            C6H5,phenyl     C6H5O,phenoxy  
 C6H6            C6H5OH,phenol   C6H10,cyclo-    C6H12,1-hexene  C6H12,cyclo-   
 C6H13,n-hexyl   C6H14,n-hexane  C7H7,benzyl     C7H8            C7H8O,cresol-mx
 C7H14,1-heptene C7H15,n-heptyl  C7H16,n-heptane C7H16,2-methylh C8H8,styrene   
 C8H10,ethylbenz C8H16,1-octene  C8H17,n-octyl   C8H18,n-octane  C8H18,isooctane
 C9H19,n-nonyl   C10H8,naphthale C10H21,n-decyl  C12H9,o-bipheny C12H10,biphenyl
 HCO             HCCO            HO2             HCHO,formaldehy HCOOH          
 H2O2            (HCOOH)2        O3              C(gr)           H2O(cr)        
 H2O(L)         

 NOTE. WEIGHT FRACTION OF FUEL IN TOTAL FUELS AND OF OXIDANT IN TOTAL OXIDANTS



