
 *******************************************************************************

         NASA-GLENN CHEMICAL EQUILIBRIUM PROGRAM CEA2, MAY 21, 2004
                   BY  BONNIE MCBRIDE AND SANFORD GORDON
      REFS: NASA RP-1311, PART I, 1994 AND NASA RP-1311, PART II, 1996

 *******************************************************************************



 problem rocket eq
     p(psi) = 0.21755
     o/f = 6.5102, 6.6939, 6.8776, 7.0612, 7.2449, 7.4286
     pip = 102.0408
 reac
     fuel = C2H5OH(L) t(K) = 298.000 wt% = 100.000
     ox = H2O2(L) t(K) = 298.000 wt% = 100.000
 outp trans
 end

 OPTIONS: TP=F  HP=F  SP=F  TV=F  UV=F  SV=F  DETN=F  SHOCK=F  REFL=F  INCD=F
 RKT=T  FROZ=F  EQL=T  IONS=F  SIUNIT=T  DEBUGF=F  SHKDBG=F  DETDBG=F  TRNSPT=T

 TRACE= 0.00E+00  S/R= 0.000000E+00  H/R= 0.000000E+00  U/R= 0.000000E+00

 Pc,BAR =     0.014999

 Pc/P =   102.0408

 SUBSONIC AREA RATIOS =

 SUPERSONIC AREA RATIOS =

 NFZ=  1  Mdot/Ac= 0.000000E+00  Ac/At= 0.000000E+00

    REACTANT          WT.FRAC   (ENERGY/R),K   TEMP,K  DENSITY
        EXPLODED FORMULA
 F: C2H5OH(L)        1.000000  -0.333786E+05   298.00  0.0000
          C  2.00000  H  6.00000  O  1.00000
 O: H2O2(L)          1.000000  -0.225862E+05   298.00  0.0000
          H  2.00000  O  2.00000

  SPECIES BEING CONSIDERED IN THIS SYSTEM
 (CONDENSED PHASE MAY HAVE NAME LISTED SEVERAL TIMES)
  LAST thermo.inp UPDATE:    9/09/04

  g 7/97  *C               tpis79  *CH              g 4/02  CH2            
  g 4/02  CH3              g11/00  CH2OH            g 7/00  CH3O           
  g 8/99  CH4              g 7/00  CH3OH            srd 01  CH3OOH         
  tpis79  *CO              g 9/99  *CO2             tpis91  COOH           
  tpis91  *C2              g 6/01  C2H              g 1/91  C2H2,acetylene 
  g 5/01  C2H2,vinylidene  g 4/02  CH2CO,ketene     g 3/02  O(CH)2O        
  srd 01  HO(CO)2OH        g 7/01  C2H3,vinyl       g 6/96  CH3CO,acetyl   
  g 1/00  C2H4             g 8/88  C2H4O,ethylen-o  g 8/88  CH3CHO,ethanal 
  g 6/00  CH3COOH          srd 01  OHCH2COOH        g 7/00  C2H5           
  g 7/00  C2H6             g 8/88  C2H5OH           g 7/00  CH3OCH3        
  srd 01  CH3O2CH3         g 8/00  C2O              tpis79  *C3            
  n 4/98  C3H3,1-propynl   n 4/98  C3H3,2-propynl   g 2/00  C3H4,allene    
  g 1/00  C3H4,propyne     g 5/90  C3H4,cyclo-      g 3/01  C3H5,allyl     
  g 2/00  C3H6,propylene   g 1/00  C3H6,cyclo-      g 6/01  C3H6O,propylox 
  g 6/97  C3H6O,acetone    g 1/02  C3H6O,propanal   g 7/01  C3H7,n-propyl  
  g 9/85  C3H7,i-propyl    g 2/00  C3H8             g 2/00  C3H8O,1propanol
  g 2/00  C3H8O,2propanol  g 7/88  C3O2             g tpis  *C4            
  g 7/01  C4H2,butadiyne   g 8/00  C4H4,1,3-cyclo-  n10/92  C4H6,butadiene 
  n10/93  C4H6,1butyne     n10/93  C4H6,2butyne     g 8/00  C4H6,cyclo-    
  n 4/88  C4H8,1-butene    n 4/88  C4H8,cis2-buten  n 4/88  C4H8,tr2-butene
  n 4/88  C4H8,isobutene   g 8/00  C4H8,cyclo-      g10/00  (CH3COOH)2     
  n10/84  C4H9,n-butyl     n10/84  C4H9,i-butyl     g 1/93  C4H9,s-butyl   
  g 1/93  C4H9,t-butyl     g12/00  C4H10,n-butane   g 8/00  C4H10,isobutane
  g 8/00  *C5              g 5/90  C5H6,1,3cyclo-   g 1/93  C5H8,cyclo-    
  n 4/87  C5H10,1-pentene  g 2/01  C5H10,cyclo-     n10/84  C5H11,pentyl   
  g 1/93  C5H11,t-pentyl   n10/85  C5H12,n-pentane  n10/85  C5H12,i-pentane
  n10/85  CH3C(CH3)2CH3    g 2/93  C6H2             g11/00  C6H5,phenyl    
  g 8/00  C6H5O,phenoxy    g 8/00  C6H6             g 8/00  C6H5OH,phenol  
  g 1/93  C6H10,cyclo-     n 4/87  C6H12,1-hexene   g 6/90  C6H12,cyclo-   
  n10/83  C6H13,n-hexyl    g 6/01  C6H14,n-hexane   g 7/01  C7H7,benzyl    
  g 1/93  C7H8             g12/00  C7H8O,cresol-mx  n 4/87  C7H14,1-heptene
  n10/83  C7H15,n-heptyl   n10/85  C7H16,n-heptane  n10/85  C7H16,2-methylh
  n 4/89  C8H8,styrene     n10/86  C8H10,ethylbenz  n 4/87  C8H16,1-octene 
  n10/83  C8H17,n-octyl    n 4/85  C8H18,n-octane   n 4/85  C8H18,isooctane
  n10/83  C9H19,n-nonyl    g 3/01  C10H8,naphthale  n10/83  C10H21,n-decyl 
  g 8/00  C12H9,o-bipheny  g 8/00  C12H10,biphenyl  g 6/97  *H             
  g 1/01  HCO              g 6/01  HCCO             g 4/02  HO2            
  tpis78  *H2              g 5/01  HCHO,formaldehy  g 6/01  HCOOH          
  g 8/89  H2O              g 6/99  H2O2             g 6/01  (HCOOH)2       
  g 5/97  *O               g 4/02  *OH              tpis89  *O2            
  g 8/01  O3               n 4/83  C(gr)            n 4/83  C(gr)          
  n 4/83  C(gr)            g11/99  H2O(cr)          g 8/01  H2O(L)         
  g 8/01  H2O(L)         

 SPECIES WITH TRANSPORT PROPERTIES

        PURE SPECIES

  C                 CH4               CH3OH             CO              
  CO2               C2H2,acetylene  
  C2H4              C2H6              C2H5OH            H               
  H2                H2O             
  O                 OH                O2              

     BINARY INTERACTIONS

     C               O               
     CH4             O2              
     CO              CO2             
     CO              O2              
     CO2             H2              
     CO2             H2O             
     CO2             O2              
     H               H2              
     H               O               
     H2              H2O             
     H2              O2              
     H2O             O2              
     O               O2              


 O/F =   6.510200

                       EFFECTIVE FUEL     EFFECTIVE OXIDANT        MIXTURE
 ENTHALPY                  h(2)/R              h(1)/R               h0/R
 (KG-MOL)(K)/KG       -0.72454409E+03     -0.66401406E+03     -0.67207377E+03

 KG-FORM.WT./KG             bi(2)               bi(1)               b0i
  *C                   0.43413669E-01      0.00000000E+00      0.57806275E-02
  *H                   0.13024101E+00      0.58798142E-01      0.68310920E-01
  *O                   0.21706834E-01      0.58798142E-01      0.53859351E-01

 POINT ITN      T            C           H           O 
   1   28    2240.055     -24.243     -13.847     -17.841
 Pinf/Pt = 1.709983
   2    3    2155.195     -24.922     -14.166     -18.048
 Pinf/Pt = 1.711399
   2    2    2155.064     -24.923     -14.167     -18.048
   3    5    1323.571     -37.614     -18.785     -19.296





              THEORETICAL ROCKET PERFORMANCE ASSUMING EQUILIBRIUM

           COMPOSITION DURING EXPANSION FROM INFINITE AREA COMBUSTOR

 Pin =     0.2 PSIA
 CASE =                

             REACTANT                    WT FRACTION      ENERGY      TEMP
                                          (SEE NOTE)     KJ/KG-MOL      K  
 FUEL        C2H5OH(L)                    1.0000000   -277526.835    298.000
 OXIDANT     H2O2(L)                      1.0000000   -187793.400    298.000

 O/F=    6.51020  %FUEL= 13.315225  R,EQ.RATIO= 0.848817  PHI,EQ.RATIO= 0.680487

                 CHAMBER   THROAT     EXIT
 Pinf/P            1.0000   1.7114   102.04
 P, BAR           0.01500  0.00876  0.00015
 T, K             2240.06  2155.06  1323.57
 RHO, KG/CU M    1.7473-3 1.0722-3 3.0349-5
 H, KJ/KG        -5587.96 -6038.14 -8727.32
 U, KJ/KG        -6446.41 -6855.54 -9211.67
 G, KJ/KG        -38123.5 -37339.2 -27951.4
 S, KJ/(KG)(K)    14.5244  14.5244  14.5244

 M, (1/n)          21.696   21.921   22.721
 (dLV/dLP)t      -1.02017 -1.01581 -1.00003
 (dLV/dLT)p        1.5680   1.4645   1.0018
 Cp, KJ/(KG)(K)    8.5190   7.5377   2.0623
 GAMMAs            1.0994   1.1015   1.2166
 SON VEL,M/SEC      971.5    948.9    767.6
 MACH NUMBER        0.000    1.000    3.264

 TRANSPORT PROPERTIES (GASES ONLY)
   CONDUCTIVITY IN UNITS OF MILLIWATTS/(CM)(K)

 VISC,MILLIPOISE  0.83185  0.81030  0.55698

  WITH EQUILIBRIUM REACTIONS

 Cp, KJ/(KG)(K)    8.5190   7.5377   2.0623
 CONDUCTIVITY     15.4176  13.0753   1.4026
 PRANDTL NUMBER    0.4596   0.4671   0.8190

  WITH FROZEN REACTIONS

 Cp, KJ/(KG)(K)    2.3274   2.3083   2.0269
 CONDUCTIVITY      2.5746   2.4640   1.3648
 PRANDTL NUMBER    0.7520   0.7591   0.8272

 PERFORMANCE PARAMETERS

 Ae/At                      1.0000   13.379
 CSTAR, M/SEC               1474.3   1474.3
 CF                         0.6436   1.6996
 Ivac, M/SEC                1810.3   2699.0
 Isp, M/SEC                  948.9   2505.7


 MOLE FRACTIONS

 *CO              0.02124  0.01651  0.00001
 *CO2             0.10418  0.11021  0.13133
 *H               0.00928  0.00669  0.00000
 *H2              0.02600  0.02068  0.00003
 H2O              0.69008  0.70802  0.77585
 *O               0.00894  0.00675  0.00001
 *OH              0.04063  0.03335  0.00034
 *O2              0.09964  0.09780  0.09243

  * THERMODYNAMIC PROPERTIES FITTED TO 20000.K

    PRODUCTS WHICH WERE CONSIDERED BUT WHOSE MOLE FRACTIONS
    WERE LESS THAN 5.000000E-06 FOR ALL ASSIGNED CONDITIONS

 *C              *CH             CH2             CH3             CH2OH          
 CH3O            CH4             CH3OH           CH3OOH          COOH           
 *C2             C2H             C2H2,acetylene  C2H2,vinylidene CH2CO,ketene   
 O(CH)2O         HO(CO)2OH       C2H3,vinyl      CH3CO,acetyl    C2H4           
 C2H4O,ethylen-o CH3CHO,ethanal  CH3COOH         OHCH2COOH       C2H5           
 C2H6            C2H5OH          CH3OCH3         CH3O2CH3        C2O            
 *C3             C3H3,1-propynl  C3H3,2-propynl  C3H4,allene     C3H4,propyne   
 C3H4,cyclo-     C3H5,allyl      C3H6,propylene  C3H6,cyclo-     C3H6O,propylox 
 C3H6O,acetone   C3H6O,propanal  C3H7,n-propyl   C3H7,i-propyl   C3H8           
 C3H8O,1propanol C3H8O,2propanol C3O2            *C4             C4H2,butadiyne 
 C4H4,1,3-cyclo- C4H6,butadiene  C4H6,1butyne    C4H6,2butyne    C4H6,cyclo-    
 C4H8,1-butene   C4H8,cis2-buten C4H8,tr2-butene C4H8,isobutene  C4H8,cyclo-    
 (CH3COOH)2      C4H9,n-butyl    C4H9,i-butyl    C4H9,s-butyl    C4H9,t-butyl   
 C4H10,n-butane  C4H10,isobutane *C5             C5H6,1,3cyclo-  C5H8,cyclo-    
 C5H10,1-pentene C5H10,cyclo-    C5H11,pentyl    C5H11,t-pentyl  C5H12,n-pentane
 C5H12,i-pentane CH3C(CH3)2CH3   C6H2            C6H5,phenyl     C6H5O,phenoxy  
 C6H6            C6H5OH,phenol   C6H10,cyclo-    C6H12,1-hexene  C6H12,cyclo-   
 C6H13,n-hexyl   C6H14,n-hexane  C7H7,benzyl     C7H8            C7H8O,cresol-mx
 C7H14,1-heptene C7H15,n-heptyl  C7H16,n-heptane C7H16,2-methylh C8H8,styrene   
 C8H10,ethylbenz C8H16,1-octene  C8H17,n-octyl   C8H18,n-octane  C8H18,isooctane
 C9H19,n-nonyl   C10H8,naphthale C10H21,n-decyl  C12H9,o-bipheny C12H10,biphenyl
 HCO             HCCO            HO2             HCHO,formaldehy HCOOH          
 H2O2            (HCOOH)2        O3              C(gr)           H2O(cr)        
 H2O(L)         

 NOTE. WEIGHT FRACTION OF FUEL IN TOTAL FUELS AND OF OXIDANT IN TOTAL OXIDANTS






 O/F =   6.693900

                       EFFECTIVE FUEL     EFFECTIVE OXIDANT        MIXTURE
 ENTHALPY                  h(2)/R              h(1)/R               h0/R
 (KG-MOL)(K)/KG       -0.72454409E+03     -0.66401406E+03     -0.67188133E+03

 KG-FORM.WT./KG             bi(2)               bi(1)               b0i
  *C                   0.43413669E-01      0.00000000E+00      0.56426089E-02
  *H                   0.13024101E+00      0.58798142E-01      0.68083793E-01
  *O                   0.21706834E-01      0.58798142E-01      0.53977270E-01

 POINT ITN      T            C           H           O 
   1    3    2233.162     -24.354     -13.872     -17.814
 Pinf/Pt = 1.710491
   2    3    2147.201     -25.053     -14.197     -18.019
 Pinf/Pt = 1.712165
   2    2    2147.043     -25.055     -14.197     -18.019
   3    5    1300.767     -38.298     -18.976     -19.239





              THEORETICAL ROCKET PERFORMANCE ASSUMING EQUILIBRIUM

           COMPOSITION DURING EXPANSION FROM INFINITE AREA COMBUSTOR

 Pin =     0.2 PSIA
 CASE =                

             REACTANT                    WT FRACTION      ENERGY      TEMP
                                          (SEE NOTE)     KJ/KG-MOL      K  
 FUEL        C2H5OH(L)                    1.0000000   -277526.835    298.000
 OXIDANT     H2O2(L)                      1.0000000   -187793.400    298.000

 O/F=    6.69390  %FUEL= 12.997310  R,EQ.RATIO= 0.839744  PHI,EQ.RATIO= 0.661812

                 CHAMBER   THROAT     EXIT
 Pinf/P            1.0000   1.7122   102.04
 P, BAR           0.01500  0.00876  0.00015
 T, K             2233.16  2147.04  1300.77
 RHO, KG/CU M    1.7567-3 1.0781-3 3.0880-5
 H, KJ/KG        -5586.36 -6034.38 -8695.23
 U, KJ/KG        -6440.19 -6846.99 -9171.24
 G, KJ/KG        -37941.6 -37141.9 -27541.5
 S, KJ/(KG)(K)    14.4886  14.4886  14.4886

 M, (1/n)          21.746   21.968   22.720
 (dLV/dLP)t      -1.01919 -1.01486 -1.00002
 (dLV/dLT)p        1.5427   1.4388   1.0013
 Cp, KJ/(KG)(K)    8.2497   7.2567   2.0401
 GAMMAs            1.1002   1.1027   1.2193
 SON VEL,M/SEC      969.2    946.6    761.8
 MACH NUMBER        0.000    1.000    3.273

 TRANSPORT PROPERTIES (GASES ONLY)
   CONDUCTIVITY IN UNITS OF MILLIWATTS/(CM)(K)

 VISC,MILLIPOISE  0.82980  0.80782  0.54864

  WITH EQUILIBRIUM REACTIONS

 Cp, KJ/(KG)(K)    8.2497   7.2567   2.0401
 CONDUCTIVITY     14.8897  12.5190   1.3604
 PRANDTL NUMBER    0.4598   0.4683   0.8228

  WITH FROZEN REACTIONS

 Cp, KJ/(KG)(K)    2.3213   2.3019   2.0126
 CONDUCTIVITY      2.5587   2.4469   1.3322
 PRANDTL NUMBER    0.7528   0.7599   0.8288

 PERFORMANCE PARAMETERS

 Ae/At                      1.0000   13.253
 CSTAR, M/SEC               1469.8   1469.8
 CF                         0.6440   1.6965
 Ivac, M/SEC                1805.1   2684.4
 Isp, M/SEC                  946.6   2493.5


 MOLE FRACTIONS

 *CO              0.01965  0.01506  0.00001
 *CO2             0.10306  0.10890  0.12820
 *H               0.00867  0.00615  0.00000
 *H2              0.02448  0.01923  0.00002
 H2O              0.69147  0.70921  0.77330
 *O               0.00875  0.00654  0.00000
 *OH              0.04002  0.03265  0.00027
 *O2              0.10390  0.10226  0.09821

  * THERMODYNAMIC PROPERTIES FITTED TO 20000.K

    PRODUCTS WHICH WERE CONSIDERED BUT WHOSE MOLE FRACTIONS
    WERE LESS THAN 5.000000E-06 FOR ALL ASSIGNED CONDITIONS

 *C              *CH             CH2             CH3             CH2OH          
 CH3O            CH4             CH3OH           CH3OOH          COOH           
 *C2             C2H             C2H2,acetylene  C2H2,vinylidene CH2CO,ketene   
 O(CH)2O         HO(CO)2OH       C2H3,vinyl      CH3CO,acetyl    C2H4           
 C2H4O,ethylen-o CH3CHO,ethanal  CH3COOH         OHCH2COOH       C2H5           
 C2H6            C2H5OH          CH3OCH3         CH3O2CH3        C2O            
 *C3             C3H3,1-propynl  C3H3,2-propynl  C3H4,allene     C3H4,propyne   
 C3H4,cyclo-     C3H5,allyl      C3H6,propylene  C3H6,cyclo-     C3H6O,propylox 
 C3H6O,acetone   C3H6O,propanal  C3H7,n-propyl   C3H7,i-propyl   C3H8           
 C3H8O,1propanol C3H8O,2propanol C3O2            *C4             C4H2,butadiyne 
 C4H4,1,3-cyclo- C4H6,butadiene  C4H6,1butyne    C4H6,2butyne    C4H6,cyclo-    
 C4H8,1-butene   C4H8,cis2-buten C4H8,tr2-butene C4H8,isobutene  C4H8,cyclo-    
 (CH3COOH)2      C4H9,n-butyl    C4H9,i-butyl    C4H9,s-butyl    C4H9,t-butyl   
 C4H10,n-butane  C4H10,isobutane *C5             C5H6,1,3cyclo-  C5H8,cyclo-    
 C5H10,1-pentene C5H10,cyclo-    C5H11,pentyl    C5H11,t-pentyl  C5H12,n-pentane
 C5H12,i-pentane CH3C(CH3)2CH3   C6H2            C6H5,phenyl     C6H5O,phenoxy  
 C6H6            C6H5OH,phenol   C6H10,cyclo-    C6H12,1-hexene  C6H12,cyclo-   
 C6H13,n-hexyl   C6H14,n-hexane  C7H7,benzyl     C7H8            C7H8O,cresol-mx
 C7H14,1-heptene C7H15,n-heptyl  C7H16,n-heptane C7H16,2-methylh C8H8,styrene   
 C8H10,ethylbenz C8H16,1-octene  C8H17,n-octyl   C8H18,n-octane  C8H18,isooctane
 C9H19,n-nonyl   C10H8,naphthale C10H21,n-decyl  C12H9,o-bipheny C12H10,biphenyl
 HCO             HCCO            HO2             HCHO,formaldehy HCOOH          
 H2O2            (HCOOH)2        O3              C(gr)           H2O(cr)        
 H2O(L)         

 NOTE. WEIGHT FRACTION OF FUEL IN TOTAL FUELS AND OF OXIDANT IN TOTAL OXIDANTS






 O/F =   6.877600

                       EFFECTIVE FUEL     EFFECTIVE OXIDANT        MIXTURE
 ENTHALPY                  h(2)/R              h(1)/R               h0/R
 (KG-MOL)(K)/KG       -0.72454409E+03     -0.66401406E+03     -0.67169787E+03

 KG-FORM.WT./KG             bi(2)               bi(1)               b0i
  *C                   0.43413669E-01      0.00000000E+00      0.55110273E-02
  *H                   0.13024101E+00      0.58798142E-01      0.67867258E-01
  *O                   0.21706834E-01      0.58798142E-01      0.54089690E-01

 POINT ITN      T            C           H           O 
   1    3    2226.221     -24.465     -13.897     -17.789
 Pinf/Pt = 1.711021
   2    4    2139.120     -25.183     -14.227     -17.991
 Pinf/Pt = 1.712967
   2    2    2138.934     -25.184     -14.227     -17.992
   3    5    1279.107     -38.967     -19.164     -19.186





              THEORETICAL ROCKET PERFORMANCE ASSUMING EQUILIBRIUM

           COMPOSITION DURING EXPANSION FROM INFINITE AREA COMBUSTOR

 Pin =     0.2 PSIA
 CASE =                

             REACTANT                    WT FRACTION      ENERGY      TEMP
                                          (SEE NOTE)     KJ/KG-MOL      K  
 FUEL        C2H5OH(L)                    1.0000000   -277526.835    298.000
 OXIDANT     H2O2(L)                      1.0000000   -187793.400    298.000

 O/F=    6.87760  %FUEL= 12.694222  R,EQ.RATIO= 0.831132  PHI,EQ.RATIO= 0.644135

                 CHAMBER   THROAT     EXIT
 Pinf/P            1.0000   1.7130   102.04
 P, BAR           0.01500  0.00876  0.00015
 T, K             2226.22  2138.93  1279.11
 RHO, KG/CU M    1.7661-3 1.0838-3 3.1402-5
 H, KJ/KG        -5584.84 -6030.77 -8663.94
 U, KJ/KG        -6434.15 -6838.69 -9132.04
 G, KJ/KG        -37763.0 -36947.3 -27152.4
 S, KJ/(KG)(K)    14.4542  14.4542  14.4542

 M, (1/n)          21.794   22.013   22.720
 (dLV/dLP)t      -1.01825 -1.01396 -1.00002
 (dLV/dLT)p        1.5184   1.4142   1.0010
 Cp, KJ/(KG)(K)    7.9904   6.9883   2.0204
 GAMMAs            1.1011   1.1039   1.2217
 SON VEL,M/SEC      967.1    944.4    756.2
 MACH NUMBER        0.000    1.000    3.281

 TRANSPORT PROPERTIES (GASES ONLY)
   CONDUCTIVITY IN UNITS OF MILLIWATTS/(CM)(K)

 VISC,MILLIPOISE  0.82771  0.80528  0.54072

  WITH EQUILIBRIUM REACTIONS

 Cp, KJ/(KG)(K)    7.9904   6.9883   2.0204
 CONDUCTIVITY     14.3715  11.9775   1.3228
 PRANDTL NUMBER    0.4602   0.4698   0.8259

  WITH FROZEN REACTIONS

 Cp, KJ/(KG)(K)    2.3155   2.2956   1.9989
 CONDUCTIVITY      2.5431   2.4301   1.3016
 PRANDTL NUMBER    0.7536   0.7607   0.8304

 PERFORMANCE PARAMETERS

 Ae/At                      1.0000   13.135
 CSTAR, M/SEC               1465.4   1465.4
 CF                         0.6444   1.6934
 Ivac, M/SEC                1799.9   2670.2
 Isp, M/SEC                  944.4   2481.6


 MOLE FRACTIONS

 *CO              0.01819  0.01374  0.00000
 *CO2             0.10192  0.10757  0.12521
 *H               0.00810  0.00565  0.00000
 *H2              0.02305  0.01788  0.00001
 H2O              0.69276  0.71030  0.77085
 *O               0.00855  0.00633  0.00000
 *OH              0.03938  0.03191  0.00021
 *O2              0.10805  0.10661  0.10371

  * THERMODYNAMIC PROPERTIES FITTED TO 20000.K

    PRODUCTS WHICH WERE CONSIDERED BUT WHOSE MOLE FRACTIONS
    WERE LESS THAN 5.000000E-06 FOR ALL ASSIGNED CONDITIONS

 *C              *CH             CH2             CH3             CH2OH          
 CH3O            CH4             CH3OH           CH3OOH          COOH           
 *C2             C2H             C2H2,acetylene  C2H2,vinylidene CH2CO,ketene   
 O(CH)2O         HO(CO)2OH       C2H3,vinyl      CH3CO,acetyl    C2H4           
 C2H4O,ethylen-o CH3CHO,ethanal  CH3COOH         OHCH2COOH       C2H5           
 C2H6            C2H5OH          CH3OCH3         CH3O2CH3        C2O            
 *C3             C3H3,1-propynl  C3H3,2-propynl  C3H4,allene     C3H4,propyne   
 C3H4,cyclo-     C3H5,allyl      C3H6,propylene  C3H6,cyclo-     C3H6O,propylox 
 C3H6O,acetone   C3H6O,propanal  C3H7,n-propyl   C3H7,i-propyl   C3H8           
 C3H8O,1propanol C3H8O,2propanol C3O2            *C4             C4H2,butadiyne 
 C4H4,1,3-cyclo- C4H6,butadiene  C4H6,1butyne    C4H6,2butyne    C4H6,cyclo-    
 C4H8,1-butene   C4H8,cis2-buten C4H8,tr2-butene C4H8,isobutene  C4H8,cyclo-    
 (CH3COOH)2      C4H9,n-butyl    C4H9,i-butyl    C4H9,s-butyl    C4H9,t-butyl   
 C4H10,n-butane  C4H10,isobutane *C5             C5H6,1,3cyclo-  C5H8,cyclo-    
 C5H10,1-pentene C5H10,cyclo-    C5H11,pentyl    C5H11,t-pentyl  C5H12,n-pentane
 C5H12,i-pentane CH3C(CH3)2CH3   C6H2            C6H5,phenyl     C6H5O,phenoxy  
 C6H6            C6H5OH,phenol   C6H10,cyclo-    C6H12,1-hexene  C6H12,cyclo-   
 C6H13,n-hexyl   C6H14,n-hexane  C7H7,benzyl     C7H8            C7H8O,cresol-mx
 C7H14,1-heptene C7H15,n-heptyl  C7H16,n-heptane C7H16,2-methylh C8H8,styrene   
 C8H10,ethylbenz C8H16,1-octene  C8H17,n-octyl   C8H18,n-octane  C8H18,isooctane
 C9H19,n-nonyl   C10H8,naphthale C10H21,n-decyl  C12H9,o-bipheny C12H10,biphenyl
 HCO             HCCO            HO2             HCHO,formaldehy HCOOH          
 H2O2            (HCOOH)2        O3              C(gr)           H2O(cr)        
 H2O(L)         

 NOTE. WEIGHT FRACTION OF FUEL IN TOTAL FUELS AND OF OXIDANT IN TOTAL OXIDANTS






 O/F =   7.061200

                       EFFECTIVE FUEL     EFFECTIVE OXIDANT        MIXTURE
 ENTHALPY                  h(2)/R              h(1)/R               h0/R
 (KG-MOL)(K)/KG       -0.72454409E+03     -0.66401406E+03     -0.67152287E+03

 KG-FORM.WT./KG             bi(2)               bi(1)               b0i
  *C                   0.43413669E-01      0.00000000E+00      0.53855095E-02
  *H                   0.13024101E+00      0.58798142E-01      0.67660702E-01
  *O                   0.21706834E-01      0.58798142E-01      0.54196928E-01

 POINT ITN      T            C           H           O 
   1    3    2219.247     -24.573     -13.921     -17.765
 Pinf/Pt = 1.711571
   2    4    2130.971     -25.311     -14.257     -17.965
 Pinf/Pt = 1.713801
   2    2    2130.755     -25.313     -14.258     -17.965
   3    5    1258.531     -39.619     -19.347     -19.136





              THEORETICAL ROCKET PERFORMANCE ASSUMING EQUILIBRIUM

           COMPOSITION DURING EXPANSION FROM INFINITE AREA COMBUSTOR

 Pin =     0.2 PSIA
 CASE =                

             REACTANT                    WT FRACTION      ENERGY      TEMP
                                          (SEE NOTE)     KJ/KG-MOL      K  
 FUEL        C2H5OH(L)                    1.0000000   -277526.835    298.000
 OXIDANT     H2O2(L)                      1.0000000   -187793.400    298.000

 O/F=    7.06120  %FUEL= 12.405101  R,EQ.RATIO= 0.822950  PHI,EQ.RATIO= 0.627387

                 CHAMBER   THROAT     EXIT
 Pinf/P            1.0000   1.7138   102.04
 P, BAR           0.01500  0.00875  0.00015
 T, K             2219.25  2130.75  1258.53
 RHO, KG/CU M    1.7752-3 1.0895-3 3.1915-5
 H, KJ/KG        -5583.38 -6027.30 -8633.46
 U, KJ/KG        -6428.31 -6830.61 -9094.05
 G, KJ/KG        -37587.6 -36755.4 -26783.0
 S, KJ/(KG)(K)    14.4212  14.4212  14.4212

 M, (1/n)          21.839   22.054   22.719
 (dLV/dLP)t      -1.01736 -1.01310 -1.00001
 (dLV/dLT)p        1.4950   1.3908   1.0008
 Cp, KJ/(KG)(K)    7.7415   6.7325   2.0029
 GAMMAs            1.1020   1.1052   1.2240
 SON VEL,M/SEC      964.9    942.3    750.8
 MACH NUMBER        0.000    1.000    3.289

 TRANSPORT PROPERTIES (GASES ONLY)
   CONDUCTIVITY IN UNITS OF MILLIWATTS/(CM)(K)

 VISC,MILLIPOISE  0.82559  0.80270  0.53318

  WITH EQUILIBRIUM REACTIONS

 Cp, KJ/(KG)(K)    7.7415   6.7325   2.0029
 CONDUCTIVITY     13.8652  11.4532   1.2888
 PRANDTL NUMBER    0.4610   0.4718   0.8286

  WITH FROZEN REACTIONS

 Cp, KJ/(KG)(K)    2.3098   2.2895   1.9858
 CONDUCTIVITY      2.5278   2.4135   1.2727
 PRANDTL NUMBER    0.7544   0.7615   0.8320

 PERFORMANCE PARAMETERS

 Ae/At                      1.0000   13.024
 CSTAR, M/SEC               1461.1   1461.1
 CF                         0.6449   1.6904
 Ivac, M/SEC                1794.8   2656.3
 Isp, M/SEC                  942.3   2469.9


 MOLE FRACTIONS

 *CO              0.01685  0.01254  0.00000
 *CO2             0.10076  0.10624  0.12235
 *H               0.00756  0.00519  0.00000
 *H2              0.02172  0.01664  0.00001
 H2O              0.69395  0.71128  0.76851
 *O               0.00834  0.00611  0.00000
 *OH              0.03871  0.03115  0.00017
 *O2              0.11210  0.11085  0.10896

  * THERMODYNAMIC PROPERTIES FITTED TO 20000.K

    PRODUCTS WHICH WERE CONSIDERED BUT WHOSE MOLE FRACTIONS
    WERE LESS THAN 5.000000E-06 FOR ALL ASSIGNED CONDITIONS

 *C              *CH             CH2             CH3             CH2OH          
 CH3O            CH4             CH3OH           CH3OOH          COOH           
 *C2             C2H             C2H2,acetylene  C2H2,vinylidene CH2CO,ketene   
 O(CH)2O         HO(CO)2OH       C2H3,vinyl      CH3CO,acetyl    C2H4           
 C2H4O,ethylen-o CH3CHO,ethanal  CH3COOH         OHCH2COOH       C2H5           
 C2H6            C2H5OH          CH3OCH3         CH3O2CH3        C2O            
 *C3             C3H3,1-propynl  C3H3,2-propynl  C3H4,allene     C3H4,propyne   
 C3H4,cyclo-     C3H5,allyl      C3H6,propylene  C3H6,cyclo-     C3H6O,propylox 
 C3H6O,acetone   C3H6O,propanal  C3H7,n-propyl   C3H7,i-propyl   C3H8           
 C3H8O,1propanol C3H8O,2propanol C3O2            *C4             C4H2,butadiyne 
 C4H4,1,3-cyclo- C4H6,butadiene  C4H6,1butyne    C4H6,2butyne    C4H6,cyclo-    
 C4H8,1-butene   C4H8,cis2-buten C4H8,tr2-butene C4H8,isobutene  C4H8,cyclo-    
 (CH3COOH)2      C4H9,n-butyl    C4H9,i-butyl    C4H9,s-butyl    C4H9,t-butyl   
 C4H10,n-butane  C4H10,isobutane *C5             C5H6,1,3cyclo-  C5H8,cyclo-    
 C5H10,1-pentene C5H10,cyclo-    C5H11,pentyl    C5H11,t-pentyl  C5H12,n-pentane
 C5H12,i-pentane CH3C(CH3)2CH3   C6H2            C6H5,phenyl     C6H5O,phenoxy  
 C6H6            C6H5OH,phenol   C6H10,cyclo-    C6H12,1-hexene  C6H12,cyclo-   
 C6H13,n-hexyl   C6H14,n-hexane  C7H7,benzyl     C7H8            C7H8O,cresol-mx
 C7H14,1-heptene C7H15,n-heptyl  C7H16,n-heptane C7H16,2-methylh C8H8,styrene   
 C8H10,ethylbenz C8H16,1-octene  C8H17,n-octyl   C8H18,n-octane  C8H18,isooctane
 C9H19,n-nonyl   C10H8,naphthale C10H21,n-decyl  C12H9,o-bipheny C12H10,biphenyl
 HCO             HCCO            HO2             HCHO,formaldehy HCOOH          
 H2O2            (HCOOH)2        O3              C(gr)           H2O(cr)        
 H2O(L)         

 NOTE. WEIGHT FRACTION OF FUEL IN TOTAL FUELS AND OF OXIDANT IN TOTAL OXIDANTS






 O/F =   7.244900

                       EFFECTIVE FUEL     EFFECTIVE OXIDANT        MIXTURE
 ENTHALPY                  h(2)/R              h(1)/R               h0/R
 (KG-MOL)(K)/KG       -0.72454409E+03     -0.66401406E+03     -0.67135557E+03

 KG-FORM.WT./KG             bi(2)               bi(1)               b0i
  *C                   0.43413669E-01      0.00000000E+00      0.52655179E-02
  *H                   0.13024101E+00      0.58798142E-01      0.67463240E-01
  *O                   0.21706834E-01      0.58798142E-01      0.54299445E-01

 POINT ITN      T            C           H           O 
   1    3    2212.244     -24.680     -13.946     -17.742
 Pinf/Pt = 1.712141
   2    4    2122.758     -25.439     -14.287     -17.940
 Pinf/Pt = 1.714669
   2    2    2122.509     -25.441     -14.288     -17.940
   3    5    1238.942     -40.258     -19.527     -19.090





              THEORETICAL ROCKET PERFORMANCE ASSUMING EQUILIBRIUM

           COMPOSITION DURING EXPANSION FROM INFINITE AREA COMBUSTOR

 Pin =     0.2 PSIA
 CASE =                

             REACTANT                    WT FRACTION      ENERGY      TEMP
                                          (SEE NOTE)     KJ/KG-MOL      K  
 FUEL        C2H5OH(L)                    1.0000000   -277526.835    298.000
 OXIDANT     H2O2(L)                      1.0000000   -187793.400    298.000

 O/F=    7.24490  %FUEL= 12.128710  R,EQ.RATIO= 0.815159  PHI,EQ.RATIO= 0.611479

                 CHAMBER   THROAT     EXIT
 Pinf/P            1.0000   1.7147   102.04
 P, BAR           0.01500  0.00875  0.00015
 T, K             2212.24  2122.51  1238.94
 RHO, KG/CU M    1.7843-3 1.0951-3 3.2418-5
 H, KJ/KG        -5581.99 -6023.96 -8603.77
 U, KJ/KG        -6422.62 -6822.75 -9057.20
 G, KJ/KG        -37415.1 -36565.8 -26431.6
 S, KJ/(KG)(K)    14.3895  14.3895  14.3895

 M, (1/n)          21.881   22.093   22.718
 (dLV/dLP)t      -1.01650 -1.01229 -1.00001
 (dLV/dLT)p        1.4726   1.3685   1.0006
 Cp, KJ/(KG)(K)    7.5027   6.4890   1.9869
 GAMMAs            1.1029   1.1066   1.2261
 SON VEL,M/SEC      962.9    940.2    745.6
 MACH NUMBER        0.000    1.000    3.297

 TRANSPORT PROPERTIES (GASES ONLY)
   CONDUCTIVITY IN UNITS OF MILLIWATTS/(CM)(K)

 VISC,MILLIPOISE  0.82343  0.80007  0.52599

  WITH EQUILIBRIUM REACTIONS

 Cp, KJ/(KG)(K)    7.5027   6.4890   1.9869
 CONDUCTIVITY     13.3720  10.9470   1.2578
 PRANDTL NUMBER    0.4620   0.4743   0.8309

  WITH FROZEN REACTIONS

 Cp, KJ/(KG)(K)    2.3043   2.2835   1.9733
 CONDUCTIVITY      2.5128   2.3971   1.2453
 PRANDTL NUMBER    0.7551   0.7622   0.8335

 PERFORMANCE PARAMETERS

 Ae/At                      1.0000   12.919
 CSTAR, M/SEC               1456.8   1456.8
 CF                         0.6454   1.6875
 Ivac, M/SEC                1789.8   2642.8
 Isp, M/SEC                  940.2   2458.4


 MOLE FRACTIONS

 *CO              0.01561  0.01144  0.00000
 *CO2             0.09961  0.10489  0.11962
 *H               0.00706  0.00477  0.00000
 *H2              0.02048  0.01548  0.00001
 H2O              0.69506  0.71217  0.76626
 *O               0.00812  0.00588  0.00000
 *OH              0.03801  0.03037  0.00013
 *O2              0.11605  0.11499  0.11398

  * THERMODYNAMIC PROPERTIES FITTED TO 20000.K

    PRODUCTS WHICH WERE CONSIDERED BUT WHOSE MOLE FRACTIONS
    WERE LESS THAN 5.000000E-06 FOR ALL ASSIGNED CONDITIONS

 *C              *CH             CH2             CH3             CH2OH          
 CH3O            CH4             CH3OH           CH3OOH          COOH           
 *C2             C2H             C2H2,acetylene  C2H2,vinylidene CH2CO,ketene   
 O(CH)2O         HO(CO)2OH       C2H3,vinyl      CH3CO,acetyl    C2H4           
 C2H4O,ethylen-o CH3CHO,ethanal  CH3COOH         OHCH2COOH       C2H5           
 C2H6            C2H5OH          CH3OCH3         CH3O2CH3        C2O            
 *C3             C3H3,1-propynl  C3H3,2-propynl  C3H4,allene     C3H4,propyne   
 C3H4,cyclo-     C3H5,allyl      C3H6,propylene  C3H6,cyclo-     C3H6O,propylox 
 C3H6O,acetone   C3H6O,propanal  C3H7,n-propyl   C3H7,i-propyl   C3H8           
 C3H8O,1propanol C3H8O,2propanol C3O2            *C4             C4H2,butadiyne 
 C4H4,1,3-cyclo- C4H6,butadiene  C4H6,1butyne    C4H6,2butyne    C4H6,cyclo-    
 C4H8,1-butene   C4H8,cis2-buten C4H8,tr2-butene C4H8,isobutene  C4H8,cyclo-    
 (CH3COOH)2      C4H9,n-butyl    C4H9,i-butyl    C4H9,s-butyl    C4H9,t-butyl   
 C4H10,n-butane  C4H10,isobutane *C5             C5H6,1,3cyclo-  C5H8,cyclo-    
 C5H10,1-pentene C5H10,cyclo-    C5H11,pentyl    C5H11,t-pentyl  C5H12,n-pentane
 C5H12,i-pentane CH3C(CH3)2CH3   C6H2            C6H5,phenyl     C6H5O,phenoxy  
 C6H6            C6H5OH,phenol   C6H10,cyclo-    C6H12,1-hexene  C6H12,cyclo-   
 C6H13,n-hexyl   C6H14,n-hexane  C7H7,benzyl     C7H8            C7H8O,cresol-mx
 C7H14,1-heptene C7H15,n-heptyl  C7H16,n-heptane C7H16,2-methylh C8H8,styrene   
 C8H10,ethylbenz C8H16,1-octene  C8H17,n-octyl   C8H18,n-octane  C8H18,isooctane
 C9H19,n-nonyl   C10H8,naphthale C10H21,n-decyl  C12H9,o-bipheny C12H10,biphenyl
 HCO             HCCO            HO2             HCHO,formaldehy HCOOH          
 H2O2            (HCOOH)2        O3              C(gr)           H2O(cr)        
 H2O(L)         

 NOTE. WEIGHT FRACTION OF FUEL IN TOTAL FUELS AND OF OXIDANT IN TOTAL OXIDANTS






 O/F =   7.428600

                       EFFECTIVE FUEL     EFFECTIVE OXIDANT        MIXTURE
 ENTHALPY                  h(2)/R              h(1)/R               h0/R
 (KG-MOL)(K)/KG       -0.72454409E+03     -0.66401406E+03     -0.67119556E+03

 KG-FORM.WT./KG             bi(2)               bi(1)               b0i
  *C                   0.43413669E-01      0.00000000E+00      0.51507568E-02
  *H                   0.13024101E+00      0.58798142E-01      0.67274386E-01
  *O                   0.21706834E-01      0.58798142E-01      0.54397494E-01

 POINT ITN      T            C           H           O 
   1    3    2205.222     -24.787     -13.970     -17.719
 Pinf/Pt = 1.712730
   2    4    2114.495     -25.566     -14.316     -17.916
 Pinf/Pt = 1.715568
   2    2    2114.212     -25.568     -14.317     -17.916
   3    5    1220.288     -40.882     -19.703     -19.046





              THEORETICAL ROCKET PERFORMANCE ASSUMING EQUILIBRIUM

           COMPOSITION DURING EXPANSION FROM INFINITE AREA COMBUSTOR

 Pin =     0.2 PSIA
 CASE =                

             REACTANT                    WT FRACTION      ENERGY      TEMP
                                          (SEE NOTE)     KJ/KG-MOL      K  
 FUEL        C2H5OH(L)                    1.0000000   -277526.835    298.000
 OXIDANT     H2O2(L)                      1.0000000   -187793.400    298.000

 O/F=    7.42860  %FUEL= 11.864367  R,EQ.RATIO= 0.807734  PHI,EQ.RATIO= 0.596358

                 CHAMBER   THROAT     EXIT
 Pinf/P            1.0000   1.7156   102.04
 P, BAR           0.01500  0.00874  0.00015
 T, K             2205.22  2114.21  1220.29
 RHO, KG/CU M    1.7933-3 1.1007-3 3.2913-5
 H, KJ/KG        -5580.66 -6020.74 -8574.87
 U, KJ/KG        -6417.10 -6815.10 -9021.49
 G, KJ/KG        -37245.6 -36378.8 -26097.1
 S, KJ/(KG)(K)    14.3591  14.3591  14.3591

 M, (1/n)          21.921   22.129   22.718
 (dLV/dLP)t      -1.01568 -1.01152 -1.00001
 (dLV/dLT)p        1.4511   1.3474   1.0005
 Cp, KJ/(KG)(K)    7.2740   6.2577   1.9722
 GAMMAs            1.1039   1.1080   1.2281
 SON VEL,M/SEC      960.9    938.2    740.6
 MACH NUMBER        0.000    1.000    3.304

 TRANSPORT PROPERTIES (GASES ONLY)
   CONDUCTIVITY IN UNITS OF MILLIWATTS/(CM)(K)

 VISC,MILLIPOISE  0.82124  0.79742  0.51914

  WITH EQUILIBRIUM REACTIONS

 Cp, KJ/(KG)(K)    7.2740   6.2577   1.9722
 CONDUCTIVITY     12.8931  10.4604   1.2292
 PRANDTL NUMBER    0.4633   0.4770   0.8329

  WITH FROZEN REACTIONS

 Cp, KJ/(KG)(K)    2.2989   2.2777   1.9614
 CONDUCTIVITY      2.4980   2.3810   1.2195
 PRANDTL NUMBER    0.7558   0.7628   0.8349

 PERFORMANCE PARAMETERS

 Ae/At                      1.0000   12.821
 CSTAR, M/SEC               1452.6   1452.6
 CF                         0.6459   1.6846
 Ivac, M/SEC                1784.9   2629.6
 Isp, M/SEC                  938.2   2447.1


 MOLE FRACTIONS

 *CO              0.01447  0.01044  0.00000
 *CO2             0.09844  0.10354  0.11701
 *H               0.00659  0.00437  0.00000
 *H2              0.01932  0.01441  0.00000
 H2O              0.69608  0.71298  0.76410
 *O               0.00790  0.00566  0.00000
 *OH              0.03730  0.02958  0.00010
 *O2              0.11990  0.11902  0.11877

  * THERMODYNAMIC PROPERTIES FITTED TO 20000.K

    PRODUCTS WHICH WERE CONSIDERED BUT WHOSE MOLE FRACTIONS
    WERE LESS THAN 5.000000E-06 FOR ALL ASSIGNED CONDITIONS

 *C              *CH             CH2             CH3             CH2OH          
 CH3O            CH4             CH3OH           CH3OOH          COOH           
 *C2             C2H             C2H2,acetylene  C2H2,vinylidene CH2CO,ketene   
 O(CH)2O         HO(CO)2OH       C2H3,vinyl      CH3CO,acetyl    C2H4           
 C2H4O,ethylen-o CH3CHO,ethanal  CH3COOH         OHCH2COOH       C2H5           
 C2H6            C2H5OH          CH3OCH3         CH3O2CH3        C2O            
 *C3             C3H3,1-propynl  C3H3,2-propynl  C3H4,allene     C3H4,propyne   
 C3H4,cyclo-     C3H5,allyl      C3H6,propylene  C3H6,cyclo-     C3H6O,propylox 
 C3H6O,acetone   C3H6O,propanal  C3H7,n-propyl   C3H7,i-propyl   C3H8           
 C3H8O,1propanol C3H8O,2propanol C3O2            *C4             C4H2,butadiyne 
 C4H4,1,3-cyclo- C4H6,butadiene  C4H6,1butyne    C4H6,2butyne    C4H6,cyclo-    
 C4H8,1-butene   C4H8,cis2-buten C4H8,tr2-butene C4H8,isobutene  C4H8,cyclo-    
 (CH3COOH)2      C4H9,n-butyl    C4H9,i-butyl    C4H9,s-butyl    C4H9,t-butyl   
 C4H10,n-butane  C4H10,isobutane *C5             C5H6,1,3cyclo-  C5H8,cyclo-    
 C5H10,1-pentene C5H10,cyclo-    C5H11,pentyl    C5H11,t-pentyl  C5H12,n-pentane
 C5H12,i-pentane CH3C(CH3)2CH3   C6H2            C6H5,phenyl     C6H5O,phenoxy  
 C6H6            C6H5OH,phenol   C6H10,cyclo-    C6H12,1-hexene  C6H12,cyclo-   
 C6H13,n-hexyl   C6H14,n-hexane  C7H7,benzyl     C7H8            C7H8O,cresol-mx
 C7H14,1-heptene C7H15,n-heptyl  C7H16,n-heptane C7H16,2-methylh C8H8,styrene   
 C8H10,ethylbenz C8H16,1-octene  C8H17,n-octyl   C8H18,n-octane  C8H18,isooctane
 C9H19,n-nonyl   C10H8,naphthale C10H21,n-decyl  C12H9,o-bipheny C12H10,biphenyl
 HCO             HCCO            HO2             HCHO,formaldehy HCOOH          
 H2O2            (HCOOH)2        O3              C(gr)           H2O(cr)        
 H2O(L)         

 NOTE. WEIGHT FRACTION OF FUEL IN TOTAL FUELS AND OF OXIDANT IN TOTAL OXIDANTS



