
 *******************************************************************************

         NASA-GLENN CHEMICAL EQUILIBRIUM PROGRAM CEA2, MAY 21, 2004
                   BY  BONNIE MCBRIDE AND SANFORD GORDON
      REFS: NASA RP-1311, PART I, 1994 AND NASA RP-1311, PART II, 1996

 *******************************************************************************



 problem rocket eq
     p(psi) = 0.21755
     o/f = 7.6122, 7.7959, 7.9796, 8.1633, 8.3469, 8.5306
     pip = 102.0408
 reac
     fuel = C2H5OH(L) t(K) = 298.000 wt% = 100.000
     ox = H2O2(L) t(K) = 298.000 wt% = 100.000
 outp trans
 end

 OPTIONS: TP=F  HP=F  SP=F  TV=F  UV=F  SV=F  DETN=F  SHOCK=F  REFL=F  INCD=F
 RKT=T  FROZ=F  EQL=T  IONS=F  SIUNIT=T  DEBUGF=F  SHKDBG=F  DETDBG=F  TRNSPT=T

 TRACE= 0.00E+00  S/R= 0.000000E+00  H/R= 0.000000E+00  U/R= 0.000000E+00

 Pc,BAR =     0.014999

 Pc/P =   102.0408

 SUBSONIC AREA RATIOS =

 SUPERSONIC AREA RATIOS =

 NFZ=  1  Mdot/Ac= 0.000000E+00  Ac/At= 0.000000E+00

    REACTANT          WT.FRAC   (ENERGY/R),K   TEMP,K  DENSITY
        EXPLODED FORMULA
 F: C2H5OH(L)        1.000000  -0.333786E+05   298.00  0.0000
          C  2.00000  H  6.00000  O  1.00000
 O: H2O2(L)          1.000000  -0.225862E+05   298.00  0.0000
          H  2.00000  O  2.00000

  SPECIES BEING CONSIDERED IN THIS SYSTEM
 (CONDENSED PHASE MAY HAVE NAME LISTED SEVERAL TIMES)
  LAST thermo.inp UPDATE:    9/09/04

  g 7/97  *C               tpis79  *CH              g 4/02  CH2            
  g 4/02  CH3              g11/00  CH2OH            g 7/00  CH3O           
  g 8/99  CH4              g 7/00  CH3OH            srd 01  CH3OOH         
  tpis79  *CO              g 9/99  *CO2             tpis91  COOH           
  tpis91  *C2              g 6/01  C2H              g 1/91  C2H2,acetylene 
  g 5/01  C2H2,vinylidene  g 4/02  CH2CO,ketene     g 3/02  O(CH)2O        
  srd 01  HO(CO)2OH        g 7/01  C2H3,vinyl       g 6/96  CH3CO,acetyl   
  g 1/00  C2H4             g 8/88  C2H4O,ethylen-o  g 8/88  CH3CHO,ethanal 
  g 6/00  CH3COOH          srd 01  OHCH2COOH        g 7/00  C2H5           
  g 7/00  C2H6             g 8/88  C2H5OH           g 7/00  CH3OCH3        
  srd 01  CH3O2CH3         g 8/00  C2O              tpis79  *C3            
  n 4/98  C3H3,1-propynl   n 4/98  C3H3,2-propynl   g 2/00  C3H4,allene    
  g 1/00  C3H4,propyne     g 5/90  C3H4,cyclo-      g 3/01  C3H5,allyl     
  g 2/00  C3H6,propylene   g 1/00  C3H6,cyclo-      g 6/01  C3H6O,propylox 
  g 6/97  C3H6O,acetone    g 1/02  C3H6O,propanal   g 7/01  C3H7,n-propyl  
  g 9/85  C3H7,i-propyl    g 2/00  C3H8             g 2/00  C3H8O,1propanol
  g 2/00  C3H8O,2propanol  g 7/88  C3O2             g tpis  *C4            
  g 7/01  C4H2,butadiyne   g 8/00  C4H4,1,3-cyclo-  n10/92  C4H6,butadiene 
  n10/93  C4H6,1butyne     n10/93  C4H6,2butyne     g 8/00  C4H6,cyclo-    
  n 4/88  C4H8,1-butene    n 4/88  C4H8,cis2-buten  n 4/88  C4H8,tr2-butene
  n 4/88  C4H8,isobutene   g 8/00  C4H8,cyclo-      g10/00  (CH3COOH)2     
  n10/84  C4H9,n-butyl     n10/84  C4H9,i-butyl     g 1/93  C4H9,s-butyl   
  g 1/93  C4H9,t-butyl     g12/00  C4H10,n-butane   g 8/00  C4H10,isobutane
  g 8/00  *C5              g 5/90  C5H6,1,3cyclo-   g 1/93  C5H8,cyclo-    
  n 4/87  C5H10,1-pentene  g 2/01  C5H10,cyclo-     n10/84  C5H11,pentyl   
  g 1/93  C5H11,t-pentyl   n10/85  C5H12,n-pentane  n10/85  C5H12,i-pentane
  n10/85  CH3C(CH3)2CH3    g 2/93  C6H2             g11/00  C6H5,phenyl    
  g 8/00  C6H5O,phenoxy    g 8/00  C6H6             g 8/00  C6H5OH,phenol  
  g 1/93  C6H10,cyclo-     n 4/87  C6H12,1-hexene   g 6/90  C6H12,cyclo-   
  n10/83  C6H13,n-hexyl    g 6/01  C6H14,n-hexane   g 7/01  C7H7,benzyl    
  g 1/93  C7H8             g12/00  C7H8O,cresol-mx  n 4/87  C7H14,1-heptene
  n10/83  C7H15,n-heptyl   n10/85  C7H16,n-heptane  n10/85  C7H16,2-methylh
  n 4/89  C8H8,styrene     n10/86  C8H10,ethylbenz  n 4/87  C8H16,1-octene 
  n10/83  C8H17,n-octyl    n 4/85  C8H18,n-octane   n 4/85  C8H18,isooctane
  n10/83  C9H19,n-nonyl    g 3/01  C10H8,naphthale  n10/83  C10H21,n-decyl 
  g 8/00  C12H9,o-bipheny  g 8/00  C12H10,biphenyl  g 6/97  *H             
  g 1/01  HCO              g 6/01  HCCO             g 4/02  HO2            
  tpis78  *H2              g 5/01  HCHO,formaldehy  g 6/01  HCOOH          
  g 8/89  H2O              g 6/99  H2O2             g 6/01  (HCOOH)2       
  g 5/97  *O               g 4/02  *OH              tpis89  *O2            
  g 8/01  O3               n 4/83  C(gr)            n 4/83  C(gr)          
  n 4/83  C(gr)            g11/99  H2O(cr)          g 8/01  H2O(L)         
  g 8/01  H2O(L)         

 SPECIES WITH TRANSPORT PROPERTIES

        PURE SPECIES

  C                 CH4               CH3OH             CO              
  CO2               C2H2,acetylene  
  C2H4              C2H6              C2H5OH            H               
  H2                H2O             
  O                 OH                O2              

     BINARY INTERACTIONS

     C               O               
     CH4             O2              
     CO              CO2             
     CO              O2              
     CO2             H2              
     CO2             H2O             
     CO2             O2              
     H               H2              
     H               O               
     H2              H2O             
     H2              O2              
     H2O             O2              
     O               O2              


 O/F =   7.612200

                       EFFECTIVE FUEL     EFFECTIVE OXIDANT        MIXTURE
 ENTHALPY                  h(2)/R              h(1)/R               h0/R
 (KG-MOL)(K)/KG       -0.72454409E+03     -0.66401406E+03     -0.67104246E+03

 KG-FORM.WT./KG             bi(2)               bi(1)               b0i
  *C                   0.43413669E-01      0.00000000E+00      0.50409499E-02
  *H                   0.13024101E+00      0.58798142E-01      0.67093684E-01
  *O                   0.21706834E-01      0.58798142E-01      0.54491309E-01

 POINT ITN      T            C           H           O 
   1   29    2198.193     -24.891     -13.993     -17.698
 Pinf/Pt = 1.713337
   2    4    2106.197     -25.692     -14.346     -17.893
 Pinf/Pt = 1.716496
   2    2    2105.877     -25.695     -14.347     -17.893
   3    5    1202.514     -41.493     -19.875     -19.006





              THEORETICAL ROCKET PERFORMANCE ASSUMING EQUILIBRIUM

           COMPOSITION DURING EXPANSION FROM INFINITE AREA COMBUSTOR

 Pin =     0.2 PSIA
 CASE =                

             REACTANT                    WT FRACTION      ENERGY      TEMP
                                          (SEE NOTE)     KJ/KG-MOL      K  
 FUEL        C2H5OH(L)                    1.0000000   -277526.835    298.000
 OXIDANT     H2O2(L)                      1.0000000   -187793.400    298.000

 O/F=    7.61220  %FUEL= 11.611435  R,EQ.RATIO= 0.800655  PHI,EQ.RATIO= 0.581974

                 CHAMBER   THROAT     EXIT
 Pinf/P            1.0000   1.7165   102.04
 P, BAR           0.01500  0.00874  0.00015
 T, K             2198.19  2105.88  1202.51
 RHO, KG/CU M    1.8021-3 1.1061-3 3.3398-5
 H, KJ/KG        -5579.39 -6017.63 -8546.77
 U, KJ/KG        -6411.74 -6807.64 -8986.89
 G, KJ/KG        -37079.0 -36194.4 -25778.5
 S, KJ/(KG)(K)    14.3298  14.3298  14.3298

 M, (1/n)          21.958   22.163   22.717
 (dLV/dLP)t      -1.01490 -1.01080 -1.00001
 (dLV/dLT)p        1.4305   1.3274   1.0004
 Cp, KJ/(KG)(K)    7.0552   6.0382   1.9587
 GAMMAs            1.1049   1.1095   1.2300
 SON VEL,M/SEC      959.0    936.2    735.8
 MACH NUMBER        0.000    1.000    3.311

 TRANSPORT PROPERTIES (GASES ONLY)
   CONDUCTIVITY IN UNITS OF MILLIWATTS/(CM)(K)

 VISC,MILLIPOISE  0.81904  0.79474  0.51261

  WITH EQUILIBRIUM REACTIONS

 Cp, KJ/(KG)(K)    7.0552   6.0382   1.9587
 CONDUCTIVITY     12.4295   9.9942   1.2027
 PRANDTL NUMBER    0.4649   0.4802   0.8348

  WITH FROZEN REACTIONS

 Cp, KJ/(KG)(K)    2.2936   2.2720   1.9499
 CONDUCTIVITY      2.4836   2.3651   1.1951
 PRANDTL NUMBER    0.7564   0.7635   0.8363

 PERFORMANCE PARAMETERS

 Ae/At                      1.0000   12.728
 CSTAR, M/SEC               1448.5   1448.5
 CF                         0.6464   1.6819
 Ivac, M/SEC                1780.1   2616.8
 Isp, M/SEC                  936.2   2436.1


 MOLE FRACTIONS

 *CO              0.01341  0.00953  0.00000
 *CO2             0.09728  0.10220  0.11451
 *H               0.00616  0.00401  0.00000
 *H2              0.01823  0.01342  0.00000
 H2O              0.69703  0.71370  0.76204
 *O               0.00767  0.00543  0.00000
 *OH              0.03657  0.02878  0.00008
 *O2              0.12364  0.12294  0.12336

  * THERMODYNAMIC PROPERTIES FITTED TO 20000.K

    PRODUCTS WHICH WERE CONSIDERED BUT WHOSE MOLE FRACTIONS
    WERE LESS THAN 5.000000E-06 FOR ALL ASSIGNED CONDITIONS

 *C              *CH             CH2             CH3             CH2OH          
 CH3O            CH4             CH3OH           CH3OOH          COOH           
 *C2             C2H             C2H2,acetylene  C2H2,vinylidene CH2CO,ketene   
 O(CH)2O         HO(CO)2OH       C2H3,vinyl      CH3CO,acetyl    C2H4           
 C2H4O,ethylen-o CH3CHO,ethanal  CH3COOH         OHCH2COOH       C2H5           
 C2H6            C2H5OH          CH3OCH3         CH3O2CH3        C2O            
 *C3             C3H3,1-propynl  C3H3,2-propynl  C3H4,allene     C3H4,propyne   
 C3H4,cyclo-     C3H5,allyl      C3H6,propylene  C3H6,cyclo-     C3H6O,propylox 
 C3H6O,acetone   C3H6O,propanal  C3H7,n-propyl   C3H7,i-propyl   C3H8           
 C3H8O,1propanol C3H8O,2propanol C3O2            *C4             C4H2,butadiyne 
 C4H4,1,3-cyclo- C4H6,butadiene  C4H6,1butyne    C4H6,2butyne    C4H6,cyclo-    
 C4H8,1-butene   C4H8,cis2-buten C4H8,tr2-butene C4H8,isobutene  C4H8,cyclo-    
 (CH3COOH)2      C4H9,n-butyl    C4H9,i-butyl    C4H9,s-butyl    C4H9,t-butyl   
 C4H10,n-butane  C4H10,isobutane *C5             C5H6,1,3cyclo-  C5H8,cyclo-    
 C5H10,1-pentene C5H10,cyclo-    C5H11,pentyl    C5H11,t-pentyl  C5H12,n-pentane
 C5H12,i-pentane CH3C(CH3)2CH3   C6H2            C6H5,phenyl     C6H5O,phenoxy  
 C6H6            C6H5OH,phenol   C6H10,cyclo-    C6H12,1-hexene  C6H12,cyclo-   
 C6H13,n-hexyl   C6H14,n-hexane  C7H7,benzyl     C7H8            C7H8O,cresol-mx
 C7H14,1-heptene C7H15,n-heptyl  C7H16,n-heptane C7H16,2-methylh C8H8,styrene   
 C8H10,ethylbenz C8H16,1-octene  C8H17,n-octyl   C8H18,n-octane  C8H18,isooctane
 C9H19,n-nonyl   C10H8,naphthale C10H21,n-decyl  C12H9,o-bipheny C12H10,biphenyl
 HCO             HCCO            HO2             HCHO,formaldehy HCOOH          
 H2O2            (HCOOH)2        O3              C(gr)           H2O(cr)        
 H2O(L)         

 NOTE. WEIGHT FRACTION OF FUEL IN TOTAL FUELS AND OF OXIDANT IN TOTAL OXIDANTS






 O/F =   7.795900

                       EFFECTIVE FUEL     EFFECTIVE OXIDANT        MIXTURE
 ENTHALPY                  h(2)/R              h(1)/R               h0/R
 (KG-MOL)(K)/KG       -0.72454409E+03     -0.66401406E+03     -0.67089568E+03

 KG-FORM.WT./KG             bi(2)               bi(1)               b0i
  *C                   0.43413669E-01      0.00000000E+00      0.49356710E-02
  *H                   0.13024101E+00      0.58798142E-01      0.66920434E-01
  *O                   0.21706834E-01      0.58798142E-01      0.54581256E-01

 POINT ITN      T            C           H           O 
   1    3    2191.155     -24.995     -14.017     -17.678
 Pinf/Pt = 1.713961
   2    4    2097.865     -25.817     -14.375     -17.870
 Pinf/Pt = 1.717452
   2    2    2097.506     -25.820     -14.377     -17.871
   3    5    1185.543     -42.092     -20.044     -18.967





              THEORETICAL ROCKET PERFORMANCE ASSUMING EQUILIBRIUM

           COMPOSITION DURING EXPANSION FROM INFINITE AREA COMBUSTOR

 Pin =     0.2 PSIA
 CASE =                

             REACTANT                    WT FRACTION      ENERGY      TEMP
                                          (SEE NOTE)     KJ/KG-MOL      K  
 FUEL        C2H5OH(L)                    1.0000000   -277526.835    298.000
 OXIDANT     H2O2(L)                      1.0000000   -187793.400    298.000

 O/F=    7.79590  %FUEL= 11.368933  R,EQ.RATIO= 0.793891  PHI,EQ.RATIO= 0.568261

                 CHAMBER   THROAT     EXIT
 Pinf/P            1.0000   1.7175   102.04
 P, BAR           0.01500  0.00873  0.00015
 T, K             2191.15  2097.51  1185.54
 RHO, KG/CU M    1.8108-3 1.1115-3 3.3875-5
 H, KJ/KG        -5578.17 -6014.63 -8519.41
 U, KJ/KG        -6406.51 -6800.37 -8953.34
 G, KJ/KG        -36915.1 -36012.2 -25474.5
 S, KJ/(KG)(K)    14.3015  14.3015  14.3015

 M, (1/n)          21.994   22.195   22.716
 (dLV/dLP)t      -1.01416 -1.01012 -1.00000
 (dLV/dLT)p        1.4108   1.3085   1.0003
 Cp, KJ/(KG)(K)    6.8459   5.8300   1.9461
 GAMMAs            1.1059   1.1110   1.2318
 SON VEL,M/SEC      957.1    934.3    731.1
 MACH NUMBER        0.000    1.000    3.317

 TRANSPORT PROPERTIES (GASES ONLY)
   CONDUCTIVITY IN UNITS OF MILLIWATTS/(CM)(K)

 VISC,MILLIPOISE  0.81682  0.79204  0.50636

  WITH EQUILIBRIUM REACTIONS

 Cp, KJ/(KG)(K)    6.8459   5.8300   1.9461
 CONDUCTIVITY     11.9814   9.5482   1.1780
 PRANDTL NUMBER    0.4667   0.4836   0.8365

  WITH FROZEN REACTIONS

 Cp, KJ/(KG)(K)    2.2886   2.2665   1.9389
 CONDUCTIVITY      2.4694   2.3494   1.1720
 PRANDTL NUMBER    0.7570   0.7641   0.8377

 PERFORMANCE PARAMETERS

 Ae/At                      1.0000   12.640
 CSTAR, M/SEC               1444.4   1444.4
 CF                         0.6469   1.6792
 Ivac, M/SEC                1775.3   2604.3
 Isp, M/SEC                  934.3   2425.4


 MOLE FRACTIONS

 *CO              0.01244  0.00869  0.00000
 *CO2             0.09611  0.10086  0.11212
 *H               0.00575  0.00368  0.00000
 *H2              0.01721  0.01249  0.00000
 H2O              0.69791  0.71434  0.76005
 *O               0.00744  0.00520  0.00000
 *OH              0.03584  0.02798  0.00007
 *O2              0.12729  0.12676  0.12776

  * THERMODYNAMIC PROPERTIES FITTED TO 20000.K

    PRODUCTS WHICH WERE CONSIDERED BUT WHOSE MOLE FRACTIONS
    WERE LESS THAN 5.000000E-06 FOR ALL ASSIGNED CONDITIONS

 *C              *CH             CH2             CH3             CH2OH          
 CH3O            CH4             CH3OH           CH3OOH          COOH           
 *C2             C2H             C2H2,acetylene  C2H2,vinylidene CH2CO,ketene   
 O(CH)2O         HO(CO)2OH       C2H3,vinyl      CH3CO,acetyl    C2H4           
 C2H4O,ethylen-o CH3CHO,ethanal  CH3COOH         OHCH2COOH       C2H5           
 C2H6            C2H5OH          CH3OCH3         CH3O2CH3        C2O            
 *C3             C3H3,1-propynl  C3H3,2-propynl  C3H4,allene     C3H4,propyne   
 C3H4,cyclo-     C3H5,allyl      C3H6,propylene  C3H6,cyclo-     C3H6O,propylox 
 C3H6O,acetone   C3H6O,propanal  C3H7,n-propyl   C3H7,i-propyl   C3H8           
 C3H8O,1propanol C3H8O,2propanol C3O2            *C4             C4H2,butadiyne 
 C4H4,1,3-cyclo- C4H6,butadiene  C4H6,1butyne    C4H6,2butyne    C4H6,cyclo-    
 C4H8,1-butene   C4H8,cis2-buten C4H8,tr2-butene C4H8,isobutene  C4H8,cyclo-    
 (CH3COOH)2      C4H9,n-butyl    C4H9,i-butyl    C4H9,s-butyl    C4H9,t-butyl   
 C4H10,n-butane  C4H10,isobutane *C5             C5H6,1,3cyclo-  C5H8,cyclo-    
 C5H10,1-pentene C5H10,cyclo-    C5H11,pentyl    C5H11,t-pentyl  C5H12,n-pentane
 C5H12,i-pentane CH3C(CH3)2CH3   C6H2            C6H5,phenyl     C6H5O,phenoxy  
 C6H6            C6H5OH,phenol   C6H10,cyclo-    C6H12,1-hexene  C6H12,cyclo-   
 C6H13,n-hexyl   C6H14,n-hexane  C7H7,benzyl     C7H8            C7H8O,cresol-mx
 C7H14,1-heptene C7H15,n-heptyl  C7H16,n-heptane C7H16,2-methylh C8H8,styrene   
 C8H10,ethylbenz C8H16,1-octene  C8H17,n-octyl   C8H18,n-octane  C8H18,isooctane
 C9H19,n-nonyl   C10H8,naphthale C10H21,n-decyl  C12H9,o-bipheny C12H10,biphenyl
 HCO             HCCO            HO2             HCHO,formaldehy HCOOH          
 H2O2            (HCOOH)2        O3              C(gr)           H2O(cr)        
 H2O(L)         

 NOTE. WEIGHT FRACTION OF FUEL IN TOTAL FUELS AND OF OXIDANT IN TOTAL OXIDANTS






 O/F =   7.979600

                       EFFECTIVE FUEL     EFFECTIVE OXIDANT        MIXTURE
 ENTHALPY                  h(2)/R              h(1)/R               h0/R
 (KG-MOL)(K)/KG       -0.72454409E+03     -0.66401406E+03     -0.67075490E+03

 KG-FORM.WT./KG             bi(2)               bi(1)               b0i
  *C                   0.43413669E-01      0.00000000E+00      0.48346996E-02
  *H                   0.13024101E+00      0.58798142E-01      0.66754272E-01
  *O                   0.21706834E-01      0.58798142E-01      0.54667523E-01

 POINT ITN      T            C           H           O 
   1    3    2184.118     -25.098     -14.040     -17.658
 Pinf/Pt = 1.714602
   2    4    2089.510     -25.942     -14.404     -17.849
 Pinf/Pt = 1.718435
   2    2    2089.110     -25.945     -14.406     -17.850
   3    5    1169.333     -42.678     -20.210     -18.930





              THEORETICAL ROCKET PERFORMANCE ASSUMING EQUILIBRIUM

           COMPOSITION DURING EXPANSION FROM INFINITE AREA COMBUSTOR

 Pin =     0.2 PSIA
 CASE =                

             REACTANT                    WT FRACTION      ENERGY      TEMP
                                          (SEE NOTE)     KJ/KG-MOL      K  
 FUEL        C2H5OH(L)                    1.0000000   -277526.835    298.000
 OXIDANT     H2O2(L)                      1.0000000   -187793.400    298.000

 O/F=    7.97960  %FUEL= 11.136354  R,EQ.RATIO= 0.787424  PHI,EQ.RATIO= 0.555179

                 CHAMBER   THROAT     EXIT
 Pinf/P            1.0000   1.7184   102.04
 P, BAR           0.01500  0.00873  0.00015
 T, K             2184.12  2089.11  1169.33
 RHO, KG/CU M    1.8194-3 1.1168-3 3.4344-5
 H, KJ/KG        -5577.00 -6011.73 -8492.81
 U, KJ/KG        -6401.42 -6793.26 -8920.82
 G, KJ/KG        -36753.9 -35832.4 -25184.3
 S, KJ/(KG)(K)    14.2743  14.2743  14.2743

 M, (1/n)          22.027   22.225   22.715
 (dLV/dLP)t      -1.01345 -1.00948 -1.00000
 (dLV/dLT)p        1.3921   1.2906   1.0002
 Cp, KJ/(KG)(K)    6.6459   5.6328   1.9342
 GAMMAs            1.1069   1.1125   1.2335
 SON VEL,M/SEC      955.3    932.5    726.6
 MACH NUMBER        0.000    1.000    3.323

 TRANSPORT PROPERTIES (GASES ONLY)
   CONDUCTIVITY IN UNITS OF MILLIWATTS/(CM)(K)

 VISC,MILLIPOISE  0.81459  0.78932  0.50039

  WITH EQUILIBRIUM REACTIONS

 Cp, KJ/(KG)(K)    6.6459   5.6328   1.9342
 CONDUCTIVITY     11.5493   9.1227   1.1549
 PRANDTL NUMBER    0.4687   0.4874   0.8381

  WITH FROZEN REACTIONS

 Cp, KJ/(KG)(K)    2.2836   2.2611   1.9284
 CONDUCTIVITY      2.4555   2.3340   1.1501
 PRANDTL NUMBER    0.7576   0.7647   0.8391

 PERFORMANCE PARAMETERS

 Ae/At                      1.0000   12.557
 CSTAR, M/SEC               1440.3   1440.3
 CF                         0.6474   1.6766
 Ivac, M/SEC                1770.6   2592.1
 Isp, M/SEC                  932.4   2414.9


 MOLE FRACTIONS

 *CO              0.01154  0.00793  0.00000
 *CO2             0.09495  0.09952  0.10982
 *H               0.00537  0.00337  0.00000
 *H2              0.01626  0.01163  0.00000
 H2O              0.69872  0.71492  0.75815
 *O               0.00721  0.00498  0.00000
 *OH              0.03510  0.02717  0.00005
 *O2              0.13085  0.13048  0.13197

  * THERMODYNAMIC PROPERTIES FITTED TO 20000.K

    PRODUCTS WHICH WERE CONSIDERED BUT WHOSE MOLE FRACTIONS
    WERE LESS THAN 5.000000E-06 FOR ALL ASSIGNED CONDITIONS

 *C              *CH             CH2             CH3             CH2OH          
 CH3O            CH4             CH3OH           CH3OOH          COOH           
 *C2             C2H             C2H2,acetylene  C2H2,vinylidene CH2CO,ketene   
 O(CH)2O         HO(CO)2OH       C2H3,vinyl      CH3CO,acetyl    C2H4           
 C2H4O,ethylen-o CH3CHO,ethanal  CH3COOH         OHCH2COOH       C2H5           
 C2H6            C2H5OH          CH3OCH3         CH3O2CH3        C2O            
 *C3             C3H3,1-propynl  C3H3,2-propynl  C3H4,allene     C3H4,propyne   
 C3H4,cyclo-     C3H5,allyl      C3H6,propylene  C3H6,cyclo-     C3H6O,propylox 
 C3H6O,acetone   C3H6O,propanal  C3H7,n-propyl   C3H7,i-propyl   C3H8           
 C3H8O,1propanol C3H8O,2propanol C3O2            *C4             C4H2,butadiyne 
 C4H4,1,3-cyclo- C4H6,butadiene  C4H6,1butyne    C4H6,2butyne    C4H6,cyclo-    
 C4H8,1-butene   C4H8,cis2-buten C4H8,tr2-butene C4H8,isobutene  C4H8,cyclo-    
 (CH3COOH)2      C4H9,n-butyl    C4H9,i-butyl    C4H9,s-butyl    C4H9,t-butyl   
 C4H10,n-butane  C4H10,isobutane *C5             C5H6,1,3cyclo-  C5H8,cyclo-    
 C5H10,1-pentene C5H10,cyclo-    C5H11,pentyl    C5H11,t-pentyl  C5H12,n-pentane
 C5H12,i-pentane CH3C(CH3)2CH3   C6H2            C6H5,phenyl     C6H5O,phenoxy  
 C6H6            C6H5OH,phenol   C6H10,cyclo-    C6H12,1-hexene  C6H12,cyclo-   
 C6H13,n-hexyl   C6H14,n-hexane  C7H7,benzyl     C7H8            C7H8O,cresol-mx
 C7H14,1-heptene C7H15,n-heptyl  C7H16,n-heptane C7H16,2-methylh C8H8,styrene   
 C8H10,ethylbenz C8H16,1-octene  C8H17,n-octyl   C8H18,n-octane  C8H18,isooctane
 C9H19,n-nonyl   C10H8,naphthale C10H21,n-decyl  C12H9,o-bipheny C12H10,biphenyl
 HCO             HCCO            HO2             HCHO,formaldehy HCOOH          
 H2O2            (HCOOH)2        O3              C(gr)           H2O(cr)        
 H2O(L)         

 NOTE. WEIGHT FRACTION OF FUEL IN TOTAL FUELS AND OF OXIDANT IN TOTAL OXIDANTS






 O/F =   8.163300

                       EFFECTIVE FUEL     EFFECTIVE OXIDANT        MIXTURE
 ENTHALPY                  h(2)/R              h(1)/R               h0/R
 (KG-MOL)(K)/KG       -0.72454409E+03     -0.66401406E+03     -0.67061976E+03

 KG-FORM.WT./KG             bi(2)               bi(1)               b0i
  *C                   0.43413669E-01      0.00000000E+00      0.47377767E-02
  *H                   0.13024101E+00      0.58798142E-01      0.66594773E-01
  *O                   0.21706834E-01      0.58798142E-01      0.54750331E-01

 POINT ITN      T            C           H           O 
   1    3    2177.087     -25.200     -14.063     -17.639
 Pinf/Pt = 1.715258
   2    4    2081.140     -26.066     -14.434     -17.828
 Pinf/Pt = 1.719443
   2    2    2080.697     -26.070     -14.435     -17.829
   3    5    1153.834     -43.253     -20.373     -18.896





              THEORETICAL ROCKET PERFORMANCE ASSUMING EQUILIBRIUM

           COMPOSITION DURING EXPANSION FROM INFINITE AREA COMBUSTOR

 Pin =     0.2 PSIA
 CASE =                

             REACTANT                    WT FRACTION      ENERGY      TEMP
                                          (SEE NOTE)     KJ/KG-MOL      K  
 FUEL        C2H5OH(L)                    1.0000000   -277526.835    298.000
 OXIDANT     H2O2(L)                      1.0000000   -187793.400    298.000

 O/F=    8.16330  %FUEL= 10.913099  R,EQ.RATIO= 0.781236  PHI,EQ.RATIO= 0.542686

                 CHAMBER   THROAT     EXIT
 Pinf/P            1.0000   1.7194   102.04
 P, BAR           0.01500  0.00872  0.00015
 T, K             2177.09  2080.70  1153.83
 RHO, KG/CU M    1.8279-3 1.1221-3 3.4804-5
 H, KJ/KG        -5575.87 -6008.92 -8466.93
 U, KJ/KG        -6396.46 -6786.33 -8889.28
 G, KJ/KG        -36595.3 -35654.9 -24906.9
 S, KJ/(KG)(K)    14.2481  14.2481  14.2481

 M, (1/n)          22.059   22.253   22.715
 (dLV/dLP)t      -1.01278 -1.00888 -1.00000
 (dLV/dLT)p        1.3741   1.2737   1.0002
 Cp, KJ/(KG)(K)    6.4549   5.4460   1.9231
 GAMMAs            1.1080   1.1141   1.2352
 SON VEL,M/SEC      953.5    930.7    722.3
 MACH NUMBER        0.000    1.000    3.329

 TRANSPORT PROPERTIES (GASES ONLY)
   CONDUCTIVITY IN UNITS OF MILLIWATTS/(CM)(K)

 VISC,MILLIPOISE  0.81235  0.78659  0.49467

  WITH EQUILIBRIUM REACTIONS

 Cp, KJ/(KG)(K)    6.4549   5.4460   1.9231
 CONDUCTIVITY     11.1332   8.7176   1.1331
 PRANDTL NUMBER    0.4710   0.4914   0.8396

  WITH FROZEN REACTIONS

 Cp, KJ/(KG)(K)    2.2788   2.2557   1.9183
 CONDUCTIVITY      2.4418   2.3188   1.1292
 PRANDTL NUMBER    0.7581   0.7652   0.8403

 PERFORMANCE PARAMETERS

 Ae/At                      1.0000   12.478
 CSTAR, M/SEC               1436.3   1436.3
 CF                         0.6479   1.6741
 Ivac, M/SEC                1766.0   2580.2
 Isp, M/SEC                  930.6   2404.6


 MOLE FRACTIONS

 *CO              0.01071  0.00724  0.00000
 *CO2             0.09380  0.09819  0.10762
 *H               0.00501  0.00308  0.00000
 *H2              0.01536  0.01083  0.00000
 H2O              0.69947  0.71542  0.75632
 *O               0.00698  0.00476  0.00000
 *OH              0.03435  0.02637  0.00004
 *O2              0.13431  0.13410  0.13602

  * THERMODYNAMIC PROPERTIES FITTED TO 20000.K

    PRODUCTS WHICH WERE CONSIDERED BUT WHOSE MOLE FRACTIONS
    WERE LESS THAN 5.000000E-06 FOR ALL ASSIGNED CONDITIONS

 *C              *CH             CH2             CH3             CH2OH          
 CH3O            CH4             CH3OH           CH3OOH          COOH           
 *C2             C2H             C2H2,acetylene  C2H2,vinylidene CH2CO,ketene   
 O(CH)2O         HO(CO)2OH       C2H3,vinyl      CH3CO,acetyl    C2H4           
 C2H4O,ethylen-o CH3CHO,ethanal  CH3COOH         OHCH2COOH       C2H5           
 C2H6            C2H5OH          CH3OCH3         CH3O2CH3        C2O            
 *C3             C3H3,1-propynl  C3H3,2-propynl  C3H4,allene     C3H4,propyne   
 C3H4,cyclo-     C3H5,allyl      C3H6,propylene  C3H6,cyclo-     C3H6O,propylox 
 C3H6O,acetone   C3H6O,propanal  C3H7,n-propyl   C3H7,i-propyl   C3H8           
 C3H8O,1propanol C3H8O,2propanol C3O2            *C4             C4H2,butadiyne 
 C4H4,1,3-cyclo- C4H6,butadiene  C4H6,1butyne    C4H6,2butyne    C4H6,cyclo-    
 C4H8,1-butene   C4H8,cis2-buten C4H8,tr2-butene C4H8,isobutene  C4H8,cyclo-    
 (CH3COOH)2      C4H9,n-butyl    C4H9,i-butyl    C4H9,s-butyl    C4H9,t-butyl   
 C4H10,n-butane  C4H10,isobutane *C5             C5H6,1,3cyclo-  C5H8,cyclo-    
 C5H10,1-pentene C5H10,cyclo-    C5H11,pentyl    C5H11,t-pentyl  C5H12,n-pentane
 C5H12,i-pentane CH3C(CH3)2CH3   C6H2            C6H5,phenyl     C6H5O,phenoxy  
 C6H6            C6H5OH,phenol   C6H10,cyclo-    C6H12,1-hexene  C6H12,cyclo-   
 C6H13,n-hexyl   C6H14,n-hexane  C7H7,benzyl     C7H8            C7H8O,cresol-mx
 C7H14,1-heptene C7H15,n-heptyl  C7H16,n-heptane C7H16,2-methylh C8H8,styrene   
 C8H10,ethylbenz C8H16,1-octene  C8H17,n-octyl   C8H18,n-octane  C8H18,isooctane
 C9H19,n-nonyl   C10H8,naphthale C10H21,n-decyl  C12H9,o-bipheny C12H10,biphenyl
 HCO             HCCO            HO2             HCHO,formaldehy HCOOH          
 H2O2            (HCOOH)2        O3              C(gr)           H2O(cr)        
 H2O(L)         

 NOTE. WEIGHT FRACTION OF FUEL IN TOTAL FUELS AND OF OXIDANT IN TOTAL OXIDANTS






 O/F =   8.346900

                       EFFECTIVE FUEL     EFFECTIVE OXIDANT        MIXTURE
 ENTHALPY                  h(2)/R              h(1)/R               h0/R
 (KG-MOL)(K)/KG       -0.72454409E+03     -0.66401406E+03     -0.67049001E+03

 KG-FORM.WT./KG             bi(2)               bi(1)               b0i
  *C                   0.43413669E-01      0.00000000E+00      0.46447131E-02
  *H                   0.13024101E+00      0.58798142E-01      0.66441625E-01
  *O                   0.21706834E-01      0.58798142E-01      0.54829842E-01

 POINT ITN      T            C           H           O 
   1    3    2170.070     -25.301     -14.086     -17.621
 Pinf/Pt = 1.715929
   2    4    2072.767     -26.189     -14.463     -17.808
 Pinf/Pt = 1.720474
   2    2    2072.279     -26.194     -14.465     -17.809
   3    5    1139.009     -43.817     -20.533     -18.863





              THEORETICAL ROCKET PERFORMANCE ASSUMING EQUILIBRIUM

           COMPOSITION DURING EXPANSION FROM INFINITE AREA COMBUSTOR

 Pin =     0.2 PSIA
 CASE =                

             REACTANT                    WT FRACTION      ENERGY      TEMP
                                          (SEE NOTE)     KJ/KG-MOL      K  
 FUEL        C2H5OH(L)                    1.0000000   -277526.835    298.000
 OXIDANT     H2O2(L)                      1.0000000   -187793.400    298.000

 O/F=    8.34690  %FUEL= 10.698734  R,EQ.RATIO= 0.775312  PHI,EQ.RATIO= 0.530749

                 CHAMBER   THROAT     EXIT
 Pinf/P            1.0000   1.7205   102.04
 P, BAR           0.01500  0.00872  0.00015
 T, K             2170.07  2072.28  1139.01
 RHO, KG/CU M    1.8363-3 1.1273-3 3.5256-5
 H, KJ/KG        -5574.80 -6006.21 -8441.78
 U, KJ/KG        -6391.62 -6779.55 -8858.72
 G, KJ/KG        -36439.3 -35479.8 -24641.7
 S, KJ/(KG)(K)    14.2228  14.2228  14.2228

 M, (1/n)          22.089   22.280   22.714
 (dLV/dLP)t      -1.01214 -1.00832 -1.00000
 (dLV/dLT)p        1.3571   1.2578   1.0002
 Cp, KJ/(KG)(K)    6.2727   5.2695   1.9126
 GAMMAs            1.1091   1.1157   1.2368
 SON VEL,M/SEC      951.8    928.9    718.1
 MACH NUMBER        0.000    1.000    3.335

 TRANSPORT PROPERTIES (GASES ONLY)
   CONDUCTIVITY IN UNITS OF MILLIWATTS/(CM)(K)

 VISC,MILLIPOISE  0.81011  0.78386  0.48919

  WITH EQUILIBRIUM REACTIONS

 Cp, KJ/(KG)(K)    6.2727   5.2695   1.9126
 CONDUCTIVITY     10.7334   8.3328   1.1126
 PRANDTL NUMBER    0.4734   0.4957   0.8410

  WITH FROZEN REACTIONS

 Cp, KJ/(KG)(K)    2.2740   2.2505   1.9087
 CONDUCTIVITY      2.4283   2.3038   1.1095
 PRANDTL NUMBER    0.7586   0.7657   0.8416

 PERFORMANCE PARAMETERS

 Ae/At                      1.0000   12.404
 CSTAR, M/SEC               1432.4   1432.4
 CF                         0.6485   1.6717
 Ivac, M/SEC                1761.4   2568.7
 Isp, M/SEC                  928.9   2394.6


 MOLE FRACTIONS

 *CO              0.00995  0.00661  0.00000
 *CO2             0.09265  0.09687  0.10550
 *H               0.00468  0.00282  0.00000
 *H2              0.01452  0.01009  0.00000
 H2O              0.70016  0.71587  0.75456
 *O               0.00675  0.00454  0.00000
 *OH              0.03360  0.02557  0.00004
 *O2              0.13769  0.13763  0.13991

  * THERMODYNAMIC PROPERTIES FITTED TO 20000.K

    PRODUCTS WHICH WERE CONSIDERED BUT WHOSE MOLE FRACTIONS
    WERE LESS THAN 5.000000E-06 FOR ALL ASSIGNED CONDITIONS

 *C              *CH             CH2             CH3             CH2OH          
 CH3O            CH4             CH3OH           CH3OOH          COOH           
 *C2             C2H             C2H2,acetylene  C2H2,vinylidene CH2CO,ketene   
 O(CH)2O         HO(CO)2OH       C2H3,vinyl      CH3CO,acetyl    C2H4           
 C2H4O,ethylen-o CH3CHO,ethanal  CH3COOH         OHCH2COOH       C2H5           
 C2H6            C2H5OH          CH3OCH3         CH3O2CH3        C2O            
 *C3             C3H3,1-propynl  C3H3,2-propynl  C3H4,allene     C3H4,propyne   
 C3H4,cyclo-     C3H5,allyl      C3H6,propylene  C3H6,cyclo-     C3H6O,propylox 
 C3H6O,acetone   C3H6O,propanal  C3H7,n-propyl   C3H7,i-propyl   C3H8           
 C3H8O,1propanol C3H8O,2propanol C3O2            *C4             C4H2,butadiyne 
 C4H4,1,3-cyclo- C4H6,butadiene  C4H6,1butyne    C4H6,2butyne    C4H6,cyclo-    
 C4H8,1-butene   C4H8,cis2-buten C4H8,tr2-butene C4H8,isobutene  C4H8,cyclo-    
 (CH3COOH)2      C4H9,n-butyl    C4H9,i-butyl    C4H9,s-butyl    C4H9,t-butyl   
 C4H10,n-butane  C4H10,isobutane *C5             C5H6,1,3cyclo-  C5H8,cyclo-    
 C5H10,1-pentene C5H10,cyclo-    C5H11,pentyl    C5H11,t-pentyl  C5H12,n-pentane
 C5H12,i-pentane CH3C(CH3)2CH3   C6H2            C6H5,phenyl     C6H5O,phenoxy  
 C6H6            C6H5OH,phenol   C6H10,cyclo-    C6H12,1-hexene  C6H12,cyclo-   
 C6H13,n-hexyl   C6H14,n-hexane  C7H7,benzyl     C7H8            C7H8O,cresol-mx
 C7H14,1-heptene C7H15,n-heptyl  C7H16,n-heptane C7H16,2-methylh C8H8,styrene   
 C8H10,ethylbenz C8H16,1-octene  C8H17,n-octyl   C8H18,n-octane  C8H18,isooctane
 C9H19,n-nonyl   C10H8,naphthale C10H21,n-decyl  C12H9,o-bipheny C12H10,biphenyl
 HCO             HCCO            HO2             HCHO,formaldehy HCOOH          
 H2O2            (HCOOH)2        O3              C(gr)           H2O(cr)        
 H2O(L)         

 NOTE. WEIGHT FRACTION OF FUEL IN TOTAL FUELS AND OF OXIDANT IN TOTAL OXIDANTS






 O/F =   8.530600

                       EFFECTIVE FUEL     EFFECTIVE OXIDANT        MIXTURE
 ENTHALPY                  h(2)/R              h(1)/R               h0/R
 (KG-MOL)(K)/KG       -0.72454409E+03     -0.66401406E+03     -0.67036518E+03

 KG-FORM.WT./KG             bi(2)               bi(1)               b0i
  *C                   0.43413669E-01      0.00000000E+00      0.45551874E-02
  *H                   0.13024101E+00      0.58798142E-01      0.66294298E-01
  *O                   0.21706834E-01      0.58798142E-01      0.54906330E-01

 POINT ITN      T            C           H           O 
   1    3    2163.064     -25.401     -14.109     -17.603
 Pinf/Pt = 1.716614
   2    4    2064.389     -26.312     -14.492     -17.789
 Pinf/Pt = 1.721526
   2    2    2063.853     -26.317     -14.494     -17.790
   3    5    1124.799     -44.370     -20.690     -18.831





              THEORETICAL ROCKET PERFORMANCE ASSUMING EQUILIBRIUM

           COMPOSITION DURING EXPANSION FROM INFINITE AREA COMBUSTOR

 Pin =     0.2 PSIA
 CASE =                

             REACTANT                    WT FRACTION      ENERGY      TEMP
                                          (SEE NOTE)     KJ/KG-MOL      K  
 FUEL        C2H5OH(L)                    1.0000000   -277526.835    298.000
 OXIDANT     H2O2(L)                      1.0000000   -187793.400    298.000

 O/F=    8.53060  %FUEL= 10.492519  R,EQ.RATIO= 0.769629  PHI,EQ.RATIO= 0.519319

                 CHAMBER   THROAT     EXIT
 Pinf/P            1.0000   1.7215   102.04
 P, BAR           0.01500  0.00871  0.00015
 T, K             2163.06  2063.85  1124.80
 RHO, KG/CU M    1.8446-3 1.1325-3 3.5700-5
 H, KJ/KG        -5573.76 -6003.57 -8417.31
 U, KJ/KG        -6386.90 -6772.92 -8829.05
 G, KJ/KG        -36285.7 -35306.9 -24387.6
 S, KJ/(KG)(K)    14.1983  14.1983  14.1983

 M, (1/n)          22.118   22.304   22.713
 (dLV/dLP)t      -1.01154 -1.00779 -1.00000
 (dLV/dLT)p        1.3408   1.2428   1.0001
 Cp, KJ/(KG)(K)    6.0987   5.1024   1.9026
 GAMMAs            1.1102   1.1174   1.2383
 SON VEL,M/SEC      950.1    927.2    714.1
 MACH NUMBER        0.000    1.000    3.340

 TRANSPORT PROPERTIES (GASES ONLY)
   CONDUCTIVITY IN UNITS OF MILLIWATTS/(CM)(K)

 VISC,MILLIPOISE  0.80787  0.78112  0.48393

  WITH EQUILIBRIUM REACTIONS

 Cp, KJ/(KG)(K)    6.0987   5.1024   1.9026
 CONDUCTIVITY     10.3493   7.9674   1.0932
 PRANDTL NUMBER    0.4761   0.5002   0.8423

  WITH FROZEN REACTIONS

 Cp, KJ/(KG)(K)    2.2694   2.2454   1.8994
 CONDUCTIVITY      2.4151   2.2890   1.0906
 PRANDTL NUMBER    0.7591   0.7663   0.8428

 PERFORMANCE PARAMETERS

 Ae/At                      1.0000   12.333
 CSTAR, M/SEC               1428.5   1428.5
 CF                         0.6490   1.6694
 Ivac, M/SEC                1757.0   2557.4
 Isp, M/SEC                  927.2   2384.8


 MOLE FRACTIONS

 *CO              0.00924  0.00603  0.00000
 *CO2             0.09151  0.09557  0.10346
 *H               0.00436  0.00258  0.00000
 *H2              0.01373  0.00940  0.00000
 H2O              0.70079  0.71625  0.75287
 *O               0.00653  0.00433  0.00000
 *OH              0.03286  0.02477  0.00003
 *O2              0.14097  0.14106  0.14364

  * THERMODYNAMIC PROPERTIES FITTED TO 20000.K

    PRODUCTS WHICH WERE CONSIDERED BUT WHOSE MOLE FRACTIONS
    WERE LESS THAN 5.000000E-06 FOR ALL ASSIGNED CONDITIONS

 *C              *CH             CH2             CH3             CH2OH          
 CH3O            CH4             CH3OH           CH3OOH          COOH           
 *C2             C2H             C2H2,acetylene  C2H2,vinylidene CH2CO,ketene   
 O(CH)2O         HO(CO)2OH       C2H3,vinyl      CH3CO,acetyl    C2H4           
 C2H4O,ethylen-o CH3CHO,ethanal  CH3COOH         OHCH2COOH       C2H5           
 C2H6            C2H5OH          CH3OCH3         CH3O2CH3        C2O            
 *C3             C3H3,1-propynl  C3H3,2-propynl  C3H4,allene     C3H4,propyne   
 C3H4,cyclo-     C3H5,allyl      C3H6,propylene  C3H6,cyclo-     C3H6O,propylox 
 C3H6O,acetone   C3H6O,propanal  C3H7,n-propyl   C3H7,i-propyl   C3H8           
 C3H8O,1propanol C3H8O,2propanol C3O2            *C4             C4H2,butadiyne 
 C4H4,1,3-cyclo- C4H6,butadiene  C4H6,1butyne    C4H6,2butyne    C4H6,cyclo-    
 C4H8,1-butene   C4H8,cis2-buten C4H8,tr2-butene C4H8,isobutene  C4H8,cyclo-    
 (CH3COOH)2      C4H9,n-butyl    C4H9,i-butyl    C4H9,s-butyl    C4H9,t-butyl   
 C4H10,n-butane  C4H10,isobutane *C5             C5H6,1,3cyclo-  C5H8,cyclo-    
 C5H10,1-pentene C5H10,cyclo-    C5H11,pentyl    C5H11,t-pentyl  C5H12,n-pentane
 C5H12,i-pentane CH3C(CH3)2CH3   C6H2            C6H5,phenyl     C6H5O,phenoxy  
 C6H6            C6H5OH,phenol   C6H10,cyclo-    C6H12,1-hexene  C6H12,cyclo-   
 C6H13,n-hexyl   C6H14,n-hexane  C7H7,benzyl     C7H8            C7H8O,cresol-mx
 C7H14,1-heptene C7H15,n-heptyl  C7H16,n-heptane C7H16,2-methylh C8H8,styrene   
 C8H10,ethylbenz C8H16,1-octene  C8H17,n-octyl   C8H18,n-octane  C8H18,isooctane
 C9H19,n-nonyl   C10H8,naphthale C10H21,n-decyl  C12H9,o-bipheny C12H10,biphenyl
 HCO             HCCO            HO2             HCHO,formaldehy HCOOH          
 H2O2            (HCOOH)2        O3              C(gr)           H2O(cr)        
 H2O(L)         

 NOTE. WEIGHT FRACTION OF FUEL IN TOTAL FUELS AND OF OXIDANT IN TOTAL OXIDANTS



